<?xml version="1.0" ?>
<!DOCTYPE coverage SYSTEM "http://cobertura.sourceforge.net/xml/coverage-04.dtd">
<coverage lines-valid="1755" lines-covered="1028" line-rate="0.5857" branches-valid="753" branches-covered="342" branch-rate="0.45409999999999995" timestamp="1708540574384" complexity="0" version="0.1">
  <sources>
    <source>/Users/runner/work/dumlj-build/dumlj-build</source>
  </sources>
  <packages>
    <package name="@cli.seed-cli.src" line-rate="0" branch-rate="0">
      <classes>
        <class name="enhance.ts" filename="@cli/seed-cli/src/enhance.ts" line-rate="0" branch-rate="0">
          <methods>
            <method name="registerEnhancer" hits="0" signature="()V">
              <lines>
                <line number="8" hits="0"/>
              </lines>
            </method>
            <method name="mapEnhancersToCommand" hits="0" signature="()V">
              <lines>
                <line number="12" hits="0"/>
              </lines>
            </method>
            <method name="(anonymous_2)" hits="0" signature="()V">
              <lines>
                <line number="18" hits="0"/>
              </lines>
            </method>
            <method name="concatEnhancers" hits="0" signature="()V">
              <lines>
                <line number="28" hits="0"/>
              </lines>
            </method>
            <method name="mapEnhancersToCommand" hits="0" signature="()V">
              <lines>
                <line number="29" hits="0"/>
              </lines>
            </method>
          </methods>
          <lines>
            <line number="8" hits="0" branch="false"/>
            <line number="12" hits="0" branch="false"/>
            <line number="13" hits="0" branch="true" condition-coverage="0% (0/1)"/>
            <line number="14" hits="0" branch="false"/>
            <line number="17" hits="0" branch="false"/>
            <line number="18" hits="0" branch="false"/>
            <line number="19" hits="0" branch="false"/>
            <line number="22" hits="0" branch="false"/>
            <line number="28" hits="0" branch="false"/>
            <line number="29" hits="0" branch="false"/>
            <line number="30" hits="0" branch="false"/>
            <line number="31" hits="0" branch="false"/>
            <line number="32" hits="0" branch="false"/>
            <line number="33" hits="0" branch="true" condition-coverage="0% (0/2)"/>
            <line number="36" hits="0" branch="false"/>
          </lines>
        </class>
        <class name="execute.ts" filename="@cli/seed-cli/src/execute.ts" line-rate="0" branch-rate="0">
          <methods>
            <method name="findCommandFiles" hits="0" signature="()V">
              <lines>
                <line number="12" hits="0"/>
              </lines>
            </method>
            <method name="(anonymous_1)" hits="0" signature="()V">
              <lines>
                <line number="14" hits="0"/>
              </lines>
            </method>
            <method name="findCommandModule" hits="0" signature="()V">
              <lines>
                <line number="28" hits="0"/>
              </lines>
            </method>
            <method name="(anonymous_3)" hits="0" signature="()V">
              <lines>
                <line number="34" hits="0"/>
              </lines>
            </method>
            <method name="(anonymous_4)" hits="0" signature="()V">
              <lines>
                <line number="52" hits="0"/>
              </lines>
            </method>
            <method name="(anonymous_5)" hits="0" signature="()V">
              <lines>
                <line number="52" hits="0"/>
              </lines>
            </method>
            <method name="(anonymous_6)" hits="0" signature="()V">
              <lines>
                <line number="52" hits="0"/>
              </lines>
            </method>
            <method name="execute" hits="0" signature="()V">
              <lines>
                <line number="55" hits="0"/>
              </lines>
            </method>
            <method name="(anonymous_8)" hits="0" signature="()V">
              <lines>
                <line number="58" hits="0"/>
              </lines>
            </method>
          </methods>
          <lines>
            <line number="1" hits="0" branch="false"/>
            <line number="2" hits="0" branch="false"/>
            <line number="3" hits="0" branch="false"/>
            <line number="4" hits="0" branch="false"/>
            <line number="5" hits="0" branch="false"/>
            <line number="13" hits="0" branch="false"/>
            <line number="14" hits="0" branch="false"/>
            <line number="15" hits="0" branch="false"/>
            <line number="16" hits="0" branch="false"/>
            <line number="17" hits="0" branch="true" condition-coverage="0% (0/3)"/>
            <line number="18" hits="0" branch="false"/>
            <line number="21" hits="0" branch="false"/>
            <line number="25" hits="0" branch="false"/>
            <line number="29" hits="0" branch="true" condition-coverage="0% (0/4)"/>
            <line number="30" hits="0" branch="false"/>
            <line number="31" hits="0" branch="false"/>
            <line number="32" hits="0" branch="false"/>
            <line number="35" hits="0" branch="false"/>
            <line number="36" hits="0" branch="false"/>
            <line number="37" hits="0" branch="true" condition-coverage="0% (0/1)"/>
            <line number="38" hits="0" branch="false"/>
            <line number="41" hits="0" branch="false"/>
            <line number="42" hits="0" branch="true" condition-coverage="0% (0/1)"/>
            <line number="43" hits="0" branch="false"/>
            <line number="46" hits="0" branch="false"/>
            <line number="52" hits="0" branch="false"/>
            <line number="55" hits="0" branch="false"/>
            <line number="56" hits="0" branch="false"/>
            <line number="57" hits="0" branch="false"/>
            <line number="58" hits="0" branch="false"/>
            <line number="59" hits="0" branch="true" condition-coverage="0% (0/1)"/>
            <line number="60" hits="0" branch="false"/>
            <line number="63" hits="0" branch="false"/>
            <line number="64" hits="0" branch="true" condition-coverage="0% (0/1)"/>
            <line number="65" hits="0" branch="false"/>
            <line number="68" hits="0" branch="false"/>
            <line number="69" hits="0" branch="false"/>
            <line number="72" hits="0" branch="true" condition-coverage="0% (0/1)"/>
            <line number="73" hits="0" branch="false"/>
            <line number="74" hits="0" branch="false"/>
            <line number="77" hits="0" branch="false"/>
          </lines>
        </class>
        <class name="index.ts" filename="@cli/seed-cli/src/index.ts" line-rate="0" branch-rate="1">
          <methods>
          </methods>
          <lines>
            <line number="1" hits="0" branch="false"/>
            <line number="2" hits="0" branch="false"/>
            <line number="3" hits="0" branch="false"/>
            <line number="4" hits="0" branch="false"/>
            <line number="5" hits="0" branch="false"/>
            <line number="6" hits="0" branch="false"/>
          </lines>
        </class>
        <class name="monitorToDevelop.ts" filename="@cli/seed-cli/src/monitorToDevelop.ts" line-rate="0" branch-rate="0">
          <methods>
            <method name="(anonymous_0)" hits="0" signature="()V">
              <lines>
                <line number="18" hits="0"/>
              </lines>
            </method>
            <method name="(anonymous_1)" hits="0" signature="()V">
              <lines>
                <line number="46" hits="0"/>
              </lines>
            </method>
            <method name="(anonymous_2)" hits="0" signature="()V">
              <lines>
                <line number="50" hits="0"/>
              </lines>
            </method>
            <method name="(anonymous_3)" hits="0" signature="()V">
              <lines>
                <line number="53" hits="0"/>
              </lines>
            </method>
          </methods>
          <lines>
            <line number="1" hits="0" branch="false"/>
            <line number="3" hits="0" branch="false"/>
            <line number="4" hits="0" branch="false"/>
            <line number="5" hits="0" branch="false"/>
            <line number="6" hits="0" branch="false"/>
            <line number="18" hits="0" branch="false"/>
            <line number="19" hits="0" branch="false"/>
            <line number="20" hits="0" branch="false"/>
            <line number="23" hits="0" branch="true" condition-coverage="0% (0/1)"/>
            <line number="24" hits="0" branch="false"/>
            <line number="27" hits="0" branch="true" condition-coverage="0% (0/6)"/>
            <line number="28" hits="0" branch="false"/>
            <line number="29" hits="0" branch="false"/>
            <line number="44" hits="0" branch="false"/>
            <line number="46" hits="0" branch="false"/>
            <line number="50" hits="0" branch="false"/>
            <line number="51" hits="0" branch="false"/>
            <line number="53" hits="0" branch="false"/>
            <line number="54" hits="0" branch="false"/>
            <line number="55" hits="0" branch="false"/>
            <line number="58" hits="0" branch="false"/>
            <line number="60" hits="0" branch="false"/>
          </lines>
        </class>
        <class name="resolveOptions.ts" filename="@cli/seed-cli/src/resolveOptions.ts" line-rate="0" branch-rate="0">
          <methods>
            <method name="resolveOptions" hits="0" signature="()V">
              <lines>
                <line number="8" hits="0"/>
              </lines>
            </method>
          </methods>
          <lines>
            <line number="1" hits="0" branch="false"/>
            <line number="2" hits="0" branch="false"/>
            <line number="3" hits="0" branch="false"/>
            <line number="4" hits="0" branch="false"/>
            <line number="6" hits="0" branch="false"/>
            <line number="8" hits="0" branch="false"/>
            <line number="9" hits="0" branch="false"/>
            <line number="10" hits="0" branch="true" condition-coverage="0% (0/1)"/>
            <line number="11" hits="0" branch="false"/>
            <line number="12" hits="0" branch="true" condition-coverage="0% (0/2)"/>
            <line number="15" hits="0" branch="true" condition-coverage="0% (0/1)"/>
            <line number="16" hits="0" branch="false"/>
            <line number="19" hits="0" branch="false"/>
            <line number="20" hits="0" branch="false"/>
            <line number="21" hits="0" branch="false"/>
            <line number="22" hits="0" branch="false"/>
          </lines>
        </class>
        <class name="tryAction.ts" filename="@cli/seed-cli/src/tryAction.ts" line-rate="0" branch-rate="0">
          <methods>
            <method name="tryAction" hits="0" signature="()V">
              <lines>
                <line number="10" hits="0"/>
              </lines>
            </method>
            <method name="execute" hits="0" signature="()V">
              <lines>
                <line number="11" hits="0"/>
              </lines>
            </method>
          </methods>
          <lines>
            <line number="1" hits="0" branch="false"/>
            <line number="2" hits="0" branch="false"/>
            <line number="4" hits="0" branch="true" condition-coverage="0% (0/2)"/>
            <line number="10" hits="0" branch="false"/>
            <line number="11" hits="0" branch="false"/>
            <line number="12" hits="0" branch="true" condition-coverage="0% (0/3)"/>
            <line number="13" hits="0" branch="true" condition-coverage="0% (0/2)"/>
            <line number="15" hits="0" branch="false"/>
            <line number="16" hits="0" branch="false"/>
            <line number="18" hits="0" branch="false"/>
          </lines>
        </class>
      </classes>
    </package>
    <package name="@cli.seed-cli.src.actions" line-rate="0" branch-rate="1">
      <classes>
        <class name="concurrently.ts" filename="@cli/seed-cli/src/actions/concurrently.ts" line-rate="0" branch-rate="1">
          <methods>
            <method name="(anonymous_0)" hits="0" signature="()V">
              <lines>
                <line number="3" hits="0"/>
              </lines>
            </method>
            <method name="(anonymous_1)" hits="0" signature="()V">
              <lines>
                <line number="5" hits="0"/>
              </lines>
            </method>
          </methods>
          <lines>
            <line number="1" hits="0" branch="false"/>
            <line number="3" hits="0" branch="false"/>
            <line number="4" hits="0" branch="false"/>
            <line number="6" hits="0" branch="false"/>
            <line number="7" hits="0" branch="false"/>
          </lines>
        </class>
      </classes>
    </package>
    <package name="@cli.seed-cli.src.commands" line-rate="0" branch-rate="0">
      <classes>
        <class name="concurrently.ts" filename="@cli/seed-cli/src/commands/concurrently.ts" line-rate="0" branch-rate="0">
          <methods>
            <method name="(anonymous_0)" hits="0" signature="()V">
              <lines>
                <line number="8" hits="0"/>
              </lines>
            </method>
          </methods>
          <lines>
            <line number="1" hits="0" branch="false"/>
            <line number="2" hits="0" branch="false"/>
            <line number="3" hits="0" branch="false"/>
            <line number="5" hits="0" branch="false"/>
            <line number="9" hits="0" branch="true" condition-coverage="0% (0/1)"/>
            <line number="10" hits="0" branch="false"/>
            <line number="13" hits="0" branch="false"/>
            <line number="14" hits="0" branch="false"/>
          </lines>
        </class>
      </classes>
    </package>
    <package name="@cli.seed-cli.src.constants" line-rate="1" branch-rate="1">
      <classes>
        <class name="definition.ts" filename="@cli/seed-cli/src/constants/definition.ts" line-rate="1" branch-rate="1">
          <methods>
          </methods>
          <lines>
            <line number="3" hits="1" branch="false"/>
            <line number="5" hits="1" branch="false"/>
            <line number="7" hits="1" branch="false"/>
            <line number="9" hits="1" branch="false"/>
            <line number="11" hits="1" branch="false"/>
            <line number="13" hits="1" branch="false"/>
          </lines>
        </class>
      </classes>
    </package>
    <package name="@cli.seed-cli.src.services" line-rate="0" branch-rate="1">
      <classes>
        <class name="logger.ts" filename="@cli/seed-cli/src/services/logger.ts" line-rate="0" branch-rate="1">
          <methods>
          </methods>
          <lines>
            <line number="1" hits="0" branch="false"/>
            <line number="3" hits="0" branch="false"/>
          </lines>
        </class>
      </classes>
    </package>
    <package name="@cli.seed-cli.src.utils" line-rate="0.5974" branch-rate="0.35">
      <classes>
        <class name="findOutdates.ts" filename="@cli/seed-cli/src/utils/findOutdates.ts" line-rate="0" branch-rate="0">
          <methods>
            <method name="(anonymous_0)" hits="0" signature="()V">
              <lines>
                <line number="23" hits="0"/>
              </lines>
            </method>
          </methods>
          <lines>
            <line number="1" hits="0" branch="false"/>
            <line number="2" hits="0" branch="false"/>
            <line number="3" hits="0" branch="false"/>
            <line number="4" hits="0" branch="false"/>
            <line number="5" hits="0" branch="false"/>
            <line number="7" hits="0" branch="false"/>
            <line number="8" hits="0" branch="false"/>
            <line number="23" hits="0" branch="false"/>
            <line number="24" hits="0" branch="true" condition-coverage="0% (0/3)"/>
            <line number="25" hits="0" branch="false"/>
            <line number="26" hits="0" branch="false"/>
            <line number="29" hits="0" branch="true" condition-coverage="0% (0/1)"/>
            <line number="30" hits="0" branch="false"/>
            <line number="33" hits="0" branch="true" condition-coverage="0% (0/1)"/>
            <line number="35" hits="0" branch="true" condition-coverage="0% (0/1)"/>
            <line number="36" hits="0" branch="false"/>
            <line number="43" hits="0" branch="false"/>
            <line number="48" hits="0" branch="false"/>
            <line number="49" hits="0" branch="true" condition-coverage="0% (0/1)"/>
            <line number="50" hits="0" branch="false"/>
            <line number="51" hits="0" branch="false"/>
            <line number="54" hits="0" branch="false"/>
            <line number="55" hits="0" branch="false"/>
          </lines>
        </class>
        <class name="readPackageSourceThroughBin.ts" filename="@cli/seed-cli/src/utils/readPackageSourceThroughBin.ts" line-rate="0.9166" branch-rate="1">
          <methods>
            <method name="readPackageSourceThroughBin" hits="5" signature="()V">
              <lines>
                <line number="11" hits="5"/>
              </lines>
            </method>
          </methods>
          <lines>
            <line number="1" hits="2" branch="false"/>
            <line number="2" hits="2" branch="false"/>
            <line number="3" hits="2" branch="false"/>
            <line number="11" hits="2" branch="false"/>
            <line number="12" hits="5" branch="false"/>
            <line number="13" hits="5" branch="true" condition-coverage="100% (1/1)"/>
            <line number="14" hits="1" branch="false"/>
            <line number="17" hits="4" branch="false"/>
            <line number="18" hits="4" branch="false"/>
            <line number="19" hits="4" branch="false"/>
            <line number="20" hits="4" branch="false"/>
            <line number="22" hits="0" branch="false"/>
          </lines>
        </class>
        <class name="readRootPathThroughBin.ts" filename="@cli/seed-cli/src/utils/readRootPathThroughBin.ts" line-rate="1" branch-rate="1">
          <methods>
            <method name="readRootPathThroughBin" hits="5" signature="()V">
              <lines>
                <line number="4" hits="5"/>
              </lines>
            </method>
            <method name="(anonymous_1)" hits="6" signature="()V">
              <lines>
                <line number="5" hits="6"/>
              </lines>
            </method>
          </methods>
          <lines>
            <line number="1" hits="2" branch="false"/>
            <line number="2" hits="2" branch="false"/>
            <line number="4" hits="2" branch="false"/>
            <line number="5" hits="5" branch="false"/>
            <line number="6" hits="6" branch="false"/>
            <line number="7" hits="6" branch="false"/>
            <line number="10" hits="5" branch="false"/>
            <line number="11" hits="5" branch="false"/>
            <line number="12" hits="6" branch="true" condition-coverage="100% (1/1)"/>
            <line number="13" hits="3" branch="true" condition-coverage="100% (1/1)"/>
            <line number="14" hits="2" branch="false"/>
            <line number="17" hits="1" branch="false"/>
            <line number="20" hits="3" branch="true" condition-coverage="100% (1/1)"/>
            <line number="21" hits="2" branch="false"/>
            <line number="24" hits="1" branch="false"/>
          </lines>
        </class>
        <class name="yellOutdateds.ts" filename="@cli/seed-cli/src/utils/yellOutdateds.ts" line-rate="0.7406999999999999" branch-rate="0.3333">
          <methods>
            <method name="(anonymous_0)" hits="1" signature="()V">
              <lines>
                <line number="13" hits="1"/>
              </lines>
            </method>
          </methods>
          <lines>
            <line number="1" hits="1" branch="false"/>
            <line number="2" hits="1" branch="false"/>
            <line number="3" hits="1" branch="false"/>
            <line number="4" hits="1" branch="false"/>
            <line number="5" hits="1" branch="false"/>
            <line number="6" hits="1" branch="false"/>
            <line number="13" hits="1" branch="false"/>
            <line number="14" hits="1" branch="true" condition-coverage="33.33333333333333% (1/3)"/>
            <line number="15" hits="1" branch="false"/>
            <line number="16" hits="1" branch="false"/>
            <line number="19" hits="1" branch="true" condition-coverage="0% (0/1)"/>
            <line number="20" hits="0" branch="false"/>
            <line number="23" hits="1" branch="true" condition-coverage="100% (1/1)"/>
            <line number="25" hits="1" branch="true" condition-coverage="0% (0/1)"/>
            <line number="26" hits="0" branch="false"/>
            <line number="29" hits="1" branch="false"/>
            <line number="34" hits="1" branch="false"/>
            <line number="39" hits="1" branch="true" condition-coverage="100% (1/1)"/>
            <line number="40" hits="1" branch="false"/>
            <line number="41" hits="1" branch="false"/>
            <line number="42" hits="1" branch="false"/>
            <line number="43" hits="1" branch="false"/>
            <line number="46" hits="0" branch="true" condition-coverage="0% (0/1)"/>
            <line number="47" hits="0" branch="false"/>
            <line number="51" hits="0" branch="true" condition-coverage="0% (0/1)"/>
            <line number="52" hits="0" branch="false"/>
            <line number="55" hits="0" branch="false"/>
          </lines>
        </class>
      </classes>
    </package>
    <package name="@cli.tidy-cli.src.actions" line-rate="0.8343" branch-rate="0.5">
      <classes>
        <class name="deps.ts" filename="@cli/tidy-cli/src/actions/deps.ts" line-rate="0.826" branch-rate="0.52">
          <methods>
            <method name="(anonymous_0)" hits="2" signature="()V">
              <lines>
                <line number="33" hits="2"/>
              </lines>
            </method>
            <method name="(anonymous_1)" hits="2" signature="()V">
              <lines>
                <line number="48" hits="2"/>
              </lines>
            </method>
            <method name="(anonymous_2)" hits="2" signature="()V">
              <lines>
                <line number="61" hits="2"/>
              </lines>
            </method>
            <method name="(anonymous_3)" hits="2" signature="()V">
              <lines>
                <line number="74" hits="2"/>
              </lines>
            </method>
            <method name="(anonymous_4)" hits="2" signature="()V">
              <lines>
                <line number="76" hits="2"/>
              </lines>
            </method>
            <method name="(anonymous_5)" hits="1" signature="()V">
              <lines>
                <line number="117" hits="1"/>
              </lines>
            </method>
            <method name="(anonymous_6)" hits="1" signature="()V">
              <lines>
                <line number="122" hits="1"/>
              </lines>
            </method>
            <method name="(anonymous_7)" hits="0" signature="()V">
              <lines>
                <line number="130" hits="0"/>
              </lines>
            </method>
            <method name="(anonymous_8)" hits="0" signature="()V">
              <lines>
                <line number="138" hits="0"/>
              </lines>
            </method>
            <method name="(anonymous_9)" hits="0" signature="()V">
              <lines>
                <line number="149" hits="0"/>
              </lines>
            </method>
            <method name="(anonymous_10)" hits="0" signature="()V">
              <lines>
                <line number="154" hits="0"/>
              </lines>
            </method>
          </methods>
          <lines>
            <line number="1" hits="1" branch="false"/>
            <line number="2" hits="1" branch="false"/>
            <line number="3" hits="1" branch="false"/>
            <line number="4" hits="1" branch="false"/>
            <line number="5" hits="1" branch="false"/>
            <line number="6" hits="1" branch="false"/>
            <line number="7" hits="1" branch="false"/>
            <line number="8" hits="1" branch="false"/>
            <line number="33" hits="1" branch="false"/>
            <line number="41" hits="2" branch="true" condition-coverage="50% (1/2)"/>
            <line number="43" hits="2" branch="true" condition-coverage="50% (2/4)"/>
            <line number="44" hits="2" branch="true" condition-coverage="50% (2/4)"/>
            <line number="45" hits="2" branch="true" condition-coverage="50% (2/4)"/>
            <line number="46" hits="2" branch="true" condition-coverage="50% (1/2)"/>
            <line number="47" hits="2" branch="true" condition-coverage="50% (1/2)"/>
            <line number="48" hits="2" branch="false"/>
            <line number="49" hits="2" branch="true" condition-coverage="66.66666666666666% (2/3)"/>
            <line number="50" hits="0" branch="false"/>
            <line number="53" hits="2" branch="true" condition-coverage="66.66666666666666% (2/3)"/>
            <line number="54" hits="0" branch="false"/>
            <line number="57" hits="2" branch="false"/>
            <line number="60" hits="2" branch="false"/>
            <line number="62" hits="2" branch="false"/>
            <line number="63" hits="2" branch="false"/>
            <line number="64" hits="2" branch="false"/>
            <line number="71" hits="2" branch="false"/>
            <line number="72" hits="2" branch="false"/>
            <line number="73" hits="2" branch="false"/>
            <line number="75" hits="2" branch="false"/>
            <line number="76" hits="2" branch="false"/>
            <line number="77" hits="2" branch="false"/>
            <line number="78" hits="2" branch="false"/>
            <line number="81" hits="2" branch="true" condition-coverage="100% (2/2)"/>
            <line number="85" hits="2" branch="false"/>
            <line number="86" hits="2" branch="false"/>
            <line number="88" hits="2" branch="false"/>
            <line number="89" hits="2" branch="false"/>
            <line number="91" hits="2" branch="true" condition-coverage="100% (1/1)"/>
            <line number="92" hits="1" branch="false"/>
            <line number="98" hits="2" branch="true" condition-coverage="100% (1/1)"/>
            <line number="99" hits="1" branch="false"/>
            <line number="111" hits="2" branch="true" condition-coverage="100% (3/3)"/>
            <line number="112" hits="2" branch="false"/>
            <line number="113" hits="2" branch="false"/>
            <line number="116" hits="2" branch="true" condition-coverage="100% (1/1)"/>
            <line number="117" hits="1" branch="false"/>
            <line number="118" hits="1" branch="false"/>
            <line number="121" hits="2" branch="true" condition-coverage="100% (1/1)"/>
            <line number="122" hits="1" branch="false"/>
            <line number="123" hits="1" branch="false"/>
            <line number="126" hits="2" branch="false"/>
            <line number="127" hits="2" branch="false"/>
            <line number="129" hits="2" branch="true" condition-coverage="0% (0/1)"/>
            <line number="130" hits="0" branch="false"/>
            <line number="131" hits="0" branch="true" condition-coverage="0% (0/4)"/>
            <line number="132" hits="0" branch="false"/>
            <line number="137" hits="2" branch="true" condition-coverage="0% (0/1)"/>
            <line number="138" hits="0" branch="false"/>
            <line number="139" hits="0" branch="true" condition-coverage="0% (0/4)"/>
            <line number="140" hits="0" branch="false"/>
            <line number="145" hits="2" branch="false"/>
            <line number="146" hits="2" branch="false"/>
            <line number="148" hits="2" branch="true" condition-coverage="0% (0/1)"/>
            <line number="149" hits="0" branch="false"/>
            <line number="150" hits="0" branch="false"/>
            <line number="153" hits="2" branch="true" condition-coverage="0% (0/1)"/>
            <line number="154" hits="0" branch="false"/>
            <line number="155" hits="0" branch="false"/>
            <line number="160" hits="2" branch="false"/>
          </lines>
        </class>
        <class name="readme.ts" filename="@cli/tidy-cli/src/actions/readme.ts" line-rate="0.825" branch-rate="0.5294">
          <methods>
            <method name="(anonymous_0)" hits="4" signature="()V">
              <lines>
                <line number="17" hits="4"/>
              </lines>
            </method>
            <method name="(anonymous_1)" hits="4" signature="()V">
              <lines>
                <line number="21" hits="4"/>
              </lines>
            </method>
            <method name="(anonymous_2)" hits="4" signature="()V">
              <lines>
                <line number="26" hits="4"/>
              </lines>
            </method>
            <method name="(anonymous_3)" hits="6" signature="()V">
              <lines>
                <line number="29" hits="6"/>
              </lines>
            </method>
            <method name="(anonymous_4)" hits="0" signature="()V">
              <lines>
                <line number="53" hits="0"/>
              </lines>
            </method>
            <method name="(anonymous_5)" hits="6" signature="()V">
              <lines>
                <line number="65" hits="6"/>
              </lines>
            </method>
          </methods>
          <lines>
            <line number="1" hits="1" branch="false"/>
            <line number="2" hits="1" branch="false"/>
            <line number="3" hits="1" branch="false"/>
            <line number="4" hits="1" branch="false"/>
            <line number="5" hits="1" branch="false"/>
            <line number="6" hits="1" branch="false"/>
            <line number="17" hits="1" branch="false"/>
            <line number="18" hits="4" branch="true" condition-coverage="75% (3/4)"/>
            <line number="19" hits="4" branch="true" condition-coverage="50% (2/4)"/>
            <line number="20" hits="4" branch="true" condition-coverage="100% (1/1)"/>
            <line number="21" hits="4" branch="false"/>
            <line number="22" hits="4" branch="false"/>
            <line number="23" hits="4" branch="false"/>
            <line number="26" hits="4" branch="false"/>
            <line number="27" hits="4" branch="false"/>
            <line number="28" hits="4" branch="true" condition-coverage="50% (1/2)"/>
            <line number="29" hits="4" branch="false"/>
            <line number="30" hits="6" branch="false"/>
            <line number="31" hits="6" branch="false"/>
            <line number="32" hits="6" branch="false"/>
            <line number="33" hits="6" branch="false"/>
            <line number="34" hits="6" branch="false"/>
            <line number="35" hits="6" branch="false"/>
            <line number="38" hits="4" branch="false"/>
            <line number="41" hits="4" branch="false"/>
            <line number="42" hits="4" branch="true" condition-coverage="66.66666666666666% (2/3)"/>
            <line number="43" hits="0" branch="false"/>
            <line number="44" hits="0" branch="false"/>
            <line number="49" hits="4" branch="false"/>
            <line number="50" hits="4" branch="false"/>
            <line number="52" hits="4" branch="false"/>
            <line number="54" hits="0" branch="false"/>
            <line number="55" hits="0" branch="true" condition-coverage="0% (0/3)"/>
            <line number="56" hits="0" branch="false"/>
            <line number="59" hits="0" branch="false"/>
            <line number="60" hits="0" branch="false"/>
            <line number="64" hits="4" branch="false"/>
            <line number="65" hits="6" branch="false"/>
            <line number="66" hits="4" branch="false"/>
            <line number="67" hits="4" branch="false"/>
          </lines>
        </class>
        <class name="tscfg.ts" filename="@cli/tidy-cli/src/actions/tscfg.ts" line-rate="0.8518000000000001" branch-rate="0.4482">
          <methods>
            <method name="(anonymous_0)" hits="1" signature="()V">
              <lines>
                <line number="30" hits="1"/>
              </lines>
            </method>
            <method name="(anonymous_1)" hits="2" signature="()V">
              <lines>
                <line number="37" hits="2"/>
              </lines>
            </method>
            <method name="(anonymous_2)" hits="3" signature="()V">
              <lines>
                <line number="52" hits="3"/>
              </lines>
            </method>
            <method name="(anonymous_3)" hits="2" signature="()V">
              <lines>
                <line number="66" hits="2"/>
              </lines>
            </method>
            <method name="(anonymous_4)" hits="2" signature="()V">
              <lines>
                <line number="70" hits="2"/>
              </lines>
            </method>
            <method name="(anonymous_5)" hits="1" signature="()V">
              <lines>
                <line number="72" hits="1"/>
              </lines>
            </method>
          </methods>
          <lines>
            <line number="1" hits="1" branch="false"/>
            <line number="2" hits="1" branch="false"/>
            <line number="3" hits="1" branch="false"/>
            <line number="4" hits="1" branch="false"/>
            <line number="5" hits="1" branch="false"/>
            <line number="6" hits="1" branch="false"/>
            <line number="7" hits="1" branch="false"/>
            <line number="30" hits="1" branch="false"/>
            <line number="31" hits="1" branch="true" condition-coverage="25% (1/4)"/>
            <line number="32" hits="1" branch="true" condition-coverage="50% (2/4)"/>
            <line number="33" hits="1" branch="true" condition-coverage="50% (2/4)"/>
            <line number="36" hits="1" branch="true" condition-coverage="50% (1/2)"/>
            <line number="37" hits="1" branch="false"/>
            <line number="38" hits="2" branch="true" condition-coverage="66.66666666666666% (2/3)"/>
            <line number="39" hits="0" branch="false"/>
            <line number="42" hits="2" branch="true" condition-coverage="66.66666666666666% (2/3)"/>
            <line number="43" hits="0" branch="false"/>
            <line number="46" hits="2" branch="false"/>
            <line number="49" hits="1" branch="false"/>
            <line number="50" hits="1" branch="false"/>
            <line number="52" hits="1" branch="false"/>
            <line number="53" hits="3" branch="true" condition-coverage="50% (1/2)"/>
            <line number="54" hits="0" branch="false"/>
            <line number="55" hits="0" branch="true" condition-coverage="0% (0/1)"/>
            <line number="56" hits="0" branch="false"/>
            <line number="57" hits="0" branch="false"/>
            <line number="60" hits="3" branch="false"/>
            <line number="61" hits="3" branch="false"/>
            <line number="65" hits="1" branch="false"/>
            <line number="67" hits="2" branch="false"/>
            <line number="69" hits="2" branch="false"/>
            <line number="71" hits="2" branch="false"/>
            <line number="72" hits="1" branch="false"/>
            <line number="73" hits="1" branch="true" condition-coverage="0% (0/1)"/>
            <line number="74" hits="0" branch="false"/>
            <line number="77" hits="1" branch="false"/>
            <line number="79" hits="1" branch="false"/>
            <line number="85" hits="1" branch="false"/>
            <line number="86" hits="1" branch="false"/>
            <line number="91" hits="2" branch="false"/>
            <line number="92" hits="2" branch="false"/>
            <line number="93" hits="2" branch="true" condition-coverage="33.33333333333333% (1/3)"/>
            <line number="95" hits="2" branch="false"/>
            <line number="96" hits="2" branch="false"/>
            <line number="105" hits="2" branch="false"/>
            <line number="106" hits="2" branch="false"/>
            <line number="110" hits="1" branch="false"/>
            <line number="111" hits="1" branch="false"/>
            <line number="116" hits="1" branch="false"/>
            <line number="118" hits="1" branch="true" condition-coverage="100% (1/1)"/>
            <line number="119" hits="1" branch="false"/>
            <line number="122" hits="1" branch="true" condition-coverage="0% (0/1)"/>
            <line number="123" hits="0" branch="false"/>
            <line number="126" hits="1" branch="false"/>
          </lines>
        </class>
      </classes>
    </package>
    <package name="@cli.tidy-cli.src.commands" line-rate="0" branch-rate="1">
      <classes>
        <class name="deps.ts" filename="@cli/tidy-cli/src/commands/deps.ts" line-rate="0" branch-rate="1">
          <methods>
            <method name="(anonymous_0)" hits="0" signature="()V">
              <lines>
                <line number="12" hits="0"/>
              </lines>
            </method>
          </methods>
          <lines>
            <line number="1" hits="0" branch="false"/>
            <line number="2" hits="0" branch="false"/>
            <line number="3" hits="0" branch="false"/>
            <line number="5" hits="0" branch="false"/>
            <line number="12" hits="0" branch="false"/>
            <line number="14" hits="0" branch="false"/>
          </lines>
        </class>
        <class name="readme.ts" filename="@cli/tidy-cli/src/commands/readme.ts" line-rate="0" branch-rate="1">
          <methods>
            <method name="(anonymous_0)" hits="0" signature="()V">
              <lines>
                <line number="16" hits="0"/>
              </lines>
            </method>
          </methods>
          <lines>
            <line number="1" hits="0" branch="false"/>
            <line number="2" hits="0" branch="false"/>
            <line number="3" hits="0" branch="false"/>
            <line number="4" hits="0" branch="false"/>
            <line number="8" hits="0" branch="false"/>
            <line number="16" hits="0" branch="false"/>
            <line number="18" hits="0" branch="false"/>
          </lines>
        </class>
        <class name="tscfg.ts" filename="@cli/tidy-cli/src/commands/tscfg.ts" line-rate="0" branch-rate="1">
          <methods>
            <method name="(anonymous_0)" hits="0" signature="()V">
              <lines>
                <line number="11" hits="0"/>
              </lines>
            </method>
          </methods>
          <lines>
            <line number="1" hits="0" branch="false"/>
            <line number="2" hits="0" branch="false"/>
            <line number="3" hits="0" branch="false"/>
            <line number="5" hits="0" branch="false"/>
            <line number="11" hits="0" branch="false"/>
            <line number="13" hits="0" branch="false"/>
          </lines>
        </class>
      </classes>
    </package>
    <package name="@cli.tidy-cli.src.utils" line-rate="0.5832999999999999" branch-rate="0.6666">
      <classes>
        <class name="findSiblingsVersion.ts" filename="@cli/tidy-cli/src/utils/findSiblingsVersion.ts" line-rate="0.5832999999999999" branch-rate="0.6666">
          <methods>
            <method name="(anonymous_0)" hits="3" signature="()V">
              <lines>
                <line number="9" hits="3"/>
              </lines>
            </method>
          </methods>
          <lines>
            <line number="1" hits="2" branch="false"/>
            <line number="2" hits="2" branch="false"/>
            <line number="3" hits="2" branch="false"/>
            <line number="9" hits="2" branch="false"/>
            <line number="10" hits="3" branch="true" condition-coverage="100% (3/3)"/>
            <line number="11" hits="3" branch="false"/>
            <line number="13" hits="3" branch="false"/>
            <line number="14" hits="3" branch="false"/>
            <line number="15" hits="0" branch="false"/>
            <line number="16" hits="0" branch="false"/>
            <line number="21" hits="3" branch="false"/>
            <line number="22" hits="3" branch="false"/>
            <line number="23" hits="0" branch="false"/>
            <line number="24" hits="0" branch="false"/>
            <line number="25" hits="0" branch="true" condition-coverage="0% (0/1)"/>
            <line number="26" hits="0" branch="false"/>
            <line number="27" hits="0" branch="true" condition-coverage="0% (0/1)"/>
            <line number="28" hits="0" branch="false"/>
            <line number="32" hits="0" branch="false"/>
            <line number="38" hits="3" branch="true" condition-coverage="100% (1/1)"/>
            <line number="39" hits="3" branch="false"/>
            <line number="40" hits="3" branch="false"/>
            <line number="41" hits="3" branch="false"/>
            <line number="47" hits="0" branch="false"/>
          </lines>
        </class>
      </classes>
    </package>
    <package name="@feature.feature-prepare.src" line-rate="0.9074" branch-rate="0.75">
      <classes>
        <class name="findTsConfig.ts" filename="@feature/feature-prepare/src/findTsConfig.ts" line-rate="1" branch-rate="1">
          <methods>
            <method name="(anonymous_0)" hits="9" signature="()V">
              <lines>
                <line number="21" hits="9"/>
              </lines>
            </method>
          </methods>
          <lines>
            <line number="1" hits="3" branch="false"/>
            <line number="2" hits="3" branch="false"/>
            <line number="21" hits="3" branch="false"/>
            <line number="22" hits="9" branch="true" condition-coverage="100% (3/3)"/>
            <line number="23" hits="9" branch="true" condition-coverage="100% (1/1)"/>
            <line number="24" hits="1" branch="false"/>
            <line number="27" hits="8" branch="false"/>
            <line number="28" hits="8" branch="false"/>
            <line number="29" hits="8" branch="true" condition-coverage="100% (1/1)"/>
            <line number="30" hits="6" branch="false"/>
            <line number="33" hits="2" branch="true" condition-coverage="100% (1/1)"/>
            <line number="34" hits="1" branch="false"/>
            <line number="37" hits="1" branch="false"/>
          </lines>
        </class>
        <class name="index.ts" filename="@feature/feature-prepare/src/index.ts" line-rate="0" branch-rate="1">
          <methods>
          </methods>
          <lines>
            <line number="1" hits="0" branch="false"/>
            <line number="2" hits="0" branch="false"/>
          </lines>
        </class>
        <class name="prepare.ts" filename="@feature/feature-prepare/src/prepare.ts" line-rate="0.9229999999999999" branch-rate="0.6923">
          <methods>
            <method name="isRechoirError" hits="1" signature="()V">
              <lines>
                <line number="24" hits="1"/>
              </lines>
            </method>
            <method name="prepare" hits="3" signature="()V">
              <lines>
                <line number="37" hits="3"/>
              </lines>
            </method>
            <method name="(anonymous_2)" hits="57" signature="()V">
              <lines>
                <line number="44" hits="57"/>
              </lines>
            </method>
            <method name="(anonymous_3)" hits="1" signature="()V">
              <lines>
                <line number="69" hits="1"/>
              </lines>
            </method>
            <method name="(anonymous_4)" hits="0" signature="()V">
              <lines>
                <line number="71" hits="0"/>
              </lines>
            </method>
          </methods>
          <lines>
            <line number="1" hits="2" branch="false"/>
            <line number="2" hits="2" branch="false"/>
            <line number="3" hits="2" branch="false"/>
            <line number="4" hits="2" branch="false"/>
            <line number="5" hits="2" branch="false"/>
            <line number="6" hits="2" branch="false"/>
            <line number="25" hits="1" branch="true" condition-coverage="66.66666666666666% (2/3)"/>
            <line number="26" hits="0" branch="false"/>
            <line number="29" hits="1" branch="true" condition-coverage="66.66666666666666% (2/3)"/>
            <line number="30" hits="0" branch="true" condition-coverage="0% (0/2)"/>
            <line number="33" hits="1" branch="false"/>
            <line number="37" hits="2" branch="false"/>
            <line number="38" hits="3" branch="true" condition-coverage="100% (3/3)"/>
            <line number="39" hits="3" branch="true" condition-coverage="100% (3/3)"/>
            <line number="41" hits="3" branch="true" condition-coverage="50% (1/2)"/>
            <line number="42" hits="3" branch="false"/>
            <line number="44" hits="57" branch="false"/>
            <line number="45" hits="3" branch="true" condition-coverage="100% (1/1)"/>
            <line number="46" hits="3" branch="true" condition-coverage="100% (1/1)"/>
            <line number="48" hits="3" branch="false"/>
            <line number="49" hits="3" branch="true" condition-coverage="50% (1/2)"/>
            <line number="50" hits="3" branch="true" condition-coverage="50% (1/2)"/>
            <line number="51" hits="3" branch="true" condition-coverage="100% (1/1)"/>
            <line number="52" hits="3" branch="false"/>
            <line number="53" hits="3" branch="false"/>
            <line number="55" hits="3" branch="true" condition-coverage="100% (1/1)"/>
            <line number="56" hits="1" branch="false"/>
            <line number="57" hits="1" branch="false"/>
            <line number="58" hits="1" branch="false"/>
            <line number="62" hits="3" branch="false"/>
            <line number="66" hits="3" branch="false"/>
            <line number="67" hits="3" branch="false"/>
            <line number="69" hits="1" branch="false"/>
            <line number="70" hits="1" branch="true" condition-coverage="0% (0/1)"/>
            <line number="71" hits="0" branch="false"/>
            <line number="74" hits="1" branch="true" condition-coverage="100% (1/1)"/>
            <line number="75" hits="1" branch="false"/>
            <line number="79" hits="1" branch="false"/>
            <line number="84" hits="2" branch="false"/>
          </lines>
        </class>
      </classes>
    </package>
    <package name="@feature.feature-pretty.src" line-rate="1" branch-rate="0.6774">
      <classes>
        <class name="createPretty.ts" filename="@feature/feature-pretty/src/createPretty.ts" line-rate="1" branch-rate="0">
          <methods>
            <method name="createPretty" hits="3" signature="()V">
              <lines>
                <line number="9" hits="3"/>
              </lines>
            </method>
            <method name="(anonymous_1)" hits="3" signature="()V">
              <lines>
                <line number="21" hits="3"/>
              </lines>
            </method>
            <method name="(anonymous_2)" hits="20" signature="()V">
              <lines>
                <line number="25" hits="20"/>
              </lines>
            </method>
          </methods>
          <lines>
            <line number="1" hits="4" branch="false"/>
            <line number="9" hits="4" branch="false"/>
            <line number="10" hits="3" branch="false"/>
            <line number="18" hits="3" branch="false"/>
            <line number="20" hits="3" branch="false"/>
            <line number="22" hits="3" branch="false"/>
            <line number="23" hits="15" branch="false"/>
            <line number="26" hits="20" branch="false"/>
            <line number="27" hits="20" branch="false"/>
            <line number="28" hits="20" branch="false"/>
          </lines>
        </class>
        <class name="index.ts" filename="@feature/feature-pretty/src/index.ts" line-rate="1" branch-rate="1">
          <methods>
          </methods>
          <lines>
            <line number="1" hits="1" branch="false"/>
            <line number="2" hits="1" branch="false"/>
            <line number="3" hits="1" branch="false"/>
            <line number="4" hits="1" branch="false"/>
          </lines>
        </class>
        <class name="logger.ts" filename="@feature/feature-pretty/src/logger.ts" line-rate="1" branch-rate="0.5">
          <methods>
            <method name="(anonymous_0)" hits="0" signature="()V">
              <lines>
                <line number="19" hits="0"/>
              </lines>
            </method>
            <method name="(anonymous_1)" hits="3" signature="()V">
              <lines>
                <line number="22" hits="3"/>
              </lines>
            </method>
          </methods>
          <lines>
            <line number="1" hits="4" branch="false"/>
            <line number="4" hits="4" branch="false"/>
            <line number="7" hits="4" branch="false"/>
            <line number="10" hits="4" branch="false"/>
            <line number="13" hits="4" branch="false"/>
            <line number="16" hits="4" branch="false"/>
            <line number="19" hits="4" branch="false"/>
            <line number="22" hits="4" branch="true" condition-coverage="50% (1/2)"/>
          </lines>
        </class>
        <class name="pretty.ts" filename="@feature/feature-pretty/src/pretty.ts" line-rate="1" branch-rate="0.75">
          <methods>
            <method name="(anonymous_0)" hits="20" signature="()V">
              <lines>
                <line number="5" hits="20"/>
              </lines>
            </method>
          </methods>
          <lines>
            <line number="1" hits="4" branch="false"/>
            <line number="5" hits="4" branch="false"/>
            <line number="6" hits="20" branch="true" condition-coverage="50% (1/2)"/>
            <line number="7" hits="20" branch="true" condition-coverage="100% (2/2)"/>
            <line number="8" hits="20" branch="false"/>
            <line number="9" hits="20" branch="false"/>
            <line number="10" hits="20" branch="true" condition-coverage="100% (2/2)"/>
            <line number="11" hits="20" branch="true" condition-coverage="50% (1/2)"/>
          </lines>
        </class>
        <class name="registerPretty.ts" filename="@feature/feature-pretty/src/registerPretty.ts" line-rate="1" branch-rate="0.7">
          <methods>
            <method name="(anonymous_0)" hits="20" signature="()V">
              <lines>
                <line number="19" hits="20"/>
              </lines>
            </method>
            <method name="(anonymous_1)" hits="20" signature="()V">
              <lines>
                <line number="19" hits="20"/>
              </lines>
            </method>
          </methods>
          <lines>
            <line number="1" hits="4" branch="false"/>
            <line number="2" hits="4" branch="false"/>
            <line number="6" hits="4" branch="true" condition-coverage="75% (3/4)"/>
            <line number="19" hits="20" branch="false"/>
            <line number="20" hits="20" branch="true" condition-coverage="100% (4/4)"/>
            <line number="21" hits="20" branch="true" condition-coverage="20% (1/5)"/>
            <line number="22" hits="20" branch="false"/>
            <line number="23" hits="20" branch="true" condition-coverage="100% (2/2)"/>
            <line number="25" hits="20" branch="true" condition-coverage="50% (1/2)"/>
            <line number="26" hits="20" branch="true" condition-coverage="100% (3/3)"/>
            <line number="28" hits="17" branch="false"/>
            <line number="31" hits="20" branch="false"/>
          </lines>
        </class>
      </classes>
    </package>
    <package name="@feature.feature-readme.src" line-rate="0" branch-rate="1">
      <classes>
        <class name="constants.ts" filename="@feature/feature-readme/src/constants.ts" line-rate="0" branch-rate="1">
          <methods>
          </methods>
          <lines>
            <line number="2" hits="0" branch="false"/>
            <line number="4" hits="0" branch="false"/>
            <line number="6" hits="0" branch="false"/>
            <line number="8" hits="0" branch="false"/>
            <line number="10" hits="0" branch="false"/>
            <line number="12" hits="0" branch="false"/>
          </lines>
        </class>
        <class name="index.ts" filename="@feature/feature-readme/src/index.ts" line-rate="0" branch-rate="1">
          <methods>
          </methods>
          <lines>
            <line number="1" hits="0" branch="false"/>
            <line number="2" hits="0" branch="false"/>
            <line number="3" hits="0" branch="false"/>
            <line number="4" hits="0" branch="false"/>
            <line number="5" hits="0" branch="false"/>
            <line number="6" hits="0" branch="false"/>
            <line number="7" hits="0" branch="false"/>
          </lines>
        </class>
      </classes>
    </package>
    <package name="@feature.feature-readme.src.helper" line-rate="0" branch-rate="0">
      <classes>
        <class name="dependencies.ts" filename="@feature/feature-readme/src/helper/dependencies.ts" line-rate="0" branch-rate="0">
          <methods>
            <method name="(anonymous_0)" hits="0" signature="()V">
              <lines>
                <line number="5" hits="0"/>
              </lines>
            </method>
            <method name="(anonymous_1)" hits="0" signature="()V">
              <lines>
                <line number="7" hits="0"/>
              </lines>
            </method>
            <method name="badgeGithub" hits="0" signature="()V">
              <lines>
                <line number="11" hits="0"/>
              </lines>
            </method>
            <method name="badgeMIT" hits="0" signature="()V">
              <lines>
                <line number="21" hits="0"/>
              </lines>
            </method>
            <method name="badgeNpmVersion" hits="0" signature="()V">
              <lines>
                <line number="25" hits="0"/>
              </lines>
            </method>
            <method name="dependencies" hits="0" signature="()V">
              <lines>
                <line number="31" hits="0"/>
              </lines>
            </method>
            <method name="(anonymous_6)" hits="0" signature="()V">
              <lines>
                <line number="38" hits="0"/>
              </lines>
            </method>
            <method name="(anonymous_7)" hits="0" signature="()V">
              <lines>
                <line number="41" hits="0"/>
              </lines>
            </method>
            <method name="(anonymous_8)" hits="0" signature="()V">
              <lines>
                <line number="47" hits="0"/>
              </lines>
            </method>
          </methods>
          <lines>
            <line number="1" hits="0" branch="false"/>
            <line number="2" hits="0" branch="false"/>
            <line number="5" hits="0" branch="false"/>
            <line number="6" hits="0" branch="true" condition-coverage="0% (0/2)"/>
            <line number="7" hits="0" branch="true" condition-coverage="0% (0/2)"/>
            <line number="8" hits="0" branch="false"/>
            <line number="11" hits="0" branch="false"/>
            <line number="12" hits="0" branch="false"/>
            <line number="13" hits="0" branch="true" condition-coverage="0% (0/1)"/>
            <line number="14" hits="0" branch="false"/>
            <line number="17" hits="0" branch="false"/>
            <line number="18" hits="0" branch="false"/>
            <line number="21" hits="0" branch="false"/>
            <line number="22" hits="0" branch="false"/>
            <line number="25" hits="0" branch="false"/>
            <line number="26" hits="0" branch="false"/>
            <line number="27" hits="0" branch="false"/>
            <line number="30" hits="0" branch="false"/>
            <line number="31" hits="0" branch="false"/>
            <line number="32" hits="0" branch="false"/>
            <line number="33" hits="0" branch="true" condition-coverage="0% (0/1)"/>
            <line number="34" hits="0" branch="false"/>
            <line number="37" hits="0" branch="true" condition-coverage="0% (0/2)"/>
            <line number="38" hits="0" branch="false"/>
            <line number="39" hits="0" branch="false"/>
            <line number="41" hits="0" branch="false"/>
            <line number="42" hits="0" branch="false"/>
            <line number="43" hits="0" branch="true" condition-coverage="0% (0/3)"/>
            <line number="44" hits="0" branch="false"/>
            <line number="47" hits="0" branch="false"/>
            <line number="48" hits="0" branch="true" condition-coverage="0% (0/1)"/>
            <line number="49" hits="0" branch="false"/>
            <line number="52" hits="0" branch="false"/>
            <line number="53" hits="0" branch="false"/>
            <line number="54" hits="0" branch="false"/>
            <line number="55" hits="0" branch="true" condition-coverage="0% (0/2)"/>
            <line number="56" hits="0" branch="false"/>
            <line number="57" hits="0" branch="true" condition-coverage="0% (0/2)"/>
            <line number="58" hits="0" branch="false"/>
            <line number="61" hits="0" branch="false"/>
          </lines>
        </class>
        <class name="index.ts" filename="@feature/feature-readme/src/helper/index.ts" line-rate="0" branch-rate="1">
          <methods>
          </methods>
          <lines>
            <line number="1" hits="0" branch="false"/>
          </lines>
        </class>
      </classes>
    </package>
    <package name="@feature.feature-readme.src.renderer" line-rate="0.3367" branch-rate="0.0789">
      <classes>
        <class name="compileProject.ts" filename="@feature/feature-readme/src/renderer/compileProject.ts" line-rate="0" branch-rate="0">
          <methods>
            <method name="compileProject" hits="0" signature="()V">
              <lines>
                <line number="34" hits="0"/>
              </lines>
            </method>
            <method name="(anonymous_1)" hits="0" signature="()V">
              <lines>
                <line number="41" hits="0"/>
              </lines>
            </method>
            <method name="(anonymous_2)" hits="0" signature="()V">
              <lines>
                <line number="57" hits="0"/>
              </lines>
            </method>
          </methods>
          <lines>
            <line number="1" hits="0" branch="false"/>
            <line number="2" hits="0" branch="false"/>
            <line number="3" hits="0" branch="false"/>
            <line number="4" hits="0" branch="false"/>
            <line number="5" hits="0" branch="false"/>
            <line number="6" hits="0" branch="false"/>
            <line number="7" hits="0" branch="false"/>
            <line number="34" hits="0" branch="false"/>
            <line number="35" hits="0" branch="true" condition-coverage="0% (0/3)"/>
            <line number="36" hits="0" branch="false"/>
            <line number="37" hits="0" branch="true" condition-coverage="0% (0/3)"/>
            <line number="38" hits="0" branch="false"/>
            <line number="41" hits="0" branch="true" condition-coverage="0% (0/2)"/>
            <line number="45" hits="0" branch="true" condition-coverage="0% (0/2)"/>
            <line number="46" hits="0" branch="true" condition-coverage="0% (0/1)"/>
            <line number="47" hits="0" branch="false"/>
            <line number="50" hits="0" branch="false"/>
            <line number="51" hits="0" branch="false"/>
            <line number="52" hits="0" branch="true" condition-coverage="0% (0/1)"/>
            <line number="53" hits="0" branch="false"/>
            <line number="56" hits="0" branch="false"/>
            <line number="57" hits="0" branch="false"/>
            <line number="58" hits="0" branch="false"/>
            <line number="59" hits="0" branch="false"/>
            <line number="60" hits="0" branch="false"/>
            <line number="63" hits="0" branch="false"/>
            <line number="64" hits="0" branch="true" condition-coverage="0% (0/2)"/>
            <line number="65" hits="0" branch="false"/>
            <line number="66" hits="0" branch="false"/>
          </lines>
        </class>
        <class name="compileSnippets.ts" filename="@feature/feature-readme/src/renderer/compileSnippets.ts" line-rate="1" branch-rate="1">
          <methods>
            <method name="compileSnippets" hits="3" signature="()V">
              <lines>
                <line number="27" hits="3"/>
              </lines>
            </method>
            <method name="(anonymous_1)" hits="3" signature="()V">
              <lines>
                <line number="30" hits="3"/>
              </lines>
            </method>
            <method name="(anonymous_2)" hits="2" signature="()V">
              <lines>
                <line number="41" hits="2"/>
              </lines>
            </method>
            <method name="(anonymous_3)" hits="2" signature="()V">
              <lines>
                <line number="53" hits="2"/>
              </lines>
            </method>
            <method name="(anonymous_4)" hits="2" signature="()V">
              <lines>
                <line number="54" hits="2"/>
              </lines>
            </method>
          </methods>
          <lines>
            <line number="1" hits="1" branch="false"/>
            <line number="2" hits="1" branch="false"/>
            <line number="27" hits="1" branch="false"/>
            <line number="28" hits="3" branch="false"/>
            <line number="29" hits="3" branch="false"/>
            <line number="31" hits="3" branch="false"/>
            <line number="32" hits="3" branch="true" condition-coverage="100% (1/1)"/>
            <line number="33" hits="1" branch="false"/>
            <line number="36" hits="2" branch="true" condition-coverage="100% (1/1)"/>
            <line number="37" hits="2" branch="false"/>
            <line number="41" hits="2" branch="false"/>
            <line number="42" hits="2" branch="false"/>
            <line number="43" hits="2" branch="false"/>
            <line number="48" hits="3" branch="false"/>
            <line number="49" hits="3" branch="true" condition-coverage="100% (1/1)"/>
            <line number="50" hits="1" branch="false"/>
            <line number="53" hits="2" branch="false"/>
            <line number="54" hits="2" branch="false"/>
            <line number="55" hits="2" branch="false"/>
          </lines>
        </class>
        <class name="compileWorkspace.ts" filename="@feature/feature-readme/src/renderer/compileWorkspace.ts" line-rate="0" branch-rate="0">
          <methods>
            <method name="compileWorkspace" hits="0" signature="()V">
              <lines>
                <line number="31" hits="0"/>
              </lines>
            </method>
            <method name="(anonymous_1)" hits="0" signature="()V">
              <lines>
                <line number="36" hits="0"/>
              </lines>
            </method>
            <method name="(anonymous_2)" hits="0" signature="()V">
              <lines>
                <line number="52" hits="0"/>
              </lines>
            </method>
            <method name="(anonymous_3)" hits="0" signature="()V">
              <lines>
                <line number="61" hits="0"/>
              </lines>
            </method>
            <method name="(anonymous_4)" hits="0" signature="()V">
              <lines>
                <line number="68" hits="0"/>
              </lines>
            </method>
            <method name="(anonymous_5)" hits="0" signature="()V">
              <lines>
                <line number="75" hits="0"/>
              </lines>
            </method>
          </methods>
          <lines>
            <line number="1" hits="0" branch="false"/>
            <line number="2" hits="0" branch="false"/>
            <line number="4" hits="0" branch="false"/>
            <line number="31" hits="0" branch="false"/>
            <line number="32" hits="0" branch="true" condition-coverage="0% (0/2)"/>
            <line number="33" hits="0" branch="true" condition-coverage="0% (0/4)"/>
            <line number="34" hits="0" branch="true" condition-coverage="0% (0/4)"/>
            <line number="35" hits="0" branch="true" condition-coverage="0% (0/2)"/>
            <line number="36" hits="0" branch="false"/>
            <line number="37" hits="0" branch="true" condition-coverage="0% (0/3)"/>
            <line number="38" hits="0" branch="false"/>
            <line number="41" hits="0" branch="true" condition-coverage="0% (0/3)"/>
            <line number="42" hits="0" branch="false"/>
            <line number="45" hits="0" branch="false"/>
            <line number="48" hits="0" branch="true" condition-coverage="0% (0/1)"/>
            <line number="49" hits="0" branch="false"/>
            <line number="52" hits="0" branch="false"/>
            <line number="53" hits="0" branch="false"/>
            <line number="54" hits="0" branch="false"/>
            <line number="55" hits="0" branch="false"/>
            <line number="56" hits="0" branch="false"/>
            <line number="57" hits="0" branch="true" condition-coverage="0% (0/1)"/>
            <line number="58" hits="0" branch="false"/>
            <line number="61" hits="0" branch="false"/>
            <line number="62" hits="0" branch="false"/>
            <line number="63" hits="0" branch="false"/>
            <line number="66" hits="0" branch="false"/>
            <line number="67" hits="0" branch="false"/>
            <line number="69" hits="0" branch="false"/>
            <line number="70" hits="0" branch="false"/>
            <line number="71" hits="0" branch="true" condition-coverage="0% (0/1)"/>
            <line number="72" hits="0" branch="false"/>
            <line number="75" hits="0" branch="false"/>
            <line number="76" hits="0" branch="false"/>
            <line number="77" hits="0" branch="false"/>
            <line number="81" hits="0" branch="false"/>
          </lines>
        </class>
        <class name="renderStore.ts" filename="@feature/feature-readme/src/renderer/renderStore.ts" line-rate="1" branch-rate="1">
          <methods>
            <method name="(anonymous_0)" hits="2" signature="()V">
              <lines>
                <line number="13" hits="2"/>
              </lines>
            </method>
            <method name="(anonymous_1)" hits="2" signature="()V">
              <lines>
                <line number="15" hits="2"/>
              </lines>
            </method>
            <method name="(anonymous_2)" hits="3" signature="()V">
              <lines>
                <line number="17" hits="3"/>
              </lines>
            </method>
            <method name="(anonymous_3)" hits="0" signature="()V">
              <lines>
                <line number="19" hits="0"/>
              </lines>
            </method>
            <method name="(anonymous_4)" hits="2" signature="()V">
              <lines>
                <line number="21" hits="2"/>
              </lines>
            </method>
            <method name="(anonymous_5)" hits="2" signature="()V">
              <lines>
                <line number="26" hits="2"/>
              </lines>
            </method>
          </methods>
          <lines>
            <line number="1" hits="1" branch="false"/>
            <line number="2" hits="1" branch="false"/>
            <line number="11" hits="1" branch="false"/>
            <line number="13" hits="2" branch="false"/>
            <line number="15" hits="2" branch="false"/>
            <line number="17" hits="3" branch="false"/>
            <line number="19" hits="1" branch="false"/>
            <line number="21" hits="1" branch="false"/>
            <line number="22" hits="2" branch="false"/>
            <line number="23" hits="2" branch="false"/>
            <line number="26" hits="1" branch="false"/>
            <line number="27" hits="2" branch="false"/>
            <line number="28" hits="2" branch="false"/>
            <line number="29" hits="2" branch="false"/>
          </lines>
        </class>
      </classes>
    </package>
    <package name="@feature.feature-readme.src.utils" line-rate="0.16940000000000002" branch-rate="0.0322">
      <classes>
        <class name="findSnippets.ts" filename="@feature/feature-readme/src/utils/findSnippets.ts" line-rate="0" branch-rate="0">
          <methods>
            <method name="findSnippets" hits="0" signature="()V">
              <lines>
                <line number="22" hits="0"/>
              </lines>
            </method>
          </methods>
          <lines>
            <line number="1" hits="0" branch="false"/>
            <line number="2" hits="0" branch="false"/>
            <line number="3" hits="0" branch="false"/>
            <line number="22" hits="0" branch="false"/>
            <line number="23" hits="0" branch="true" condition-coverage="0% (0/4)"/>
            <line number="24" hits="0" branch="true" condition-coverage="0% (0/2)"/>
            <line number="26" hits="0" branch="false"/>
            <line number="30" hits="0" branch="false"/>
            <line number="31" hits="0" branch="false"/>
            <line number="32" hits="0" branch="false"/>
            <line number="33" hits="0" branch="true" condition-coverage="0% (0/1)"/>
            <line number="34" hits="0" branch="false"/>
            <line number="37" hits="0" branch="true" condition-coverage="0% (0/3)"/>
            <line number="38" hits="0" branch="false"/>
            <line number="41" hits="0" branch="false"/>
            <line number="44" hits="0" branch="true" condition-coverage="0% (0/1)"/>
            <line number="45" hits="0" branch="false"/>
            <line number="48" hits="0" branch="false"/>
          </lines>
        </class>
        <class name="lookupFile.ts" filename="@feature/feature-readme/src/utils/lookupFile.ts" line-rate="0.909" branch-rate="0.5">
          <methods>
            <method name="lookupFile" hits="6" signature="()V">
              <lines>
                <line number="5" hits="6"/>
              </lines>
            </method>
          </methods>
          <lines>
            <line number="1" hits="2" branch="false"/>
            <line number="2" hits="2" branch="false"/>
            <line number="5" hits="2" branch="false"/>
            <line number="6" hits="6" branch="false"/>
            <line number="7" hits="6" branch="false"/>
            <line number="8" hits="6" branch="false"/>
            <line number="9" hits="6" branch="true" condition-coverage="0% (0/1)"/>
            <line number="10" hits="0" branch="false"/>
            <line number="13" hits="6" branch="false"/>
            <line number="14" hits="6" branch="true" condition-coverage="100% (1/1)"/>
            <line number="15" hits="4" branch="false"/>
          </lines>
        </class>
        <class name="resolveConfig.ts" filename="@feature/feature-readme/src/utils/resolveConfig.ts" line-rate="0" branch-rate="0">
          <methods>
            <method name="resolveConfig" hits="0" signature="()V">
              <lines>
                <line number="19" hits="0"/>
              </lines>
            </method>
          </methods>
          <lines>
            <line number="1" hits="0" branch="false"/>
            <line number="2" hits="0" branch="false"/>
            <line number="3" hits="0" branch="false"/>
            <line number="7" hits="0" branch="false"/>
            <line number="19" hits="0" branch="false"/>
            <line number="20" hits="0" branch="true" condition-coverage="0% (0/5)"/>
            <line number="21" hits="0" branch="false"/>
            <line number="22" hits="0" branch="true" condition-coverage="0% (0/1)"/>
            <line number="23" hits="0" branch="false"/>
            <line number="26" hits="0" branch="false"/>
            <line number="34" hits="0" branch="true" condition-coverage="0% (0/2)"/>
            <line number="37" hits="0" branch="false"/>
            <line number="38" hits="0" branch="true" condition-coverage="0% (0/3)"/>
            <line number="39" hits="0" branch="false"/>
            <line number="40" hits="0" branch="true" condition-coverage="0% (0/1)"/>
            <line number="41" hits="0" branch="false"/>
            <line number="42" hits="0" branch="false"/>
            <line number="45" hits="0" branch="false"/>
            <line number="49" hits="0" branch="false"/>
            <line number="50" hits="0" branch="false"/>
            <line number="51" hits="0" branch="false"/>
          </lines>
        </class>
        <class name="resolveProject.ts" filename="@feature/feature-readme/src/utils/resolveProject.ts" line-rate="0" branch-rate="0">
          <methods>
            <method name="(anonymous_0)" hits="0" signature="()V">
              <lines>
                <line number="9" hits="0"/>
              </lines>
            </method>
          </methods>
          <lines>
            <line number="1" hits="0" branch="false"/>
            <line number="2" hits="0" branch="false"/>
            <line number="3" hits="0" branch="false"/>
            <line number="9" hits="0" branch="false"/>
            <line number="10" hits="0" branch="true" condition-coverage="0% (0/3)"/>
            <line number="11" hits="0" branch="false"/>
            <line number="12" hits="0" branch="false"/>
            <line number="13" hits="0" branch="false"/>
            <line number="14" hits="0" branch="false"/>
          </lines>
        </class>
      </classes>
    </package>
    <package name="@feature.feature-updater.src" line-rate="0.36729999999999996" branch-rate="0.23070000000000002">
      <classes>
        <class name="findOutdateds.ts" filename="@feature/feature-updater/src/findOutdateds.ts" line-rate="0" branch-rate="0">
          <methods>
            <method name="findOutdateds" hits="0" signature="()V">
              <lines>
                <line number="20" hits="0"/>
              </lines>
            </method>
            <method name="(anonymous_1)" hits="0" signature="()V">
              <lines>
                <line number="26" hits="0"/>
              </lines>
            </method>
            <method name="(anonymous_2)" hits="0" signature="()V">
              <lines>
                <line number="41" hits="0"/>
              </lines>
            </method>
          </methods>
          <lines>
            <line number="1" hits="0" branch="false"/>
            <line number="2" hits="0" branch="false"/>
            <line number="3" hits="0" branch="false"/>
            <line number="4" hits="0" branch="false"/>
            <line number="5" hits="0" branch="false"/>
            <line number="20" hits="0" branch="false"/>
            <line number="21" hits="0" branch="true" condition-coverage="0% (0/3)"/>
            <line number="24" hits="0" branch="false"/>
            <line number="25" hits="0" branch="false"/>
            <line number="27" hits="0" branch="false"/>
            <line number="28" hits="0" branch="true" condition-coverage="0% (0/2)"/>
            <line number="29" hits="0" branch="false"/>
            <line number="30" hits="0" branch="true" condition-coverage="0% (0/4)"/>
            <line number="31" hits="0" branch="true" condition-coverage="0% (0/2)"/>
            <line number="32" hits="0" branch="false"/>
            <line number="37" hits="0" branch="false"/>
            <line number="41" hits="0" branch="true" condition-coverage="0% (0/1)"/>
          </lines>
        </class>
        <class name="getPackageSource.ts" filename="@feature/feature-updater/src/getPackageSource.ts" line-rate="1" branch-rate="1">
          <methods>
            <method name="(anonymous_0)" hits="2" signature="()V">
              <lines>
                <line number="5" hits="2"/>
              </lines>
            </method>
          </methods>
          <lines>
            <line number="1" hits="1" branch="false"/>
            <line number="2" hits="1" branch="false"/>
            <line number="5" hits="1" branch="false"/>
            <line number="6" hits="2" branch="true" condition-coverage="100% (1/1)"/>
            <line number="7" hits="1" branch="false"/>
            <line number="10" hits="1" branch="false"/>
            <line number="11" hits="1" branch="false"/>
            <line number="12" hits="1" branch="false"/>
          </lines>
        </class>
        <class name="index.ts" filename="@feature/feature-updater/src/index.ts" line-rate="0" branch-rate="1">
          <methods>
          </methods>
          <lines>
            <line number="1" hits="0" branch="false"/>
            <line number="2" hits="0" branch="false"/>
            <line number="3" hits="0" branch="false"/>
          </lines>
        </class>
        <class name="shouldNotify.ts" filename="@feature/feature-updater/src/shouldNotify.ts" line-rate="0" branch-rate="0">
          <methods>
            <method name="(anonymous_0)" hits="0" signature="()V">
              <lines>
                <line number="15" hits="0"/>
              </lines>
            </method>
          </methods>
          <lines>
            <line number="1" hits="0" branch="false"/>
            <line number="2" hits="0" branch="false"/>
            <line number="15" hits="0" branch="false"/>
            <line number="16" hits="0" branch="true" condition-coverage="0% (0/3)"/>
            <line number="17" hits="0" branch="false"/>
            <line number="18" hits="0" branch="false"/>
            <line number="20" hits="0" branch="false"/>
            <line number="21" hits="0" branch="true" condition-coverage="0% (0/1)"/>
            <line number="22" hits="0" branch="false"/>
            <line number="25" hits="0" branch="false"/>
            <line number="26" hits="0" branch="false"/>
          </lines>
        </class>
        <class name="shouldUpdate.ts" filename="@feature/feature-updater/src/shouldUpdate.ts" line-rate="1" branch-rate="0.5555">
          <methods>
            <method name="shouldUpdate" hits="1" signature="()V">
              <lines>
                <line number="16" hits="1"/>
              </lines>
            </method>
          </methods>
          <lines>
            <line number="1" hits="1" branch="false"/>
            <line number="2" hits="1" branch="false"/>
            <line number="3" hits="1" branch="false"/>
            <line number="16" hits="1" branch="false"/>
            <line number="17" hits="1" branch="true" condition-coverage="33.33333333333333% (1/3)"/>
            <line number="20" hits="1" branch="true" condition-coverage="100% (2/2)"/>
            <line number="27" hits="1" branch="false"/>
            <line number="28" hits="1" branch="true" condition-coverage="50% (1/2)"/>
            <line number="31" hits="1" branch="true" condition-coverage="50% (1/2)"/>
            <line number="32" hits="1" branch="false"/>
          </lines>
        </class>
      </classes>
    </package>
[...]
            <line number="102" hits="0" branch="false"/>
            <line number="104" hits="0" branch="false"/>
            <line number="115" hits="1" branch="false"/>
            <line number="116" hits="1" branch="false"/>
            <line number="117" hits="1" branch="true" condition-coverage="100% (3/3)"/>
            <line number="118" hits="1" branch="false"/>
            <line number="127" hits="1" branch="false"/>
            <line number="128" hits="1" branch="false"/>
          </lines>
        </class>
      </classes>
    </package>
    <package name="@webpack-plugin.crx-manifest-webpack-plugin.src.constants" line-rate="1" branch-rate="1">
      <classes>
        <class name="crx.ts" filename="@webpack-plugin/crx-manifest-webpack-plugin/src/constants/crx.ts" line-rate="1" branch-rate="1">
          <methods>
          </methods>
          <lines>
            <line number="2" hits="1" branch="false"/>
            <line number="5" hits="1" branch="false"/>
            <line number="8" hits="1" branch="false"/>
          </lines>
        </class>
      </classes>
    </package>
    <package name="@webpack-plugin.pretty-assets-tree-webpack-plugin.src" line-rate="0.7954000000000001" branch-rate="0.5925">
      <classes>
        <class name="index.ts" filename="@webpack-plugin/pretty-assets-tree-webpack-plugin/src/index.ts" line-rate="0.7954000000000001" branch-rate="0.5925">
          <methods>
            <method name="(anonymous_0)" hits="2" signature="()V">
              <lines>
                <line number="31" hits="2"/>
              </lines>
            </method>
            <method name="(anonymous_1)" hits="1" signature="()V">
              <lines>
                <line number="40" hits="1"/>
              </lines>
            </method>
            <method name="(anonymous_2)" hits="1" signature="()V">
              <lines>
                <line number="41" hits="1"/>
              </lines>
            </method>
            <method name="(anonymous_3)" hits="9" signature="()V">
              <lines>
                <line number="82" hits="9"/>
              </lines>
            </method>
            <method name="(anonymous_4)" hits="1" signature="()V">
              <lines>
                <line number="94" hits="1"/>
              </lines>
            </method>
          </methods>
          <lines>
            <line number="1" hits="1" branch="false"/>
            <line number="3" hits="1" branch="false"/>
            <line number="4" hits="1" branch="false"/>
            <line number="5" hits="1" branch="false"/>
            <line number="6" hits="1" branch="false"/>
            <line number="24" hits="1" branch="false"/>
            <line number="25" hits="1" branch="false"/>
            <line number="32" hits="2" branch="false"/>
            <line number="34" hits="2" branch="true" condition-coverage="100% (2/2)"/>
            <line number="35" hits="2" branch="true" condition-coverage="100% (2/2)"/>
            <line number="36" hits="2" branch="true" condition-coverage="50% (2/4)"/>
            <line number="37" hits="2" branch="true" condition-coverage="50% (2/4)"/>
            <line number="41" hits="1" branch="false"/>
            <line number="42" hits="1" branch="true" condition-coverage="0% (0/1)"/>
            <line number="43" hits="0" branch="false"/>
            <line number="46" hits="1" branch="false"/>
            <line number="47" hits="1" branch="false"/>
            <line number="49" hits="1" branch="true" condition-coverage="50% (1/2)"/>
            <line number="50" hits="1" branch="false"/>
            <line number="52" hits="1" branch="false"/>
            <line number="53" hits="1" branch="false"/>
            <line number="54" hits="1" branch="true" condition-coverage="100% (1/1)"/>
            <line number="55" hits="1" branch="false"/>
            <line number="56" hits="6" branch="true" condition-coverage="66.66666666666666% (2/3)"/>
            <line number="57" hits="0" branch="true" condition-coverage="0% (0/1)"/>
            <line number="58" hits="0" branch="false"/>
            <line number="61" hits="0" branch="false"/>
            <line number="64" hits="6" branch="true" condition-coverage="66.66666666666666% (2/3)"/>
            <line number="65" hits="0" branch="true" condition-coverage="0% (0/1)"/>
            <line number="66" hits="0" branch="false"/>
            <line number="69" hits="0" branch="false"/>
            <line number="72" hits="6" branch="false"/>
            <line number="76" hits="1" branch="true" condition-coverage="0% (0/1)"/>
            <line number="77" hits="0" branch="false"/>
            <line number="78" hits="0" branch="false"/>
            <line number="81" hits="1" branch="false"/>
            <line number="82" hits="1" branch="false"/>
            <line number="83" hits="9" branch="false"/>
            <line number="84" hits="9" branch="false"/>
            <line number="85" hits="9" branch="true" condition-coverage="100% (2/2)"/>
            <line number="86" hits="9" branch="false"/>
            <line number="90" hits="1" branch="false"/>
            <line number="95" hits="1" branch="false"/>
            <line number="96" hits="1" branch="false"/>
          </lines>
        </class>
      </classes>
    </package>
    <package name="@webpack-plugin.seed-webpack-plugin.src" line-rate="0.33799999999999997" branch-rate="0.303">
      <classes>
        <class name="index.ts" filename="@webpack-plugin/seed-webpack-plugin/src/index.ts" line-rate="0.33799999999999997" branch-rate="0.303">
          <methods>
            <method name="(anonymous_0)" hits="4" signature="()V">
              <lines>
                <line number="43" hits="4"/>
              </lines>
            </method>
            <method name="(anonymous_1)" hits="3" signature="()V">
              <lines>
                <line number="48" hits="3"/>
              </lines>
            </method>
            <method name="(anonymous_2)" hits="1" signature="()V">
              <lines>
                <line number="56" hits="1"/>
              </lines>
            </method>
            <method name="(anonymous_3)" hits="1" signature="()V">
              <lines>
                <line number="70" hits="1"/>
              </lines>
            </method>
            <method name="(anonymous_4)" hits="1" signature="()V">
              <lines>
                <line number="75" hits="1"/>
              </lines>
            </method>
            <method name="(anonymous_5)" hits="3" signature="()V">
              <lines>
                <line number="77" hits="3"/>
              </lines>
            </method>
            <method name="(anonymous_6)" hits="0" signature="()V">
              <lines>
                <line number="92" hits="0"/>
              </lines>
            </method>
            <method name="(anonymous_7)" hits="0" signature="()V">
              <lines>
                <line number="93" hits="0"/>
              </lines>
            </method>
            <method name="(anonymous_8)" hits="0" signature="()V">
              <lines>
                <line number="110" hits="0"/>
              </lines>
            </method>
            <method name="(anonymous_9)" hits="0" signature="()V">
              <lines>
                <line number="112" hits="0"/>
              </lines>
            </method>
            <method name="(anonymous_10)" hits="3" signature="()V">
              <lines>
                <line number="132" hits="3"/>
              </lines>
            </method>
            <method name="(anonymous_11)" hits="0" signature="()V">
              <lines>
                <line number="137" hits="0"/>
              </lines>
            </method>
            <method name="(anonymous_12)" hits="0" signature="()V">
              <lines>
                <line number="139" hits="0"/>
              </lines>
            </method>
            <method name="(anonymous_13)" hits="0" signature="()V">
              <lines>
                <line number="141" hits="0"/>
              </lines>
            </method>
            <method name="(anonymous_14)" hits="0" signature="()V">
              <lines>
                <line number="153" hits="0"/>
              </lines>
            </method>
            <method name="(anonymous_15)" hits="0" signature="()V">
              <lines>
                <line number="159" hits="0"/>
              </lines>
            </method>
            <method name="(anonymous_16)" hits="0" signature="()V">
              <lines>
                <line number="177" hits="0"/>
              </lines>
            </method>
            <method name="(anonymous_17)" hits="0" signature="()V">
              <lines>
                <line number="202" hits="0"/>
              </lines>
            </method>
            <method name="(anonymous_18)" hits="0" signature="()V">
              <lines>
                <line number="212" hits="0"/>
              </lines>
            </method>
            <method name="(anonymous_19)" hits="0" signature="()V">
              <lines>
                <line number="218" hits="0"/>
              </lines>
            </method>
            <method name="(anonymous_20)" hits="0" signature="()V">
              <lines>
                <line number="222" hits="0"/>
              </lines>
            </method>
            <method name="(anonymous_21)" hits="0" signature="()V">
              <lines>
                <line number="223" hits="0"/>
              </lines>
            </method>
          </methods>
          <lines>
            <line number="1" hits="1" branch="false"/>
            <line number="2" hits="1" branch="false"/>
            <line number="3" hits="1" branch="false"/>
            <line number="7" hits="1" branch="true" condition-coverage="100% (2/2)"/>
            <line number="20" hits="1" branch="false"/>
            <line number="26" hits="1" branch="false"/>
            <line number="44" hits="4" branch="true" condition-coverage="0% (0/1)"/>
            <line number="45" hits="4" branch="false"/>
            <line number="49" hits="3" branch="false"/>
            <line number="50" hits="3" branch="true" condition-coverage="50% (1/2)"/>
            <line number="51" hits="3" branch="true" condition-coverage="50% (1/2)"/>
            <line number="52" hits="3" branch="true" condition-coverage="50% (1/2)"/>
            <line number="53" hits="3" branch="false"/>
            <line number="57" hits="1" branch="false"/>
            <line number="59" hits="1" branch="true" condition-coverage="0% (0/1)"/>
            <line number="60" hits="0" branch="false"/>
            <line number="71" hits="1" branch="false"/>
            <line number="73" hits="1" branch="false"/>
            <line number="75" hits="1" branch="false"/>
            <line number="76" hits="1" branch="true" condition-coverage="100% (3/3)"/>
            <line number="77" hits="1" branch="false"/>
            <line number="78" hits="3" branch="true" condition-coverage="50% (2/4)"/>
            <line number="79" hits="0" branch="false"/>
            <line number="93" hits="0" branch="false"/>
            <line number="94" hits="0" branch="true" condition-coverage="0% (0/4)"/>
            <line number="95" hits="0" branch="false"/>
            <line number="99" hits="0" branch="true" condition-coverage="0% (0/4)"/>
            <line number="100" hits="0" branch="false"/>
            <line number="111" hits="0" branch="false"/>
            <line number="112" hits="0" branch="false"/>
            <line number="113" hits="0" branch="false"/>
            <line number="114" hits="0" branch="true" condition-coverage="0% (0/2)"/>
            <line number="117" hits="0" branch="true" condition-coverage="0% (0/1)"/>
            <line number="118" hits="0" branch="false"/>
            <line number="119" hits="0" branch="false"/>
            <line number="122" hits="0" branch="false"/>
            <line number="133" hits="3" branch="false"/>
            <line number="138" hits="0" branch="false"/>
            <line number="139" hits="0" branch="false"/>
            <line number="140" hits="0" branch="false"/>
            <line number="141" hits="0" branch="false"/>
            <line number="142" hits="0" branch="true" condition-coverage="0% (0/3)"/>
            <line number="143" hits="0" branch="false"/>
            <line number="146" hits="0" branch="false"/>
            <line number="149" hits="0" branch="false"/>
            <line number="152" hits="0" branch="false"/>
            <line number="153" hits="0" branch="false"/>
            <line number="154" hits="0" branch="false"/>
            <line number="155" hits="0" branch="true" condition-coverage="0% (0/1)"/>
            <line number="156" hits="0" branch="false"/>
            <line number="159" hits="0" branch="false"/>
            <line number="162" hits="0" branch="false"/>
            <line number="163" hits="0" branch="false"/>
            <line number="165" hits="0" branch="false"/>
            <line number="178" hits="0" branch="false"/>
            <line number="180" hits="0" branch="false"/>
            <line number="181" hits="0" branch="false"/>
            <line number="184" hits="0" branch="false"/>
            <line number="195" hits="1" branch="false"/>
            <line number="196" hits="1" branch="false"/>
            <line number="204" hits="0" branch="true" condition-coverage="0% (0/1)"/>
            <line number="205" hits="0" branch="false"/>
            <line number="209" hits="0" branch="false"/>
            <line number="211" hits="0" branch="false"/>
            <line number="212" hits="0" branch="false"/>
            <line number="213" hits="0" branch="false"/>
            <line number="214" hits="0" branch="false"/>
            <line number="219" hits="0" branch="false"/>
            <line number="222" hits="0" branch="false"/>
            <line number="223" hits="0" branch="false"/>
            <line number="224" hits="0" branch="false"/>
          </lines>
        </class>
      </classes>
    </package>
    <package name="@webpack-plugin.zip-webpack-plugin.src" line-rate="0.7234" branch-rate="0.4482">
      <classes>
        <class name="index.ts" filename="@webpack-plugin/zip-webpack-plugin/src/index.ts" line-rate="0.7234" branch-rate="0.4482">
          <methods>
            <method name="(anonymous_0)" hits="2" signature="()V">
              <lines>
                <line number="35" hits="2"/>
              </lines>
            </method>
            <method name="(anonymous_1)" hits="1" signature="()V">
              <lines>
                <line number="45" hits="1"/>
              </lines>
            </method>
            <method name="(anonymous_2)" hits="0" signature="()V">
              <lines>
                <line number="51" hits="0"/>
              </lines>
            </method>
            <method name="(anonymous_3)" hits="0" signature="()V">
              <lines>
                <line number="51" hits="0"/>
              </lines>
            </method>
            <method name="(anonymous_4)" hits="0" signature="()V">
              <lines>
                <line number="51" hits="0"/>
              </lines>
            </method>
            <method name="(anonymous_5)" hits="1" signature="()V">
              <lines>
                <line number="66" hits="1"/>
              </lines>
            </method>
            <method name="(anonymous_6)" hits="1" signature="()V">
              <lines>
                <line number="76" hits="1"/>
              </lines>
            </method>
            <method name="(anonymous_7)" hits="1" signature="()V">
              <lines>
                <line number="77" hits="1"/>
              </lines>
            </method>
            <method name="(anonymous_8)" hits="0" signature="()V">
              <lines>
                <line number="93" hits="0"/>
              </lines>
            </method>
            <method name="(anonymous_9)" hits="0" signature="()V">
              <lines>
                <line number="102" hits="0"/>
              </lines>
            </method>
            <method name="(anonymous_10)" hits="0" signature="()V">
              <lines>
                <line number="104" hits="0"/>
              </lines>
            </method>
            <method name="(anonymous_11)" hits="0" signature="()V">
              <lines>
                <line number="105" hits="0"/>
              </lines>
            </method>
            <method name="(anonymous_12)" hits="0" signature="()V">
              <lines>
                <line number="107" hits="0"/>
              </lines>
            </method>
          </methods>
          <lines>
            <line number="1" hits="1" branch="false"/>
            <line number="2" hits="1" branch="false"/>
            <line number="3" hits="1" branch="false"/>
            <line number="4" hits="1" branch="false"/>
            <line number="28" hits="1" branch="false"/>
            <line number="29" hits="1" branch="false"/>
            <line number="36" hits="2" branch="false"/>
            <line number="38" hits="2" branch="true" condition-coverage="100% (2/2)"/>
            <line number="39" hits="2" branch="true" condition-coverage="100% (4/4)"/>
            <line number="40" hits="2" branch="true" condition-coverage="50% (2/4)"/>
            <line number="41" hits="2" branch="true" condition-coverage="50% (1/2)"/>
            <line number="42" hits="2" branch="true" condition-coverage="50% (1/2)"/>
            <line number="46" hits="1" branch="false"/>
            <line number="48" hits="1" branch="false"/>
            <line number="49" hits="1" branch="false"/>
            <line number="51" hits="1" branch="false"/>
            <line number="53" hits="1" branch="false"/>
            <line number="54" hits="1" branch="false"/>
            <line number="55" hits="1" branch="false"/>
            <line number="62" hits="1" branch="true" condition-coverage="0% (0/1)"/>
            <line number="63" hits="0" branch="false"/>
            <line number="66" hits="1" branch="false"/>
            <line number="67" hits="1" branch="true" condition-coverage="0% (0/1)"/>
            <line number="68" hits="0" branch="false"/>
            <line number="71" hits="1" branch="false"/>
            <line number="77" hits="1" branch="false"/>
            <line number="78" hits="1" branch="true" condition-coverage="50% (1/2)"/>
            <line number="79" hits="1" branch="false"/>
            <line number="84" hits="1" branch="true" condition-coverage="0% (0/1)"/>
            <line number="85" hits="0" branch="false"/>
            <line number="90" hits="1" branch="true" condition-coverage="50% (1/2)"/>
            <line number="92" hits="1" branch="false"/>
            <line number="94" hits="0" branch="true" condition-coverage="0% (0/1)"/>
            <line number="95" hits="0" branch="false"/>
            <line number="96" hits="0" branch="false"/>
            <line number="101" hits="1" branch="true" condition-coverage="50% (1/2)"/>
            <line number="102" hits="1" branch="false"/>
            <line number="103" hits="1" branch="true" condition-coverage="0% (0/1)"/>
            <line number="104" hits="0" branch="false"/>
            <line number="105" hits="0" branch="false"/>
            <line number="106" hits="0" branch="false"/>
            <line number="109" hits="0" branch="true" condition-coverage="0% (0/2)"/>
            <line number="110" hits="0" branch="false"/>
            <line number="111" hits="0" branch="false"/>
            <line number="112" hits="0" branch="true" condition-coverage="0% (0/2)"/>
            <line number="117" hits="1" branch="false"/>
            <line number="118" hits="1" branch="false"/>
          </lines>
        </class>
      </classes>
    </package>
  </packages>
</coverage>
