{"/Users/runner/work/dumlj-build/dumlj-build/@cli/seed-cli/src/utils/readPackageSourceThroughBin.ts": {"path":"/Users/runner/work/dumlj-build/dumlj-build/@cli/seed-cli/src/utils/readPackageSourceThroughBin.ts","statementMap":{"0":{"start":{"line":1,"column":0},"end":{"line":1,"column":25}},"1":{"start":{"line":2,"column":0},"end":{"line":2,"column":23}},"2":{"start":{"line":10,"column":43},"end":{"line":33,"column":1}},"3":{"start":{"line":11,"column":26},"end":{"line":18,"column":3}},"4":{"start":{"line":12,"column":17},"end":{"line":12,"column":50}},"5":{"start":{"line":13,"column":4},"end":{"line":15,"column":null}},"6":{"start":{"line":14,"column":6},"end":{"line":14,"column":null}},"7":{"start":{"line":17,"column":4},"end":{"line":17,"column":null}},"8":{"start":{"line":20,"column":24},"end":{"line":20,"column":45}},"9":{"start":{"line":21,"column":2},"end":{"line":32,"column":null}},"10":{"start":{"line":22,"column":4},"end":{"line":24,"column":null}},"11":{"start":{"line":23,"column":6},"end":{"line":23,"column":null}},"12":{"start":{"line":26,"column":20},"end":{"line":26,"column":50}},"13":{"start":{"line":27,"column":4},"end":{"line":29,"column":null}},"14":{"start":{"line":28,"column":6},"end":{"line":28,"column":null}},"15":{"start":{"line":31,"column":4},"end":{"line":31,"column":null}},"16":{"start":{"line":10,"column":13},"end":{"line":10,"column":43}}},"fnMap":{"0":{"name":"(anonymous_0)","decl":{"start":{"line":10,"column":43},"end":{"line":10,"column":48}},"loc":{"start":{"line":10,"column":93},"end":{"line":33,"column":1}}},"1":{"name":"(anonymous_1)","decl":{"start":{"line":11,"column":26},"end":{"line":11,"column":31}},"loc":{"start":{"line":11,"column":51},"end":{"line":18,"column":3}}}},"branchMap":{"0":{"loc":{"start":{"line":13,"column":4},"end":{"line":15,"column":null}},"type":"if","locations":[{"start":{"line":13,"column":4},"end":{"line":15,"column":null}}]},"1":{"loc":{"start":{"line":22,"column":4},"end":{"line":24,"column":null}},"type":"if","locations":[{"start":{"line":22,"column":4},"end":{"line":24,"column":null}}]},"2":{"loc":{"start":{"line":27,"column":4},"end":{"line":29,"column":null}},"type":"if","locations":[{"start":{"line":27,"column":4},"end":{"line":29,"column":null}}]}},"s":{"0":2,"1":2,"2":2,"3":5,"4":6,"5":6,"6":4,"7":2,"8":5,"9":5,"10":6,"11":3,"12":3,"13":3,"14":2,"15":1,"16":2},"f":{"0":5,"1":6},"b":{"0":[4],"1":[3],"2":[2]}}
,"/Users/runner/work/dumlj-build/dumlj-build/@cli/seed-cli/src/utils/yellOutdateds.ts": {"path":"/Users/runner/work/dumlj-build/dumlj-build/@cli/seed-cli/src/utils/yellOutdateds.ts","statementMap":{"0":{"start":{"line":1,"column":0},"end":{"line":1,"column":50}},"1":{"start":{"line":2,"column":0},"end":{"line":2,"column":53}},"2":{"start":{"line":3,"column":0},"end":{"line":3,"column":25}},"3":{"start":{"line":4,"column":0},"end":{"line":4,"column":25}},"4":{"start":{"line":5,"column":0},"end":{"line":5,"column":75}},"5":{"start":{"line":12,"column":29},"end":{"line":52,"column":1}},"6":{"start":{"line":13,"column":18},"end":{"line":13,"column":53}},"7":{"start":{"line":14,"column":18},"end":{"line":14,"column":40}},"8":{"start":{"line":15,"column":17},"end":{"line":15,"column":59}},"9":{"start":{"line":18,"column":2},"end":{"line":20,"column":null}},"10":{"start":{"line":19,"column":4},"end":{"line":19,"column":10}},"11":{"start":{"line":22,"column":68},"end":{"line":22,"column":74}},"12":{"start":{"line":24,"column":2},"end":{"line":26,"column":null}},"13":{"start":{"line":25,"column":4},"end":{"line":25,"column":10}},"14":{"start":{"line":28,"column":2},"end":{"line":51,"column":null}},"15":{"start":{"line":33,"column":8},"end":{"line":36,"column":6}},"16":{"start":{"line":38,"column":4},"end":{"line":43,"column":null}},"17":{"start":{"line":39,"column":20},"end":{"line":39,"column":49}},"18":{"start":{"line":40,"column":22},"end":{"line":40,"column":161}},"19":{"start":{"line":41,"column":6},"end":{"line":41,"column":null}},"20":{"start":{"line":42,"column":6},"end":{"line":42,"column":12}},"21":{"start":{"line":46,"column":4},"end":{"line":48,"column":null}},"22":{"start":{"line":47,"column":6},"end":{"line":47,"column":12}},"23":{"start":{"line":50,"column":4},"end":{"line":50,"column":null}},"24":{"start":{"line":12,"column":13},"end":{"line":12,"column":29}}},"fnMap":{"0":{"name":"(anonymous_0)","decl":{"start":{"line":12,"column":29},"end":{"line":12,"column":34}},"loc":{"start":{"line":12,"column":70},"end":{"line":52,"column":1}}}},"branchMap":{"0":{"loc":{"start":{"line":13,"column":18},"end":{"line":13,"column":53}},"type":"binary-expr","locations":[{"start":{"line":13,"column":18},"end":{"line":13,"column":25}},{"start":{"line":13,"column":29},"end":{"line":13,"column":53}}]},"1":{"loc":{"start":{"line":18,"column":2},"end":{"line":20,"column":null}},"type":"if","locations":[{"start":{"line":18,"column":2},"end":{"line":20,"column":null}}]},"2":{"loc":{"start":{"line":22,"column":46},"end":{"line":22,"column":63}},"type":"default-arg","locations":[{"start":{"line":22,"column":58},"end":{"line":22,"column":63}}]},"3":{"loc":{"start":{"line":24,"column":2},"end":{"line":26,"column":null}},"type":"if","locations":[{"start":{"line":24,"column":2},"end":{"line":26,"column":null}}]},"4":{"loc":{"start":{"line":38,"column":4},"end":{"line":43,"column":null}},"type":"if","locations":[{"start":{"line":38,"column":4},"end":{"line":43,"column":null}}]},"5":{"loc":{"start":{"line":46,"column":4},"end":{"line":48,"column":null}},"type":"if","locations":[{"start":{"line":46,"column":4},"end":{"line":48,"column":null}}]}},"s":{"0":1,"1":1,"2":1,"3":1,"4":1,"5":1,"6":1,"7":1,"8":1,"9":1,"10":0,"11":1,"12":1,"13":0,"14":1,"15":1,"16":1,"17":1,"18":1,"19":1,"20":1,"21":0,"22":0,"23":0,"24":1},"f":{"0":1},"b":{"0":[1,0],"1":[0],"2":[1],"3":[0],"4":[1],"5":[0]}}
,"/Users/runner/work/dumlj-build/dumlj-build/@cli/tidy-cli/src/actions/deps.ts": {"path":"/Users/runner/work/dumlj-build/dumlj-build/@cli/tidy-cli/src/actions/deps.ts","statementMap":{"0":{"start":{"line":1,"column":0},"end":{"line":1,"column":25}},"1":{"start":{"line":2,"column":0},"end":{"line":2,"column":25}},"2":{"start":{"line":3,"column":0},"end":{"line":3,"column":23}},"3":{"start":{"line":4,"column":0},"end":{"line":4,"column":35}},"4":{"start":{"line":5,"column":0},"end":{"line":5,"column":55}},"5":{"start":{"line":6,"column":0},"end":{"line":6,"column":49}},"6":{"start":{"line":7,"column":0},"end":{"line":7,"column":31}},"7":{"start":{"line":8,"column":0},"end":{"line":8,"column":66}},"8":{"start":{"line":9,"column":0},"end":{"line":9,"column":51}},"9":{"start":{"line":34,"column":24},"end":{"line":155,"column":1}},"10":{"start":{"line":42,"column":6},"end":{"line":42,"column":13}},"11":{"start":{"line":44,"column":18},"end":{"line":44,"column":105}},"12":{"start":{"line":45,"column":18},"end":{"line":45,"column":105}},"13":{"start":{"line":46,"column":17},"end":{"line":46,"column":100}},"14":{"start":{"line":47,"column":20},"end":{"line":47,"column":85}},"15":{"start":{"line":48,"column":19},"end":{"line":48,"column":76}},"16":{"start":{"line":49,"column":21},"end":{"line":59,"column":4}},"17":{"start":{"line":50,"column":4},"end":{"line":52,"column":null}},"18":{"start":{"line":51,"column":6},"end":{"line":51,"column":null}},"19":{"start":{"line":54,"column":4},"end":{"line":56,"column":null}},"20":{"start":{"line":55,"column":6},"end":{"line":55,"column":null}},"21":{"start":{"line":58,"column":4},"end":{"line":58,"column":null}},"22":{"start":{"line":61,"column":2},"end":{"line":152,"column":null}},"23":{"start":{"line":63,"column":22},"end":{"line":63,"column":51}},"24":{"start":{"line":64,"column":33},"end":{"line":68,"column":8}},"25":{"start":{"line":70,"column":51},"end":{"line":70,"column":53}},"26":{"start":{"line":71,"column":54},"end":{"line":71,"column":56}},"27":{"start":{"line":72,"column":6},"end":{"line":82,"column":null}},"28":{"start":{"line":74,"column":26},"end":{"line":74,"column":57}},"29":{"start":{"line":75,"column":24},"end":{"line":78,"column":12}},"30":{"start":{"line":76,"column":33},"end":{"line":76,"column":61}},"31":{"start":{"line":77,"column":12},"end":{"line":77,"column":null}},"32":{"start":{"line":80,"column":10},"end":{"line":80,"column":null}},"33":{"start":{"line":84,"column":22},"end":{"line":84,"column":56}},"34":{"start":{"line":85,"column":36},"end":{"line":85,"column":62}},"35":{"start":{"line":87,"column":31},"end":{"line":87,"column":67}},"36":{"start":{"line":88,"column":34},"end":{"line":88,"column":73}},"37":{"start":{"line":90,"column":6},"end":{"line":95,"column":null}},"38":{"start":{"line":91,"column":8},"end":{"line":94,"column":null}},"39":{"start":{"line":97,"column":6},"end":{"line":102,"column":null}},"40":{"start":{"line":98,"column":8},"end":{"line":101,"column":null}},"41":{"start":{"line":110,"column":6},"end":{"line":112,"column":null}},"42":{"start":{"line":111,"column":8},"end":{"line":111,"column":null}},"43":{"start":{"line":114,"column":6},"end":{"line":117,"column":null}},"44":{"start":{"line":115,"column":25},"end":{"line":115,"column":97}},"45":{"start":{"line":115,"column":65},"end":{"line":115,"column":96}},"46":{"start":{"line":116,"column":8},"end":{"line":116,"column":null}},"47":{"start":{"line":119,"column":6},"end":{"line":122,"column":null}},"48":{"start":{"line":120,"column":25},"end":{"line":120,"column":103}},"49":{"start":{"line":120,"column":68},"end":{"line":120,"column":102}},"50":{"start":{"line":121,"column":8},"end":{"line":121,"column":null}},"51":{"start":{"line":124,"column":58},"end":{"line":124,"column":60}},"52":{"start":{"line":125,"column":61},"end":{"line":125,"column":63}},"53":{"start":{"line":127,"column":6},"end":{"line":131,"column":null}},"54":{"start":{"line":128,"column":8},"end":{"line":130,"column":null}},"55":{"start":{"line":129,"column":10},"end":{"line":129,"column":null}},"56":{"start":{"line":133,"column":6},"end":{"line":137,"column":null}},"57":{"start":{"line":134,"column":8},"end":{"line":136,"column":null}},"58":{"start":{"line":135,"column":10},"end":{"line":135,"column":null}},"59":{"start":{"line":139,"column":37},"end":{"line":139,"column":80}},"60":{"start":{"line":140,"column":40},"end":{"line":140,"column":86}},"61":{"start":{"line":142,"column":6},"end":{"line":145,"column":null}},"62":{"start":{"line":143,"column":25},"end":{"line":143,"column":111}},"63":{"start":{"line":143,"column":72},"end":{"line":143,"column":110}},"64":{"start":{"line":144,"column":8},"end":{"line":144,"column":null}},"65":{"start":{"line":147,"column":6},"end":{"line":150,"column":null}},"66":{"start":{"line":148,"column":25},"end":{"line":148,"column":117}},"67":{"start":{"line":148,"column":75},"end":{"line":148,"column":116}},"68":{"start":{"line":149,"column":8},"end":{"line":149,"column":null}},"69":{"start":{"line":154,"column":2},"end":{"line":154,"column":null}},"70":{"start":{"line":34,"column":13},"end":{"line":34,"column":24}}},"fnMap":{"0":{"name":"(anonymous_0)","decl":{"start":{"line":34,"column":24},"end":{"line":34,"column":29}},"loc":{"start":{"line":34,"column":60},"end":{"line":155,"column":1}}},"1":{"name":"(anonymous_1)","decl":{"start":{"line":49,"column":53},"end":{"line":49,"column":54}},"loc":{"start":{"line":49,"column":70},"end":{"line":59,"column":3}}},"2":{"name":"(anonymous_2)","decl":{"start":{"line":62,"column":19},"end":{"line":62,"column":24}},"loc":{"start":{"line":62,"column":42},"end":{"line":151,"column":5}}},"3":{"name":"(anonymous_3)","decl":{"start":{"line":73,"column":33},"end":{"line":73,"column":38}},"loc":{"start":{"line":73,"column":48},"end":{"line":81,"column":9}}},"4":{"name":"(anonymous_4)","decl":{"start":{"line":75,"column":44},"end":{"line":75,"column":45}},"loc":{"start":{"line":75,"column":53},"end":{"line":78,"column":11}}},"5":{"name":"(anonymous_5)","decl":{"start":{"line":115,"column":55},"end":{"line":115,"column":56}},"loc":{"start":{"line":115,"column":65},"end":{"line":115,"column":96}}},"6":{"name":"(anonymous_6)","decl":{"start":{"line":120,"column":58},"end":{"line":120,"column":59}},"loc":{"start":{"line":120,"column":68},"end":{"line":120,"column":102}}},"7":{"name":"(anonymous_7)","decl":{"start":{"line":127,"column":54},"end":{"line":127,"column":55}},"loc":{"start":{"line":127,"column":63},"end":{"line":131,"column":7}}},"8":{"name":"(anonymous_8)","decl":{"start":{"line":133,"column":57},"end":{"line":133,"column":58}},"loc":{"start":{"line":133,"column":66},"end":{"line":137,"column":7}}},"9":{"name":"(anonymous_9)","decl":{"start":{"line":143,"column":62},"end":{"line":143,"column":63}},"loc":{"start":{"line":143,"column":72},"end":{"line":143,"column":110}}},"10":{"name":"(anonymous_10)","decl":{"start":{"line":148,"column":65},"end":{"line":148,"column":66}},"loc":{"start":{"line":148,"column":75},"end":{"line":148,"column":116}}}},"branchMap":{"0":{"loc":{"start":{"line":36,"column":15},"end":{"line":36,"column":53}},"type":"default-arg","locations":[{"start":{"line":36,"column":29},"end":{"line":36,"column":53}}]},"1":{"loc":{"start":{"line":37,"column":9},"end":{"line":37,"column":30}},"type":"default-arg","locations":[{"start":{"line":37,"column":22},"end":{"line":37,"column":30}}]},"2":{"loc":{"start":{"line":38,"column":4},"end":{"line":38,"column":29}},"type":"default-arg","locations":[{"start":{"line":38,"column":12},"end":{"line":38,"column":29}}]},"3":{"loc":{"start":{"line":44,"column":18},"end":{"line":44,"column":105}},"type":"cond-expr","locations":[{"start":{"line":44,"column":45},"end":{"line":44,"column":54}},{"start":{"line":44,"column":57},"end":{"line":44,"column":105}}]},"4":{"loc":{"start":{"line":44,"column":57},"end":{"line":44,"column":105}},"type":"cond-expr","locations":[{"start":{"line":44,"column":89},"end":{"line":44,"column":100}},{"start":{"line":44,"column":103},"end":{"line":44,"column":105}}]},"5":{"loc":{"start":{"line":45,"column":18},"end":{"line":45,"column":105}},"type":"cond-expr","locations":[{"start":{"line":45,"column":45},"end":{"line":45,"column":54}},{"start":{"line":45,"column":57},"end":{"line":45,"column":105}}]},"6":{"loc":{"start":{"line":45,"column":57},"end":{"line":45,"column":105}},"type":"cond-expr","locations":[{"start":{"line":45,"column":89},"end":{"line":45,"column":100}},{"start":{"line":45,"column":103},"end":{"line":45,"column":105}}]},"7":{"loc":{"start":{"line":46,"column":17},"end":{"line":46,"column":100}},"type":"cond-expr","locations":[{"start":{"line":46,"column":43},"end":{"line":46,"column":51}},{"start":{"line":46,"column":54},"end":{"line":46,"column":100}}]},"8":{"loc":{"start":{"line":46,"column":54},"end":{"line":46,"column":100}},"type":"cond-expr","locations":[{"start":{"line":46,"column":85},"end":{"line":46,"column":95}},{"start":{"line":46,"column":98},"end":{"line":46,"column":100}}]},"9":{"loc":{"start":{"line":47,"column":20},"end":{"line":47,"column":85}},"type":"cond-expr","locations":[{"start":{"line":47,"column":49},"end":{"line":47,"column":60}},{"start":{"line":47,"column":63},"end":{"line":47,"column":85}}]},"10":{"loc":{"start":{"line":48,"column":19},"end":{"line":48,"column":76}},"type":"binary-expr","locations":[{"start":{"line":48,"column":20},"end":{"line":48,"column":58}},{"start":{"line":48,"column":63},"end":{"line":48,"column":76}}]},"11":{"loc":{"start":{"line":50,"column":4},"end":{"line":52,"column":null}},"type":"if","locations":[{"start":{"line":50,"column":4},"end":{"line":52,"column":null}}]},"12":{"loc":{"start":{"line":50,"column":8},"end":{"line":50,"column":52}},"type":"binary-expr","locations":[{"start":{"line":50,"column":8},"end":{"line":50,"column":30}},{"start":{"line":50,"column":34},"end":{"line":50,"column":52}}]},"13":{"loc":{"start":{"line":54,"column":4},"end":{"line":56,"column":null}},"type":"if","locations":[{"start":{"line":54,"column":4},"end":{"line":56,"column":null}}]},"14":{"loc":{"start":{"line":54,"column":8},"end":{"line":54,"column":52}},"type":"binary-expr","locations":[{"start":{"line":54,"column":8},"end":{"line":54,"column":30}},{"start":{"line":54,"column":34},"end":{"line":54,"column":52}}]},"15":{"loc":{"start":{"line":80,"column":10},"end":{"line":80,"column":116}},"type":"cond-expr","locations":[{"start":{"line":80,"column":19},"end":{"line":80,"column":66}},{"start":{"line":80,"column":71},"end":{"line":80,"column":115}}]},"16":{"loc":{"start":{"line":90,"column":6},"end":{"line":95,"column":null}},"type":"if","locations":[{"start":{"line":90,"column":6},"end":{"line":95,"column":null}}]},"17":{"loc":{"start":{"line":97,"column":6},"end":{"line":102,"column":null}},"type":"if","locations":[{"start":{"line":97,"column":6},"end":{"line":102,"column":null}}]},"18":{"loc":{"start":{"line":110,"column":6},"end":{"line":112,"column":null}},"type":"if","locations":[{"start":{"line":110,"column":6},"end":{"line":112,"column":null}}]},"19":{"loc":{"start":{"line":110,"column":10},"end":{"line":110,"column":49}},"type":"binary-expr","locations":[{"start":{"line":110,"column":10},"end":{"line":110,"column":26}},{"start":{"line":110,"column":30},"end":{"line":110,"column":49}}]},"20":{"loc":{"start":{"line":114,"column":6},"end":{"line":117,"column":null}},"type":"if","locations":[{"start":{"line":114,"column":6},"end":{"line":117,"column":null}}]},"21":{"loc":{"start":{"line":119,"column":6},"end":{"line":122,"column":null}},"type":"if","locations":[{"start":{"line":119,"column":6},"end":{"line":122,"column":null}}]},"22":{"loc":{"start":{"line":127,"column":18},"end":{"line":127,"column":44}},"type":"binary-expr","locations":[{"start":{"line":127,"column":18},"end":{"line":127,"column":38}},{"start":{"line":127,"column":42},"end":{"line":127,"column":44}}]},"23":{"loc":{"start":{"line":128,"column":8},"end":{"line":130,"column":null}},"type":"if","locations":[{"start":{"line":128,"column":8},"end":{"line":130,"column":null}}]},"24":{"loc":{"start":{"line":128,"column":14},"end":{"line":128,"column":55}},"type":"binary-expr","locations":[{"start":{"line":128,"column":14},"end":{"line":128,"column":27}},{"start":{"line":128,"column":31},"end":{"line":128,"column":55}}]},"25":{"loc":{"start":{"line":133,"column":18},"end":{"line":133,"column":47}},"type":"binary-expr","locations":[{"start":{"line":133,"column":18},"end":{"line":133,"column":41}},{"start":{"line":133,"column":45},"end":{"line":133,"column":47}}]},"26":{"loc":{"start":{"line":134,"column":8},"end":{"line":136,"column":null}},"type":"if","locations":[{"start":{"line":134,"column":8},"end":{"line":136,"column":null}}]},"27":{"loc":{"start":{"line":134,"column":14},"end":{"line":134,"column":55}},"type":"binary-expr","locations":[{"start":{"line":134,"column":14},"end":{"line":134,"column":27}},{"start":{"line":134,"column":31},"end":{"line":134,"column":55}}]},"28":{"loc":{"start":{"line":142,"column":6},"end":{"line":145,"column":null}},"type":"if","locations":[{"start":{"line":142,"column":6},"end":{"line":145,"column":null}}]},"29":{"loc":{"start":{"line":147,"column":6},"end":{"line":150,"column":null}},"type":"if","locations":[{"start":{"line":147,"column":6},"end":{"line":150,"column":null}}]}},"s":{"0":1,"1":1,"2":1,"3":1,"4":1,"5":1,"6":1,"7":1,"8":1,"9":1,"10":2,"11":2,"12":2,"13":2,"14":2,"15":2,"16":2,"17":2,"18":0,"19":2,"20":0,"21":2,"22":2,"23":2,"24":2,"25":2,"26":2,"27":2,"28":2,"29":2,"30":2,"31":2,"32":2,"33":2,"34":2,"35":2,"36":2,"37":2,"38":1,"39":2,"40":1,"41":2,"42":2,"43":2,"44":1,"45":1,"46":1,"47":2,"48":1,"49":1,"50":1,"51":2,"52":2,"53":2,"54":1,"55":1,"56":2,"57":1,"58":1,"59":2,"60":2,"61":2,"62":1,"63":1,"64":1,"65":2,"66":1,"67":1,"68":1,"69":2,"70":1},"f":{"0":2,"1":2,"2":2,"3":2,"4":2,"5":1,"6":1,"7":1,"8":1,"9":1,"10":1},"b":{"0":[2],"1":[1],"2":[0],"3":[0,2],"4":[0,2],"5":[0,2],"6":[0,2],"7":[0,2],"8":[0,2],"9":[2,0],"10":[2,0],"11":[0],"12":[2,2],"13":[0],"14":[2,2],"15":[1,1],"16":[1],"17":[1],"18":[2],"19":[2,1],"20":[1],"21":[1],"22":[2,1],"23":[1],"24":[1,1],"25":[2,1],"26":[1],"27":[1,1],"28":[1],"29":[1]}}
,"/Users/runner/work/dumlj-build/dumlj-build/@cli/tidy-cli/src/actions/readme.ts": {"path":"/Users/runner/work/dumlj-build/dumlj-build/@cli/tidy-cli/src/actions/readme.ts","statementMap":{"0":{"start":{"line":1,"column":0},"end":{"line":1,"column":55}},"1":{"start":{"line":2,"column":0},"end":{"line":2,"column":112}},"2":{"start":{"line":3,"column":0},"end":{"line":3,"column":25}},"3":{"start":{"line":4,"column":0},"end":{"line":4,"column":23}},"4":{"start":{"line":5,"column":0},"end":{"line":5,"column":25}},"5":{"start":{"line":6,"column":0},"end":{"line":6,"column":51}},"6":{"start":{"line":17,"column":26},"end":{"line":42,"column":1}},"7":{"start":{"line":18,"column":110},"end":{"line":18,"column":117}},"8":{"start":{"line":19,"column":14},"end":{"line":19,"column":107}},"9":{"start":{"line":20,"column":20},"end":{"line":20,"column":106}},"10":{"start":{"line":21,"column":2},"end":{"line":24,"column":null}},"11":{"start":{"line":22,"column":4},"end":{"line":22,"column":null}},"12":{"start":{"line":23,"column":4},"end":{"line":23,"column":10}},"13":{"start":{"line":28,"column":16},"end":{"line":36,"column":null}},"14":{"start":{"line":30,"column":26},"end":{"line":30,"column":32}},"15":{"start":{"line":31,"column":27},"end":{"line":31,"column":34}},"16":{"start":{"line":32,"column":19},"end":{"line":32,"column":51}},"17":{"start":{"line":33,"column":22},"end":{"line":33,"column":30}},"18":{"start":{"line":34,"column":6},"end":{"line":34,"column":null}},"19":{"start":{"line":35,"column":6},"end":{"line":35,"column":null}},"20":{"start":{"line":39,"column":18},"end":{"line":39,"column":101}},"21":{"start":{"line":39,"column":58},"end":{"line":39,"column":85}},"22":{"start":{"line":40,"column":2},"end":{"line":40,"column":null}},"23":{"start":{"line":41,"column":2},"end":{"line":41,"column":null}},"24":{"start":{"line":17,"column":13},"end":{"line":17,"column":26}}},"fnMap":{"0":{"name":"(anonymous_0)","decl":{"start":{"line":17,"column":26},"end":{"line":17,"column":31}},"loc":{"start":{"line":17,"column":64},"end":{"line":42,"column":1}}},"1":{"name":"(anonymous_1)","decl":{"start":{"line":29,"column":39},"end":{"line":29,"column":44}},"loc":{"start":{"line":29,"column":56},"end":{"line":36,"column":5}}},"2":{"name":"(anonymous_2)","decl":{"start":{"line":39,"column":40},"end":{"line":39,"column":41}},"loc":{"start":{"line":39,"column":58},"end":{"line":39,"column":85}}}},"branchMap":{"0":{"loc":{"start":{"line":18,"column":10},"end":{"line":18,"column":30}},"type":"default-arg","locations":[{"start":{"line":18,"column":19},"end":{"line":18,"column":30}}]},"1":{"loc":{"start":{"line":19,"column":14},"end":{"line":19,"column":107}},"type":"cond-expr","locations":[{"start":{"line":19,"column":42},"end":{"line":19,"column":47}},{"start":{"line":19,"column":50},"end":{"line":19,"column":107}}]},"2":{"loc":{"start":{"line":19,"column":50},"end":{"line":19,"column":107}},"type":"binary-expr","locations":[{"start":{"line":19,"column":51},"end":{"line":19,"column":89}},{"start":{"line":19,"column":94},"end":{"line":19,"column":107}}]},"3":{"loc":{"start":{"line":21,"column":2},"end":{"line":24,"column":null}},"type":"if","locations":[{"start":{"line":21,"column":2},"end":{"line":24,"column":null}}]},"4":{"loc":{"start":{"line":21,"column":8},"end":{"line":21,"column":39}},"type":"binary-expr","locations":[{"start":{"line":21,"column":8},"end":{"line":21,"column":17}},{"start":{"line":21,"column":21},"end":{"line":21,"column":39}}]}},"s":{"0":1,"1":1,"2":1,"3":1,"4":1,"5":1,"6":1,"7":4,"8":4,"9":4,"10":4,"11":0,"12":0,"13":4,"14":6,"15":6,"16":6,"17":6,"18":6,"19":6,"20":4,"21":6,"22":4,"23":4,"24":1},"f":{"0":4,"1":6,"2":6},"b":{"0":[4],"1":[0,4],"2":[4,0],"3":[0],"4":[4,4]}}
,"/Users/runner/work/dumlj-build/dumlj-build/@cli/tidy-cli/src/actions/tscfg.ts": {"path":"/Users/runner/work/dumlj-build/dumlj-build/@cli/tidy-cli/src/actions/tscfg.ts","statementMap":{"0":{"start":{"line":1,"column":0},"end":{"line":1,"column":49}},"1":{"start":{"line":2,"column":0},"end":{"line":2,"column":55}},"2":{"start":{"line":3,"column":0},"end":{"line":3,"column":25}},"3":{"start":{"line":4,"column":0},"end":{"line":4,"column":36}},"4":{"start":{"line":5,"column":0},"end":{"line":5,"column":23}},"5":{"start":{"line":6,"column":0},"end":{"line":6,"column":25}},"6":{"start":{"line":7,"column":0},"end":{"line":7,"column":35}},"7":{"start":{"line":8,"column":0},"end":{"line":8,"column":45}},"8":{"start":{"line":31,"column":25},"end":{"line":119,"column":1}},"9":{"start":{"line":32,"column":130},"end":{"line":32,"column":143}},"10":{"start":{"line":33,"column":18},"end":{"line":33,"column":105}},"11":{"start":{"line":34,"column":18},"end":{"line":34,"column":105}},"12":{"start":{"line":37,"column":19},"end":{"line":37,"column":76}},"13":{"start":{"line":38,"column":21},"end":{"line":48,"column":4}},"14":{"start":{"line":39,"column":4},"end":{"line":41,"column":null}},"15":{"start":{"line":40,"column":6},"end":{"line":40,"column":null}},"16":{"start":{"line":43,"column":4},"end":{"line":45,"column":null}},"17":{"start":{"line":44,"column":6},"end":{"line":44,"column":null}},"18":{"start":{"line":47,"column":4},"end":{"line":47,"column":null}},"19":{"start":{"line":50,"column":28},"end":{"line":50,"column":30}},"20":{"start":{"line":51,"column":28},"end":{"line":51,"column":30}},"21":{"start":{"line":53,"column":24},"end":{"line":64,"column":3}},"22":{"start":{"line":54,"column":4},"end":{"line":63,"column":null}},"23":{"start":{"line":55,"column":25},"end":{"line":55,"column":48}},"24":{"start":{"line":56,"column":6},"end":{"line":59,"column":null}},"25":{"start":{"line":57,"column":8},"end":{"line":57,"column":null}},"26":{"start":{"line":58,"column":8},"end":{"line":58,"column":null}},"27":{"start":{"line":61,"column":6},"end":{"line":61,"column":null}},"28":{"start":{"line":62,"column":6},"end":{"line":62,"column":null}},"29":{"start":{"line":66,"column":25},"end":{"line":99,"column":null}},"30":{"start":{"line":68,"column":22},"end":{"line":68,"column":51}},"31":{"start":{"line":70,"column":25},"end":{"line":81,"column":8}},"32":{"start":{"line":71,"column":29},"end":{"line":71,"column":74}},"33":{"start":{"line":71,"column":55},"end":{"line":71,"column":73}},"34":{"start":{"line":73,"column":27},"end":{"line":73,"column":56}},"35":{"start":{"line":79,"column":29},"end":{"line":79,"column":63}},"36":{"start":{"line":80,"column":8},"end":{"line":80,"column":null}},"37":{"start":{"line":83,"column":25},"end":{"line":83,"column":53}},"38":{"start":{"line":84,"column":21},"end":{"line":84,"column":50}},"39":{"start":{"line":85,"column":39},"end":{"line":85,"column":51}},"40":{"start":{"line":87,"column":19},"end":{"line":87,"column":45}},"41":{"start":{"line":88,"column":22},"end":{"line":95,"column":null}},"42":{"start":{"line":97,"column":6},"end":{"line":97,"column":null}},"43":{"start":{"line":98,"column":6},"end":{"line":98,"column":null}},"44":{"start":{"line":102,"column":15},"end":{"line":102,"column":42}},"45":{"start":{"line":103,"column":18},"end":{"line":106,"column":null}},"46":{"start":{"line":108,"column":2},"end":{"line":108,"column":null}},"47":{"start":{"line":110,"column":2},"end":{"line":112,"column":null}},"48":{"start":{"line":111,"column":4},"end":{"line":111,"column":null}},"49":{"start":{"line":114,"column":2},"end":{"line":116,"column":null}},"50":{"start":{"line":115,"column":4},"end":{"line":115,"column":null}},"51":{"start":{"line":118,"column":2},"end":{"line":118,"column":null}},"52":{"start":{"line":31,"column":13},"end":{"line":31,"column":25}}},"fnMap":{"0":{"name":"(anonymous_0)","decl":{"start":{"line":31,"column":25},"end":{"line":31,"column":30}},"loc":{"start":{"line":31,"column":62},"end":{"line":119,"column":1}}},"1":{"name":"(anonymous_1)","decl":{"start":{"line":38,"column":53},"end":{"line":38,"column":54}},"loc":{"start":{"line":38,"column":70},"end":{"line":48,"column":3}}},"2":{"name":"(anonymous_2)","decl":{"start":{"line":53,"column":24},"end":{"line":53,"column":29}},"loc":{"start":{"line":53,"column":76},"end":{"line":64,"column":3}}},"3":{"name":"(anonymous_3)","decl":{"start":{"line":67,"column":19},"end":{"line":67,"column":24}},"loc":{"start":{"line":67,"column":65},"end":{"line":99,"column":5}}},"4":{"name":"(anonymous_4)","decl":{"start":{"line":70,"column":51},"end":{"line":70,"column":52}},"loc":{"start":{"line":70,"column":60},"end":{"line":81,"column":7}}},"5":{"name":"(anonymous_5)","decl":{"start":{"line":71,"column":45},"end":{"line":71,"column":46}},"loc":{"start":{"line":71,"column":55},"end":{"line":71,"column":73}}}},"branchMap":{"0":{"loc":{"start":{"line":32,"column":10},"end":{"line":32,"column":46}},"type":"default-arg","locations":[{"start":{"line":32,"column":21},"end":{"line":32,"column":46}}]},"1":{"loc":{"start":{"line":32,"column":48},"end":{"line":32,"column":78}},"type":"default-arg","locations":[{"start":{"line":32,"column":57},"end":{"line":32,"column":78}}]},"2":{"loc":{"start":{"line":32,"column":130},"end":{"line":32,"column":143}},"type":"binary-expr","locations":[{"start":{"line":32,"column":130},"end":{"line":32,"column":137}},{"start":{"line":32,"column":141},"end":{"line":32,"column":143}}]},"3":{"loc":{"start":{"line":33,"column":18},"end":{"line":33,"column":105}},"type":"cond-expr","locations":[{"start":{"line":33,"column":45},"end":{"line":33,"column":54}},{"start":{"line":33,"column":57},"end":{"line":33,"column":105}}]},"4":{"loc":{"start":{"line":33,"column":57},"end":{"line":33,"column":105}},"type":"cond-expr","locations":[{"start":{"line":33,"column":89},"end":{"line":33,"column":100}},{"start":{"line":33,"column":103},"end":{"line":33,"column":105}}]},"5":{"loc":{"start":{"line":34,"column":18},"end":{"line":34,"column":105}},"type":"cond-expr","locations":[{"start":{"line":34,"column":45},"end":{"line":34,"column":54}},{"start":{"line":34,"column":57},"end":{"line":34,"column":105}}]},"6":{"loc":{"start":{"line":34,"column":57},"end":{"line":34,"column":105}},"type":"cond-expr","locations":[{"start":{"line":34,"column":89},"end":{"line":34,"column":100}},{"start":{"line":34,"column":103},"end":{"line":34,"column":105}}]},"7":{"loc":{"start":{"line":37,"column":19},"end":{"line":37,"column":76}},"type":"binary-expr","locations":[{"start":{"line":37,"column":20},"end":{"line":37,"column":58}},{"start":{"line":37,"column":63},"end":{"line":37,"column":76}}]},"8":{"loc":{"start":{"line":39,"column":4},"end":{"line":41,"column":null}},"type":"if","locations":[{"start":{"line":39,"column":4},"end":{"line":41,"column":null}}]},"9":{"loc":{"start":{"line":39,"column":8},"end":{"line":39,"column":52}},"type":"binary-expr","locations":[{"start":{"line":39,"column":8},"end":{"line":39,"column":30}},{"start":{"line":39,"column":34},"end":{"line":39,"column":52}}]},"10":{"loc":{"start":{"line":43,"column":4},"end":{"line":45,"column":null}},"type":"if","locations":[{"start":{"line":43,"column":4},"end":{"line":45,"column":null}}]},"11":{"loc":{"start":{"line":43,"column":8},"end":{"line":43,"column":52}},"type":"binary-expr","locations":[{"start":{"line":43,"column":8},"end":{"line":43,"column":30}},{"start":{"line":43,"column":34},"end":{"line":43,"column":52}}]},"12":{"loc":{"start":{"line":54,"column":4},"end":{"line":63,"column":null}},"type":"if","locations":[{"start":{"line":54,"column":4},"end":{"line":63,"column":null}},{"start":{"line":60,"column":11},"end":{"line":63,"column":null}}]},"13":{"loc":{"start":{"line":56,"column":6},"end":{"line":59,"column":null}},"type":"if","locations":[{"start":{"line":56,"column":6},"end":{"line":59,"column":null}}]},"14":{"loc":{"start":{"line":85,"column":14},"end":{"line":85,"column":34}},"type":"default-arg","locations":[{"start":{"line":85,"column":32},"end":{"line":85,"column":34}}]},"15":{"loc":{"start":{"line":85,"column":39},"end":{"line":85,"column":51}},"type":"binary-expr","locations":[{"start":{"line":85,"column":39},"end":{"line":85,"column":45}},{"start":{"line":85,"column":49},"end":{"line":85,"column":51}}]},"16":{"loc":{"start":{"line":110,"column":2},"end":{"line":112,"column":null}},"type":"if","locations":[{"start":{"line":110,"column":2},"end":{"line":112,"column":null}}]},"17":{"loc":{"start":{"line":114,"column":2},"end":{"line":116,"column":null}},"type":"if","locations":[{"start":{"line":114,"column":2},"end":{"line":116,"column":null}}]}},"s":{"0":1,"1":1,"2":1,"3":1,"4":1,"5":1,"6":1,"7":1,"8":1,"9":1,"10":1,"11":1,"12":1,"13":1,"14":2,"15":0,"16":2,"17":0,"18":2,"19":1,"20":1,"21":1,"22":3,"23":0,"24":0,"25":0,"26":0,"27":3,"28":3,"29":1,"30":2,"31":2,"32":1,"33":1,"34":1,"35":1,"36":1,"37":2,"38":2,"39":2,"40":2,"41":2,"42":2,"43":2,"44":1,"45":1,"46":1,"47":1,"48":1,"49":1,"50":0,"51":1,"52":1},"f":{"0":1,"1":2,"2":3,"3":2,"4":1,"5":1},"b":{"0":[0],"1":[0],"2":[1,0],"3":[0,1],"4":[0,1],"5":[0,1],"6":[0,1],"7":[1,0],"8":[0],"9":[2,2],"10":[0],"11":[2,2],"12":[0,3],"13":[0],"14":[0],"15":[2,0],"16":[1],"17":[0]}}
,"/Users/runner/work/dumlj-build/dumlj-build/@cli/tidy-cli/src/services/logger.ts": {"path":"/Users/runner/work/dumlj-build/dumlj-build/@cli/tidy-cli/src/services/logger.ts","statementMap":{"0":{"start":{"line":1,"column":0},"end":{"line":1,"column":52}},"1":{"start":{"line":3,"column":13},"end":{"line":3,"column":40}}},"fnMap":{},"branchMap":{},"s":{"0":3,"1":3},"f":{},"b":{}}
,"/Users/runner/work/dumlj-build/dumlj-build/@cli/tidy-cli/src/utils/findSiblingsVersion.ts": {"path":"/Users/runner/work/dumlj-build/dumlj-build/@cli/tidy-cli/src/utils/findSiblingsVersion.ts","statementMap":{"0":{"start":{"line":1,"column":0},"end":{"line":1,"column":25}},"1":{"start":{"line":2,"column":0},"end":{"line":2,"column":23}},"2":{"start":{"line":3,"column":0},"end":{"line":3,"column":42}},"3":{"start":{"line":5,"column":35},"end":{"line":33,"column":1}},"4":{"start":{"line":6,"column":22},"end":{"line":6,"column":36}},"5":{"start":{"line":7,"column":2},"end":{"line":13,"column":null}},"6":{"start":{"line":8,"column":20},"end":{"line":8,"column":61}},"7":{"start":{"line":9,"column":24},"end":{"line":9,"column":50}},"8":{"start":{"line":10,"column":4},"end":{"line":10,"column":null}},"9":{"start":{"line":15,"column":2},"end":{"line":30,"column":null}},"10":{"start":{"line":16,"column":18},"end":{"line":16,"column":39}},"11":{"start":{"line":17,"column":4},"end":{"line":27,"column":43}},"12":{"start":{"line":18,"column":22},"end":{"line":18,"column":67}},"13":{"start":{"line":19,"column":6},"end":{"line":24,"column":null}},"14":{"start":{"line":20,"column":23},"end":{"line":20,"column":49}},"15":{"start":{"line":21,"column":8},"end":{"line":23,"column":null}},"16":{"start":{"line":22,"column":10},"end":{"line":22,"column":null}},"17":{"start":{"line":26,"column":6},"end":{"line":26,"column":null}},"18":{"start":{"line":32,"column":2},"end":{"line":32,"column":null}},"19":{"start":{"line":5,"column":13},"end":{"line":5,"column":35}}},"fnMap":{"0":{"name":"(anonymous_0)","decl":{"start":{"line":5,"column":35},"end":{"line":5,"column":40}},"loc":{"start":{"line":5,"column":58},"end":{"line":33,"column":1}}}},"branchMap":{"0":{"loc":{"start":{"line":19,"column":6},"end":{"line":24,"column":null}},"type":"if","locations":[{"start":{"line":19,"column":6},"end":{"line":24,"column":null}}]},"1":{"loc":{"start":{"line":21,"column":8},"end":{"line":23,"column":null}},"type":"if","locations":[{"start":{"line":21,"column":8},"end":{"line":23,"column":null}}]}},"s":{"0":2,"1":2,"2":2,"3":2,"4":3,"5":3,"6":3,"7":0,"8":0,"9":3,"10":3,"11":0,"12":0,"13":0,"14":0,"15":0,"16":0,"17":0,"18":3,"19":2},"f":{"0":3},"b":{"0":[0],"1":[0]}}
,"/Users/runner/work/dumlj-build/dumlj-build/@feature/feature-prepare/src/findTsConfig.ts": {"path":"/Users/runner/work/dumlj-build/dumlj-build/@feature/feature-prepare/src/findTsConfig.ts","statementMap":{"0":{"start":{"line":1,"column":0},"end":{"line":1,"column":25}},"1":{"start":{"line":2,"column":0},"end":{"line":2,"column":23}},"2":{"start":{"line":21,"column":28},"end":{"line":38,"column":1}},"3":{"start":{"line":22,"column":29},"end":{"line":22,"column":42}},"4":{"start":{"line":23,"column":2},"end":{"line":25,"column":null}},"5":{"start":{"line":24,"column":4},"end":{"line":24,"column":null}},"6":{"start":{"line":27,"column":17},"end":{"line":27,"column":35}},"7":{"start":{"line":28,"column":19},"end":{"line":28,"column":53}},"8":{"start":{"line":29,"column":2},"end":{"line":31,"column":null}},"9":{"start":{"line":30,"column":4},"end":{"line":30,"column":null}},"10":{"start":{"line":33,"column":2},"end":{"line":35,"column":null}},"11":{"start":{"line":34,"column":4},"end":{"line":34,"column":null}},"12":{"start":{"line":37,"column":2},"end":{"line":37,"column":null}},"13":{"start":{"line":21,"column":13},"end":{"line":21,"column":28}}},"fnMap":{"0":{"name":"(anonymous_0)","decl":{"start":{"line":21,"column":28},"end":{"line":21,"column":33}},"loc":{"start":{"line":21,"column":109},"end":{"line":38,"column":1}}}},"branchMap":{"0":{"loc":{"start":{"line":22,"column":10},"end":{"line":22,"column":24}},"type":"default-arg","locations":[{"start":{"line":22,"column":16},"end":{"line":22,"column":24}}]},"1":{"loc":{"start":{"line":22,"column":29},"end":{"line":22,"column":42}},"type":"binary-expr","locations":[{"start":{"line":22,"column":29},"end":{"line":22,"column":36}},{"start":{"line":22,"column":40},"end":{"line":22,"column":42}}]},"2":{"loc":{"start":{"line":23,"column":2},"end":{"line":25,"column":null}},"type":"if","locations":[{"start":{"line":23,"column":2},"end":{"line":25,"column":null}}]},"3":{"loc":{"start":{"line":29,"column":2},"end":{"line":31,"column":null}},"type":"if","locations":[{"start":{"line":29,"column":2},"end":{"line":31,"column":null}}]},"4":{"loc":{"start":{"line":33,"column":2},"end":{"line":35,"column":null}},"type":"if","locations":[{"start":{"line":33,"column":2},"end":{"line":35,"column":null}}]}},"s":{"0":3,"1":3,"2":3,"3":9,"4":9,"5":1,"6":8,"7":8,"8":8,"9":6,"10":2,"11":1,"12":1,"13":3},"f":{"0":9},"b":{"0":[6],"1":[9,6],"2":[1],"3":[6],"4":[1]}}
,"/Users/runner/work/dumlj-build/dumlj-build/@feature/feature-prepare/src/prepare.ts": {"path":"/Users/runner/work/dumlj-build/dumlj-build/@feature/feature-prepare/src/prepare.ts","statementMap":{"0":{"start":{"line":1,"column":0},"end":{"line":1,"column":25}},"1":{"start":{"line":2,"column":0},"end":{"line":2,"column":23}},"2":{"start":{"line":3,"column":0},"end":{"line":3,"column":44}},"3":{"start":{"line":4,"column":0},"end":{"line":4,"column":33}},"4":{"start":{"line":5,"column":0},"end":{"line":5,"column":29}},"5":{"start":{"line":6,"column":0},"end":{"line":6,"column":45}},"6":{"start":{"line":25,"column":23},"end":{"line":69,"column":1}},"7":{"start":{"line":26,"column":38},"end":{"line":26,"column":51}},"8":{"start":{"line":27,"column":69},"end":{"line":27,"column":77}},"9":{"start":{"line":29,"column":19},"end":{"line":29,"column":70}},"10":{"start":{"line":30,"column":18},"end":{"line":30,"column":40}},"11":{"start":{"line":32,"column":22},"end":{"line":32,"column":94}},"12":{"start":{"line":32,"column":74},"end":{"line":32,"column":93}},"13":{"start":{"line":33,"column":2},"end":{"line":65,"column":null}},"14":{"start":{"line":34,"column":4},"end":{"line":53,"column":null}},"15":{"start":{"line":36,"column":29},"end":{"line":36,"column":66}},"16":{"start":{"line":37,"column":28},"end":{"line":37,"column":95}},"17":{"start":{"line":38,"column":25},"end":{"line":38,"column":108}},"18":{"start":{"line":40,"column":8},"end":{"line":49,"column":null}},"19":{"start":{"line":41,"column":38},"end":{"line":41,"column":61}},"20":{"start":{"line":42,"column":10},"end":{"line":42,"column":null}},"21":{"start":{"line":44,"column":10},"end":{"line":48,"column":null}},"22":{"start":{"line":45,"column":23},"end":{"line":45,"column":47}},"23":{"start":{"line":46,"column":29},"end":{"line":46,"column":57}},"24":{"start":{"line":47,"column":12},"end":{"line":47,"column":null}},"25":{"start":{"line":51,"column":8},"end":{"line":51,"column":13}},"26":{"start":{"line":55,"column":4},"end":{"line":64,"column":null}},"27":{"start":{"line":56,"column":6},"end":{"line":56,"column":null}},"28":{"start":{"line":59,"column":8},"end":{"line":61,"column":36}},"29":{"start":{"line":60,"column":62},"end":{"line":60,"column":83}},"30":{"start":{"line":63,"column":6},"end":{"line":63,"column":null}},"31":{"start":{"line":68,"column":2},"end":{"line":68,"column":null}},"32":{"start":{"line":25,"column":13},"end":{"line":25,"column":23}}},"fnMap":{"0":{"name":"(anonymous_0)","decl":{"start":{"line":25,"column":23},"end":{"line":25,"column":28}},"loc":{"start":{"line":25,"column":93},"end":{"line":69,"column":1}}},"1":{"name":"(anonymous_1)","decl":{"start":{"line":32,"column":61},"end":{"line":32,"column":62}},"loc":{"start":{"line":32,"column":74},"end":{"line":32,"column":93}}},"2":{"name":"(anonymous_2)","decl":{"start":{"line":60,"column":49},"end":{"line":60,"column":50}},"loc":{"start":{"line":60,"column":62},"end":{"line":60,"column":83}}}},"branchMap":{"0":{"loc":{"start":{"line":26,"column":10},"end":{"line":26,"column":29}},"type":"default-arg","locations":[{"start":{"line":26,"column":16},"end":{"line":26,"column":29}}]},"1":{"loc":{"start":{"line":26,"column":38},"end":{"line":26,"column":51}},"type":"binary-expr","locations":[{"start":{"line":26,"column":38},"end":{"line":26,"column":45}},{"start":{"line":26,"column":49},"end":{"line":26,"column":51}}]},"2":{"loc":{"start":{"line":27,"column":22},"end":{"line":27,"column":52}},"type":"default-arg","locations":[{"start":{"line":27,"column":37},"end":{"line":27,"column":52}}]},"3":{"loc":{"start":{"line":27,"column":69},"end":{"line":27,"column":77}},"type":"binary-expr","locations":[{"start":{"line":27,"column":69},"end":{"line":27,"column":71}},{"start":{"line":27,"column":75},"end":{"line":27,"column":77}}]},"4":{"loc":{"start":{"line":29,"column":19},"end":{"line":29,"column":70}},"type":"cond-expr","locations":[{"start":{"line":29,"column":43},"end":{"line":29,"column":47}},{"start":{"line":29,"column":50},"end":{"line":29,"column":70}}]},"5":{"loc":{"start":{"line":33,"column":2},"end":{"line":65,"column":null}},"type":"if","locations":[{"start":{"line":33,"column":2},"end":{"line":65,"column":null}}]},"6":{"loc":{"start":{"line":34,"column":4},"end":{"line":53,"column":null}},"type":"switch","locations":[{"start":{"line":35,"column":6},"end":{"line":52,"column":null}}]},"7":{"loc":{"start":{"line":37,"column":28},"end":{"line":37,"column":95}},"type":"cond-expr","locations":[{"start":{"line":37,"column":63},"end":{"line":37,"column":89}},{"start":{"line":37,"column":92},"end":{"line":37,"column":95}}]},"8":{"loc":{"start":{"line":38,"column":25},"end":{"line":38,"column":108}},"type":"cond-expr","locations":[{"start":{"line":38,"column":57},"end":{"line":38,"column":69}},{"start":{"line":38,"column":72},"end":{"line":38,"column":108}}]},"9":{"loc":{"start":{"line":40,"column":8},"end":{"line":49,"column":null}},"type":"if","locations":[{"start":{"line":40,"column":8},"end":{"line":49,"column":null}}]},"10":{"loc":{"start":{"line":44,"column":10},"end":{"line":48,"column":null}},"type":"if","locations":[{"start":{"line":44,"column":10},"end":{"line":48,"column":null}}]},"11":{"loc":{"start":{"line":59,"column":8},"end":{"line":61,"column":36}},"type":"cond-expr","locations":[{"start":{"line":60,"column":13},"end":{"line":60,"column":95}},{"start":{"line":61,"column":13},"end":{"line":61,"column":36}}]},"12":{"loc":{"start":{"line":59,"column":8},"end":{"line":59,"column":85}},"type":"binary-expr","locations":[{"start":{"line":59,"column":8},"end":{"line":59,"column":38}},{"start":{"line":59,"column":43},"end":{"line":59,"column":85}}]}},"s":{"0":2,"1":2,"2":2,"3":2,"4":2,"5":2,"6":2,"7":3,"8":3,"9":3,"10":3,"11":3,"12":57,"13":3,"14":3,"15":3,"16":3,"17":3,"18":3,"19":3,"20":3,"21":3,"22":1,"23":1,"24":1,"25":3,"26":3,"27":3,"28":1,"29":6,"30":1,"31":2,"32":2},"f":{"0":3,"1":57,"2":6},"b":{"0":[2],"1":[3,2],"2":[3],"3":[3,2],"4":[3,0],"5":[3],"6":[3],"7":[3,0],"8":[0,3],"9":[3],"10":[1],"11":[1,0],"12":[1,1]}}
,"/Users/runner/work/dumlj-build/dumlj-build/@feature/feature-pretty/src/createPretty.ts": {"path":"/Users/runner/work/dumlj-build/dumlj-build/@feature/feature-pretty/src/createPretty.ts","statementMap":{"0":{"start":{"line":1,"column":0},"end":{"line":1,"column":54}},"1":{"start":{"line":9,"column":28},"end":{"line":30,"column":1}},"2":{"start":{"line":10,"column":18},"end":{"line":10,"column":49}},"3":{"start":{"line":17,"column":36},"end":{"line":17,"column":44}},"4":{"start":{"line":19,"column":2},"end":{"line":29,"column":null}},"5":{"start":{"line":21,"column":6},"end":{"line":24,"column":null}},"6":{"start":{"line":22,"column":24},"end":{"line":22,"column":56}},"7":{"start":{"line":23,"column":8},"end":{"line":23,"column":null}},"8":{"start":{"line":26,"column":6},"end":{"line":26,"column":null}},"9":{"start":{"line":9,"column":13},"end":{"line":9,"column":28}}},"fnMap":{"0":{"name":"(anonymous_0)","decl":{"start":{"line":9,"column":28},"end":{"line":9,"column":29}},"loc":{"start":{"line":9,"column":45},"end":{"line":30,"column":1}}},"1":{"name":"(anonymous_1)","decl":{"start":{"line":20,"column":4},"end":{"line":20,"column":5}},"loc":{"start":{"line":20,"column":31},"end":{"line":27,"column":5}}},"2":{"name":"(anonymous_2)","decl":{"start":{"line":21,"column":23},"end":{"line":21,"column":24}},"loc":{"start":{"line":21,"column":74},"end":{"line":24,"column":7}}}},"branchMap":{"0":{"loc":{"start":{"line":21,"column":49},"end":{"line":21,"column":70}},"type":"default-arg","locations":[{"start":{"line":21,"column":68},"end":{"line":21,"column":70}}]}},"s":{"0":4,"1":4,"2":3,"3":3,"4":3,"5":15,"6":20,"7":20,"8":15,"9":4},"f":{"0":3,"1":15,"2":20},"b":{"0":[0]}}
,"/Users/runner/work/dumlj-build/dumlj-build/@feature/feature-pretty/src/index.ts": {"path":"/Users/runner/work/dumlj-build/dumlj-build/@feature/feature-pretty/src/index.ts","statementMap":{"0":{"start":{"line":1,"column":0},"end":{"line":1,"column":30}},"1":{"start":{"line":2,"column":0},"end":{"line":2,"column":24}},"2":{"start":{"line":3,"column":0},"end":{"line":3,"column":32}},"3":{"start":{"line":4,"column":0},"end":{"line":4,"column":23}}},"fnMap":{},"branchMap":{},"s":{"0":1,"1":1,"2":1,"3":1},"f":{},"b":{}}
,"/Users/runner/work/dumlj-build/dumlj-build/@feature/feature-pretty/src/logger.ts": {"path":"/Users/runner/work/dumlj-build/dumlj-build/@feature/feature-pretty/src/logger.ts","statementMap":{"0":{"start":{"line":1,"column":0},"end":{"line":1,"column":49}},"1":{"start":{"line":4,"column":13},"end":{"line":4,"column":null}},"2":{"start":{"line":7,"column":13},"end":{"line":7,"column":null}},"3":{"start":{"line":10,"column":13},"end":{"line":10,"column":null}},"4":{"start":{"line":13,"column":13},"end":{"line":13,"column":null}},"5":{"start":{"line":16,"column":13},"end":{"line":16,"column":null}},"6":{"start":{"line":19,"column":25},"end":{"line":19,"column":114}},"7":{"start":{"line":19,"column":31},"end":{"line":19,"column":114}},"8":{"start":{"line":19,"column":13},"end":{"line":19,"column":25}},"9":{"start":{"line":22,"column":28},"end":{"line":22,"column":128}},"10":{"start":{"line":22,"column":34},"end":{"line":22,"column":128}},"11":{"start":{"line":22,"column":13},"end":{"line":22,"column":28}}},"fnMap":{"0":{"name":"(anonymous_0)","decl":{"start":{"line":19,"column":25},"end":{"line":19,"column":28}},"loc":{"start":{"line":19,"column":31},"end":{"line":19,"column":114}}},"1":{"name":"(anonymous_1)","decl":{"start":{"line":22,"column":28},"end":{"line":22,"column":31}},"loc":{"start":{"line":22,"column":34},"end":{"line":22,"column":128}}}},"branchMap":{"0":{"loc":{"start":{"line":22,"column":55},"end":{"line":22,"column":127}},"type":"cond-expr","locations":[{"start":{"line":22,"column":86},"end":{"line":22,"column":102}},{"start":{"line":22,"column":105},"end":{"line":22,"column":127}}]}},"s":{"0":4,"1":4,"2":4,"3":4,"4":4,"5":4,"6":4,"7":0,"8":4,"9":4,"10":3,"11":4},"f":{"0":0,"1":3},"b":{"0":[0,3]}}
,"/Users/runner/work/dumlj-build/dumlj-build/@feature/feature-pretty/src/pretty.ts": {"path":"/Users/runner/work/dumlj-build/dumlj-build/@feature/feature-pretty/src/pretty.ts","statementMap":{"0":{"start":{"line":1,"column":0},"end":{"line":1,"column":38}},"1":{"start":{"line":5,"column":22},"end":{"line":12,"column":1}},"2":{"start":{"line":6,"column":30},"end":{"line":6,"column":43}},"3":{"start":{"line":7,"column":17},"end":{"line":7,"column":63}},"4":{"start":{"line":8,"column":13},"end":{"line":8,"column":30}},"5":{"start":{"line":9,"column":24},"end":{"line":9,"column":41}},"6":{"start":{"line":10,"column":18},"end":{"line":10,"column":84}},"7":{"start":{"line":11,"column":2},"end":{"line":11,"column":null}},"8":{"start":{"line":5,"column":13},"end":{"line":5,"column":22}}},"fnMap":{"0":{"name":"(anonymous_0)","decl":{"start":{"line":5,"column":22},"end":{"line":5,"column":23}},"loc":{"start":{"line":5,"column":66},"end":{"line":12,"column":1}}}},"branchMap":{"0":{"loc":{"start":{"line":6,"column":30},"end":{"line":6,"column":43}},"type":"binary-expr","locations":[{"start":{"line":6,"column":30},"end":{"line":6,"column":37}},{"start":{"line":6,"column":41},"end":{"line":6,"column":43}}]},"1":{"loc":{"start":{"line":7,"column":17},"end":{"line":7,"column":63}},"type":"cond-expr","locations":[{"start":{"line":7,"column":41},"end":{"line":7,"column":45}},{"start":{"line":7,"column":48},"end":{"line":7,"column":63}}]},"2":{"loc":{"start":{"line":10,"column":38},"end":{"line":10,"column":82}},"type":"cond-expr","locations":[{"start":{"line":10,"column":57},"end":{"line":10,"column":77}},{"start":{"line":10,"column":80},"end":{"line":10,"column":82}}]},"3":{"loc":{"start":{"line":11,"column":20},"end":{"line":11,"column":61}},"type":"cond-expr","locations":[{"start":{"line":11,"column":29},"end":{"line":11,"column":51}},{"start":{"line":11,"column":54},"end":{"line":11,"column":61}}]}},"s":{"0":4,"1":4,"2":20,"3":20,"4":20,"5":20,"6":20,"7":20,"8":4},"f":{"0":20},"b":{"0":[20,0],"1":[5,15],"2":[5,15],"3":[20,0]}}
,"/Users/runner/work/dumlj-build/dumlj-build/@feature/feature-pretty/src/registerPretty.ts": {"path":"/Users/runner/work/dumlj-build/dumlj-build/@feature/feature-pretty/src/registerPretty.ts","statementMap":{"0":{"start":{"line":1,"column":0},"end":{"line":1,"column":41}},"1":{"start":{"line":2,"column":0},"end":{"line":2,"column":33}},"2":{"start":{"line":6,"column":18},"end":{"line":6,"column":112}},"3":{"start":{"line":19,"column":30},"end":{"line":32,"column":1}},"4":{"start":{"line":19,"column":96},"end":{"line":32,"column":1}},"5":{"start":{"line":20,"column":76},"end":{"line":20,"column":97}},"6":{"start":{"line":21,"column":63},"end":{"line":21,"column":76}},"7":{"start":{"line":22,"column":45},"end":{"line":22,"column":86}},"8":{"start":{"line":23,"column":18},"end":{"line":23,"column":59}},"9":{"start":{"line":25,"column":15},"end":{"line":25,"column":83}},"10":{"start":{"line":26,"column":2},"end":{"line":29,"column":null}},"11":{"start":{"line":28,"column":4},"end":{"line":28,"column":null}},"12":{"start":{"line":31,"column":2},"end":{"line":31,"column":null}},"13":{"start":{"line":19,"column":13},"end":{"line":19,"column":30}}},"fnMap":{"0":{"name":"(anonymous_0)","decl":{"start":{"line":19,"column":30},"end":{"line":19,"column":31}},"loc":{"start":{"line":19,"column":96},"end":{"line":32,"column":1}}},"1":{"name":"(anonymous_1)","decl":{"start":{"line":19,"column":96},"end":{"line":19,"column":97}},"loc":{"start":{"line":19,"column":140},"end":{"line":32,"column":1}}}},"branchMap":{"0":{"loc":{"start":{"line":6,"column":18},"end":{"line":6,"column":112}},"type":"cond-expr","locations":[{"start":{"line":6,"column":61},"end":{"line":6,"column":65}},{"start":{"line":6,"column":68},"end":{"line":6,"column":112}}]},"1":{"loc":{"start":{"line":6,"column":68},"end":{"line":6,"column":112}},"type":"cond-expr","locations":[{"start":{"line":6,"column":100},"end":{"line":6,"column":105}},{"start":{"line":6,"column":108},"end":{"line":6,"column":112}}]},"2":{"loc":{"start":{"line":20,"column":18},"end":{"line":20,"column":43}},"type":"default-arg","locations":[{"start":{"line":20,"column":38},"end":{"line":20,"column":43}}]},"3":{"loc":{"start":{"line":20,"column":54},"end":{"line":20,"column":71}},"type":"default-arg","locations":[{"start":{"line":20,"column":66},"end":{"line":20,"column":71}}]},"4":{"loc":{"start":{"line":20,"column":76},"end":{"line":20,"column":97}},"type":"binary-expr","locations":[{"start":{"line":20,"column":76},"end":{"line":20,"column":91}},{"start":{"line":20,"column":95},"end":{"line":20,"column":97}}]},"5":{"loc":{"start":{"line":21,"column":10},"end":{"line":21,"column":42}},"type":"default-arg","locations":[{"start":{"line":21,"column":20},"end":{"line":21,"column":42}}]},"6":{"loc":{"start":{"line":21,"column":20},"end":{"line":21,"column":42}},"type":"binary-expr","locations":[{"start":{"line":21,"column":20},"end":{"line":21,"column":29}},{"start":{"line":21,"column":33},"end":{"line":21,"column":42}}]},"7":{"loc":{"start":{"line":21,"column":63},"end":{"line":21,"column":76}},"type":"binary-expr","locations":[{"start":{"line":21,"column":63},"end":{"line":21,"column":70}},{"start":{"line":21,"column":74},"end":{"line":21,"column":76}}]},"8":{"loc":{"start":{"line":23,"column":18},"end":{"line":23,"column":59}},"type":"cond-expr","locations":[{"start":{"line":23,"column":27},"end":{"line":23,"column":49}},{"start":{"line":23,"column":52},"end":{"line":23,"column":59}}]},"9":{"loc":{"start":{"line":25,"column":15},"end":{"line":25,"column":83}},"type":"cond-expr","locations":[{"start":{"line":25,"column":52},"end":{"line":25,"column":73}},{"start":{"line":25,"column":76},"end":{"line":25,"column":83}}]},"10":{"loc":{"start":{"line":26,"column":2},"end":{"line":29,"column":null}},"type":"if","locations":[{"start":{"line":26,"column":2},"end":{"line":29,"column":null}}]},"11":{"loc":{"start":{"line":26,"column":8},"end":{"line":26,"column":37}},"type":"binary-expr","locations":[{"start":{"line":26,"column":8},"end":{"line":26,"column":25}},{"start":{"line":26,"column":29},"end":{"line":26,"column":37}}]}},"s":{"0":4,"1":4,"2":4,"3":4,"4":20,"5":20,"6":20,"7":20,"8":20,"9":20,"10":20,"11":17,"12":20,"13":4},"f":{"0":20,"1":20},"b":{"0":[0,4],"1":[1,3],"2":[16],"3":[16],"4":[20,4],"5":[0],"6":[0,0],"7":[20,0],"8":[12,8],"9":[20,0],"10":[17],"11":[20,4]}}
,"/Users/runner/work/dumlj-build/dumlj-build/@feature/feature-readme/src/renderer/compileSnippets.ts": {"path":"/Users/runner/work/dumlj-build/dumlj-build/@feature/feature-readme/src/renderer/compileSnippets.ts","statementMap":{"0":{"start":{"line":1,"column":0},"end":{"line":1,"column":48}},"1":{"start":{"line":2,"column":0},"end":{"line":2,"column":69}},"2":{"start":{"line":27,"column":31},"end":{"line":57,"column":1}},"3":{"start":{"line":28,"column":36},"end":{"line":28,"column":42}},"4":{"start":{"line":29,"column":25},"end":{"line":45,"column":null}},"5":{"start":{"line":31,"column":23},"end":{"line":31,"column":61}},"6":{"start":{"line":32,"column":6},"end":{"line":34,"column":null}},"7":{"start":{"line":33,"column":8},"end":{"line":33,"column":14}},"8":{"start":{"line":36,"column":6},"end":{"line":38,"column":null}},"9":{"start":{"line":37,"column":8},"end":{"line":37,"column":null}},"10":{"start":{"line":41,"column":6},"end":{"line":44,"column":null}},"11":{"start":{"line":42,"column":23},"end":{"line":42,"column":42}},"12":{"start":{"line":43,"column":8},"end":{"line":43,"column":null}},"13":{"start":{"line":48,"column":18},"end":{"line":48,"column":48}},"14":{"start":{"line":49,"column":2},"end":{"line":51,"column":null}},"15":{"start":{"line":50,"column":4},"end":{"line":50,"column":10}},"16":{"start":{"line":53,"column":2},"end":{"line":56,"column":null}},"17":{"start":{"line":54,"column":20},"end":{"line":54,"column":60}},"18":{"start":{"line":54,"column":44},"end":{"line":54,"column":59}},"19":{"start":{"line":55,"column":4},"end":{"line":55,"column":null}},"20":{"start":{"line":27,"column":13},"end":{"line":27,"column":31}}},"fnMap":{"0":{"name":"(anonymous_0)","decl":{"start":{"line":27,"column":31},"end":{"line":27,"column":36}},"loc":{"start":{"line":27,"column":71},"end":{"line":57,"column":1}}},"1":{"name":"(anonymous_1)","decl":{"start":{"line":30,"column":17},"end":{"line":30,"column":22}},"loc":{"start":{"line":30,"column":35},"end":{"line":45,"column":5}}},"2":{"name":"(anonymous_2)","decl":{"start":{"line":41,"column":13},"end":{"line":41,"column":14}},"loc":{"start":{"line":41,"column":46},"end":{"line":44,"column":7}}},"3":{"name":"(anonymous_3)","decl":{"start":{"line":53,"column":9},"end":{"line":53,"column":10}},"loc":{"start":{"line":53,"column":43},"end":{"line":56,"column":3}}},"4":{"name":"(anonymous_4)","decl":{"start":{"line":54,"column":32},"end":{"line":54,"column":33}},"loc":{"start":{"line":54,"column":44},"end":{"line":54,"column":59}}}},"branchMap":{"0":{"loc":{"start":{"line":32,"column":6},"end":{"line":34,"column":null}},"type":"if","locations":[{"start":{"line":32,"column":6},"end":{"line":34,"column":null}}]},"1":{"loc":{"start":{"line":36,"column":6},"end":{"line":38,"column":null}},"type":"if","locations":[{"start":{"line":36,"column":6},"end":{"line":38,"column":null}}]},"2":{"loc":{"start":{"line":49,"column":2},"end":{"line":51,"column":null}},"type":"if","locations":[{"start":{"line":49,"column":2},"end":{"line":51,"column":null}}]}},"s":{"0":1,"1":1,"2":1,"3":3,"4":3,"5":3,"6":3,"7":1,"8":2,"9":2,"10":2,"11":2,"12":2,"13":3,"14":3,"15":1,"16":2,"17":2,"18":2,"19":2,"20":1},"f":{"0":3,"1":3,"2":2,"3":2,"4":2},"b":{"0":[1],"1":[2],"2":[1]}}
,"/Users/runner/work/dumlj-build/dumlj-build/@feature/feature-readme/src/renderer/renderStore.ts": {"path":"/Users/runner/work/dumlj-build/dumlj-build/@feature/feature-readme/src/renderer/renderStore.ts","statementMap":{"0":{"start":{"line":1,"column":0},"end":{"line":1,"column":25}},"1":{"start":{"line":2,"column":0},"end":{"line":2,"column":35}},"2":{"start":{"line":11,"column":23},"end":{"line":11,"column":48}},"3":{"start":{"line":13,"column":28},"end":{"line":13,"column":70}},"4":{"start":{"line":13,"column":46},"end":{"line":13,"column":70}},"5":{"start":{"line":13,"column":13},"end":{"line":13,"column":28}},"6":{"start":{"line":15,"column":25},"end":{"line":15,"column":67}},"7":{"start":{"line":15,"column":43},"end":{"line":15,"column":67}},"8":{"start":{"line":15,"column":13},"end":{"line":15,"column":25}},"9":{"start":{"line":17,"column":27},"end":{"line":17,"column":55}},"10":{"start":{"line":17,"column":33},"end":{"line":17,"column":55}},"11":{"start":{"line":17,"column":13},"end":{"line":17,"column":27}},"12":{"start":{"line":19,"column":24},"end":{"line":19,"column":44}},"13":{"start":{"line":19,"column":30},"end":{"line":19,"column":44}},"14":{"start":{"line":19,"column":13},"end":{"line":19,"column":24}},"15":{"start":{"line":21,"column":27},"end":{"line":24,"column":1}},"16":{"start":{"line":22,"column":17},"end":{"line":22,"column":60}},"17":{"start":{"line":23,"column":2},"end":{"line":23,"column":null}},"18":{"start":{"line":21,"column":13},"end":{"line":21,"column":27}},"19":{"start":{"line":26,"column":28},"end":{"line":30,"column":1}},"20":{"start":{"line":27,"column":17},"end":{"line":27,"column":40}},"21":{"start":{"line":28,"column":2},"end":{"line":28,"column":null}},"22":{"start":{"line":29,"column":2},"end":{"line":29,"column":null}},"23":{"start":{"line":26,"column":13},"end":{"line":26,"column":28}}},"fnMap":{"0":{"name":"(anonymous_0)","decl":{"start":{"line":13,"column":28},"end":{"line":13,"column":29}},"loc":{"start":{"line":13,"column":46},"end":{"line":13,"column":70}}},"1":{"name":"(anonymous_1)","decl":{"start":{"line":15,"column":25},"end":{"line":15,"column":26}},"loc":{"start":{"line":15,"column":43},"end":{"line":15,"column":67}}},"2":{"name":"(anonymous_2)","decl":{"start":{"line":17,"column":27},"end":{"line":17,"column":30}},"loc":{"start":{"line":17,"column":33},"end":{"line":17,"column":55}}},"3":{"name":"(anonymous_3)","decl":{"start":{"line":19,"column":24},"end":{"line":19,"column":27}},"loc":{"start":{"line":19,"column":30},"end":{"line":19,"column":44}}},"4":{"name":"(anonymous_4)","decl":{"start":{"line":21,"column":27},"end":{"line":21,"column":32}},"loc":{"start":{"line":21,"column":50},"end":{"line":24,"column":1}}},"5":{"name":"(anonymous_5)","decl":{"start":{"line":26,"column":28},"end":{"line":26,"column":33}},"loc":{"start":{"line":26,"column":51},"end":{"line":30,"column":1}}}},"branchMap":{},"s":{"0":1,"1":1,"2":1,"3":1,"4":2,"5":1,"6":1,"7":2,"8":1,"9":1,"10":3,"11":1,"12":1,"13":0,"14":1,"15":1,"16":2,"17":2,"18":1,"19":1,"20":2,"21":2,"22":2,"23":1},"f":{"0":2,"1":2,"2":3,"3":0,"4":2,"5":2},"b":{}}
,"/Users/runner/work/dumlj-build/dumlj-build/@feature/feature-readme/src/utils/lookupFile.ts": {"path":"/Users/runner/work/dumlj-build/dumlj-build/@feature/feature-readme/src/utils/lookupFile.ts","statementMap":{"0":{"start":{"line":1,"column":0},"end":{"line":1,"column":25}},"1":{"start":{"line":2,"column":0},"end":{"line":2,"column":23}},"2":{"start":{"line":5,"column":26},"end":{"line":14,"column":1}},"3":{"start":{"line":6,"column":18},"end":{"line":6,"column":28}},"4":{"start":{"line":7,"column":2},"end":{"line":13,"column":null}},"5":{"start":{"line":8,"column":19},"end":{"line":8,"column":34}},"6":{"start":{"line":9,"column":17},"end":{"line":9,"column":40}},"7":{"start":{"line":10,"column":4},"end":{"line":12,"column":null}},"8":{"start":{"line":11,"column":6},"end":{"line":11,"column":null}},"9":{"start":{"line":5,"column":13},"end":{"line":5,"column":26}}},"fnMap":{"0":{"name":"(anonymous_0)","decl":{"start":{"line":5,"column":26},"end":{"line":5,"column":31}},"loc":{"start":{"line":5,"column":66},"end":{"line":14,"column":1}}}},"branchMap":{"0":{"loc":{"start":{"line":10,"column":4},"end":{"line":12,"column":null}},"type":"if","locations":[{"start":{"line":10,"column":4},"end":{"line":12,"column":null}}]}},"s":{"0":2,"1":2,"2":2,"3":6,"4":6,"5":6,"6":6,"7":6,"8":4,"9":2},"f":{"0":6},"b":{"0":[4]}}
,"/Users/runner/work/dumlj-build/dumlj-build/@feature/feature-updater/src/getPackageSource.ts": {"path":"/Users/runner/work/dumlj-build/dumlj-build/@feature/feature-updater/src/getPackageSource.ts","statementMap":{"0":{"start":{"line":1,"column":0},"end":{"line":1,"column":25}},"1":{"start":{"line":2,"column":0},"end":{"line":2,"column":23}},"2":{"start":{"line":5,"column":32},"end":{"line":13,"column":1}},"3":{"start":{"line":6,"column":2},"end":{"line":8,"column":null}},"4":{"start":{"line":7,"column":4},"end":{"line":7,"column":null}},"5":{"start":{"line":10,"column":15},"end":{"line":10,"column":54}},"6":{"start":{"line":11,"column":2},"end":{"line":11,"column":null}},"7":{"start":{"line":12,"column":2},"end":{"line":12,"column":null}},"8":{"start":{"line":5,"column":13},"end":{"line":5,"column":32}}},"fnMap":{"0":{"name":"(anonymous_0)","decl":{"start":{"line":5,"column":32},"end":{"line":5,"column":37}},"loc":{"start":{"line":5,"column":67},"end":{"line":13,"column":1}}}},"branchMap":{"0":{"loc":{"start":{"line":6,"column":2},"end":{"line":8,"column":null}},"type":"if","locations":[{"start":{"line":6,"column":2},"end":{"line":8,"column":null}}]}},"s":{"0":1,"1":1,"2":1,"3":2,"4":1,"5":1,"6":1,"7":1,"8":1},"f":{"0":2},"b":{"0":[1]}}
,"/Users/runner/work/dumlj-build/dumlj-build/@feature/feature-updater/src/shouldUpdate.ts": {"path":"/Users/runner/work/dumlj-build/dumlj-build/@feature/feature-updater/src/shouldUpdate.ts","statementMap":{"0":{"start":{"line":1,"column":0},"end":{"line":1,"column":27}},"1":{"start":{"line":2,"column":0},"end":{"line":2,"column":50}},"2":{"start":{"line":3,"column":0},"end":{"line":3,"column":108}},"3":{"start":{"line":16,"column":28},"end":{"line":33,"column":1}},"4":{"start":{"line":17,"column":75},"end":{"line":17,"column":88}},"5":{"start":{"line":20,"column":17},"end":{"line":20,"column":76}},"6":{"start":{"line":27,"column":23},"end":{"line":27,"column":67}},"7":{"start":{"line":30,"column":21},"end":{"line":30,"column":52}},"8":{"start":{"line":32,"column":2},"end":{"line":32,"column":null}},"9":{"start":{"line":16,"column":13},"end":{"line":16,"column":28}}},"fnMap":{"0":{"name":"(anonymous_0)","decl":{"start":{"line":16,"column":28},"end":{"line":16,"column":33}},"loc":{"start":{"line":16,"column":82},"end":{"line":33,"column":1}}}},"branchMap":{"0":{"loc":{"start":{"line":17,"column":10},"end":{"line":17,"column":38}},"type":"default-arg","locations":[{"start":{"line":17,"column":23},"end":{"line":17,"column":38}}]},"1":{"loc":{"start":{"line":17,"column":75},"end":{"line":17,"column":88}},"type":"binary-expr","locations":[{"start":{"line":17,"column":75},"end":{"line":17,"column":82}},{"start":{"line":17,"column":86},"end":{"line":17,"column":88}}]},"2":{"loc":{"start":{"line":20,"column":17},"end":{"line":20,"column":76}},"type":"binary-expr","locations":[{"start":{"line":20,"column":17},"end":{"line":20,"column":32}},{"start":{"line":20,"column":37},"end":{"line":20,"column":75}}]}},"s":{"0":1,"1":1,"2":1,"3":1,"4":1,"5":1,"6":1,"7":1,"8":1,"9":1},"f":{"0":1},"b":{"0":[0],"1":[1,0],"2":[1,1]}}
,"/Users/runner/work/dumlj-build/dumlj-build/@feature/feature-updater/src/utils/diff.ts": {"path":"/Users/runner/work/dumlj-build/dumlj-build/@feature/feature-updater/src/utils/diff.ts","statementMap":{"0":{"start":{"line":1,"column":0},"end":{"line":1,"column":27}},"1":{"start":{"line":3,"column":20},"end":{"line":39,"column":1}},"2":{"start":{"line":4,"column":18},"end":{"line":4,"column":38}},"3":{"start":{"line":5,"column":18},"end":{"line":5,"column":39}},"4":{"start":{"line":7,"column":2},"end":{"line":9,"column":null}},"5":{"start":{"line":8,"column":4},"end":{"line":8,"column":null}},"6":{"start":{"line":12,"column":2},"end":{"line":18,"column":null}},"7":{"start":{"line":13,"column":4},"end":{"line":15,"column":null}},"8":{"start":{"line":14,"column":6},"end":{"line":14,"column":null}},"9":{"start":{"line":17,"column":4},"end":{"line":17,"column":null}},"10":{"start":{"line":21,"column":2},"end":{"line":27,"column":null}},"11":{"start":{"line":22,"column":4},"end":{"line":24,"column":null}},"12":{"start":{"line":23,"column":6},"end":{"line":23,"column":null}},"13":{"start":{"line":26,"column":4},"end":{"line":26,"column":null}},"14":{"start":{"line":30,"column":2},"end":{"line":36,"column":null}},"15":{"start":{"line":31,"column":4},"end":{"line":33,"column":null}},"16":{"start":{"line":32,"column":6},"end":{"line":32,"column":null}},"17":{"start":{"line":35,"column":4},"end":{"line":35,"column":null}},"18":{"start":{"line":38,"column":2},"end":{"line":38,"column":null}},"19":{"start":{"line":3,"column":13},"end":{"line":3,"column":20}}},"fnMap":{"0":{"name":"(anonymous_0)","decl":{"start":{"line":3,"column":20},"end":{"line":3,"column":21}},"loc":{"start":{"line":3,"column":56},"end":{"line":39,"column":1}}}},"branchMap":{"0":{"loc":{"start":{"line":7,"column":2},"end":{"line":9,"column":null}},"type":"if","locations":[{"start":{"line":7,"column":2},"end":{"line":9,"column":null}}]},"1":{"loc":{"start":{"line":7,"column":6},"end":{"line":7,"column":26}},"type":"binary-expr","locations":[{"start":{"line":7,"column":6},"end":{"line":7,"column":14}},{"start":{"line":7,"column":18},"end":{"line":7,"column":26}}]},"2":{"loc":{"start":{"line":12,"column":2},"end":{"line":18,"column":null}},"type":"if","locations":[{"start":{"line":12,"column":2},"end":{"line":18,"column":null}}]},"3":{"loc":{"start":{"line":13,"column":4},"end":{"line":15,"column":null}},"type":"if","locations":[{"start":{"line":13,"column":4},"end":{"line":15,"column":null}}]},"4":{"loc":{"start":{"line":21,"column":2},"end":{"line":27,"column":null}},"type":"if","locations":[{"start":{"line":21,"column":2},"end":{"line":27,"column":null}}]},"5":{"loc":{"start":{"line":22,"column":4},"end":{"line":24,"column":null}},"type":"if","locations":[{"start":{"line":22,"column":4},"end":{"line":24,"column":null}}]},"6":{"loc":{"start":{"line":30,"column":2},"end":{"line":36,"column":null}},"type":"if","locations":[{"start":{"line":30,"column":2},"end":{"line":36,"column":null}}]},"7":{"loc":{"start":{"line":31,"column":4},"end":{"line":33,"column":null}},"type":"if","locations":[{"start":{"line":31,"column":4},"end":{"line":33,"column":null}}]}},"s":{"0":3,"1":3,"2":9,"3":9,"4":9,"5":1,"6":8,"7":2,"8":1,"9":1,"10":6,"11":2,"12":1,"13":1,"14":4,"15":3,"16":2,"17":1,"18":1,"19":3},"f":{"0":9},"b":{"0":[1],"1":[9,8],"2":[2],"3":[1],"4":[2],"5":[1],"6":[3],"7":[2]}}
,"/Users/runner/work/dumlj-build/dumlj-build/@feature/feature-updater/src/utils/latest.ts": {"path":"/Users/runner/work/dumlj-build/dumlj-build/@feature/feature-updater/src/utils/latest.ts","statementMap":{"0":{"start":{"line":1,"column":0},"end":{"line":1,"column":36}},"1":{"start":{"line":2,"column":0},"end":{"line":2,"column":27}},"2":{"start":{"line":3,"column":0},"end":{"line":3,"column":46}},"3":{"start":{"line":4,"column":0},"end":{"line":4,"column":47}},"4":{"start":{"line":7,"column":22},"end":{"line":7,"column":45}},"5":{"start":{"line":10,"column":20},"end":{"line":10,"column":25}},"6":{"start":{"line":17,"column":29},"end":{"line":17,"column":54}},"7":{"start":{"line":24,"column":21},"end":{"line":24,"column":81}},"8":{"start":{"line":27,"column":16},"end":{"line":27,"column":64}},"9":{"start":{"line":27,"column":34},"end":{"line":27,"column":64}},"10":{"start":{"line":42,"column":22},"end":{"line":132,"column":1}},"11":{"start":{"line":43,"column":116},"end":{"line":43,"column":129}},"12":{"start":{"line":46,"column":22},"end":{"line":46,"column":115}},"13":{"start":{"line":47,"column":21},"end":{"line":47,"column":58}},"14":{"start":{"line":48,"column":2},"end":{"line":50,"column":null}},"15":{"start":{"line":49,"column":4},"end":{"line":49,"column":null}},"16":{"start":{"line":52,"column":43},"end":{"line":52,"column":87}},"17":{"start":{"line":53,"column":2},"end":{"line":55,"column":null}},"18":{"start":{"line":54,"column":4},"end":{"line":54,"column":null}},"19":{"start":{"line":57,"column":2},"end":{"line":60,"column":null}},"20":{"start":{"line":58,"column":4},"end":{"line":58,"column":null}},"21":{"start":{"line":59,"column":4},"end":{"line":59,"column":null}},"22":{"start":{"line":62,"column":2},"end":{"line":131,"column":null}},"23":{"start":{"line":63,"column":15},"end":{"line":119,"column":6}},"24":{"start":{"line":65,"column":6},"end":{"line":65,"column":null}},"25":{"start":{"line":67,"column":6},"end":{"line":72,"column":null}},"26":{"start":{"line":69,"column":8},"end":{"line":69,"column":null}},"27":{"start":{"line":70,"column":8},"end":{"line":70,"column":null}},"28":{"start":{"line":71,"column":8},"end":{"line":71,"column":14}},"29":{"start":{"line":74,"column":45},"end":{"line":74,"column":47}},"30":{"start":{"line":75,"column":6},"end":{"line":80,"column":null}},"31":{"start":{"line":76,"column":8},"end":{"line":76,"column":null}},"32":{"start":{"line":78,"column":8},"end":{"line":78,"column":null}},"33":{"start":{"line":79,"column":8},"end":{"line":79,"column":14}},"34":{"start":{"line":83,"column":25},"end":{"line":83,"column":46}},"35":{"start":{"line":85,"column":27},"end":{"line":107,"column":8}},"36":{"start":{"line":87,"column":8},"end":{"line":89,"column":null}},"37":{"start":{"line":88,"column":10},"end":{"line":88,"column":null}},"38":{"start":{"line":91,"column":8},"end":{"line":93,"column":null}},"39":{"start":{"line":92,"column":10},"end":{"line":92,"column":null}},"40":{"start":{"line":96,"column":8},"end":{"line":98,"column":null}},"41":{"start":{"line":97,"column":10},"end":{"line":97,"column":null}},"42":{"start":{"line":101,"column":22},"end":{"line":101,"column":72}},"43":{"start":{"line":102,"column":8},"end":{"line":104,"column":null}},"44":{"start":{"line":103,"column":10},"end":{"line":103,"column":null}},"45":{"start":{"line":106,"column":8},"end":{"line":106,"column":null}},"46":{"start":{"line":110,"column":25},"end":{"line":110,"column":131}},"47":{"start":{"line":110,"column":59},"end":{"line":110,"column":130}},"48":{"start":{"line":112,"column":27},"end":{"line":112,"column":56}},"49":{"start":{"line":114,"column":6},"end":{"line":114,"column":null}},"50":{"start":{"line":117,"column":6},"end":{"line":117,"column":null}},"51":{"start":{"line":118,"column":6},"end":{"line":118,"column":null}},"52":{"start":{"line":121,"column":17},"end":{"line":124,"column":5}},"53":{"start":{"line":122,"column":6},"end":{"line":122,"column":null}},"54":{"start":{"line":123,"column":6},"end":{"line":123,"column":null}},"55":{"start":{"line":126,"column":25},"end":{"line":126,"column":71}},"56":{"start":{"line":127,"column":19},"end":{"line":129,"column":null}},"57":{"start":{"line":128,"column":12},"end":{"line":128,"column":150}},"58":{"start":{"line":42,"column":13},"end":{"line":42,"column":22}}},"fnMap":{"0":{"name":"(anonymous_0)","decl":{"start":{"line":27,"column":16},"end":{"line":27,"column":17}},"loc":{"start":{"line":27,"column":34},"end":{"line":27,"column":64}}},"1":{"name":"(anonymous_1)","decl":{"start":{"line":42,"column":22},"end":{"line":42,"column":27}},"loc":{"start":{"line":42,"column":70},"end":{"line":132,"column":1}}},"2":{"name":"(anonymous_2)","decl":{"start":{"line":62,"column":29},"end":{"line":62,"column":30}},"loc":{"start":{"line":62,"column":49},"end":{"line":131,"column":3}}},"3":{"name":"(anonymous_3)","decl":{"start":{"line":63,"column":35},"end":{"line":63,"column":40}},"loc":{"start":{"line":63,"column":59},"end":{"line":119,"column":5}}},"4":{"name":"(anonymous_4)","decl":{"start":{"line":85,"column":45},"end":{"line":85,"column":46}},"loc":{"start":{"line":85,"column":57},"end":{"line":107,"column":7}}},"5":{"name":"(anonymous_5)","decl":{"start":{"line":110,"column":43},"end":{"line":110,"column":44}},"loc":{"start":{"line":110,"column":59},"end":{"line":110,"column":130}}},"6":{"name":"(anonymous_6)","decl":{"start":{"line":121,"column":17},"end":{"line":121,"column":18}},"loc":{"start":{"line":121,"column":36},"end":{"line":124,"column":5}}},"7":{"name":"(anonymous_7)","decl":{"start":{"line":128,"column":6},"end":{"line":128,"column":9}},"loc":{"start":{"line":128,"column":12},"end":{"line":128,"column":150}}}},"branchMap":{"0":{"loc":{"start":{"line":43,"column":10},"end":{"line":43,"column":48}},"type":"default-arg","locations":[{"start":{"line":43,"column":21},"end":{"line":43,"column":48}}]},"1":{"loc":{"start":{"line":43,"column":50},"end":{"line":43,"column":66}},"type":"default-arg","locations":[{"start":{"line":43,"column":65},"end":{"line":43,"column":66}}]},"2":{"loc":{"start":{"line":43,"column":68},"end":{"line":43,"column":96}},"type":"default-arg","locations":[{"start":{"line":43,"column":81},"end":{"line":43,"column":96}}]},"3":{"loc":{"start":{"line":43,"column":98},"end":{"line":43,"column":111}},"type":"default-arg","locations":[{"start":{"line":43,"column":108},"end":{"line":43,"column":111}}]},"4":{"loc":{"start":{"line":43,"column":116},"end":{"line":43,"column":129}},"type":"binary-expr","locations":[{"start":{"line":43,"column":116},"end":{"line":43,"column":123}},{"start":{"line":43,"column":127},"end":{"line":43,"column":129}}]},"5":{"loc":{"start":{"line":48,"column":2},"end":{"line":50,"column":null}},"type":"if","locations":[{"start":{"line":48,"column":2},"end":{"line":50,"column":null}}]},"6":{"loc":{"start":{"line":52,"column":43},"end":{"line":52,"column":87}},"type":"binary-expr","locations":[{"start":{"line":52,"column":44},"end":{"line":52,"column":80}},{"start":{"line":52,"column":85},"end":{"line":52,"column":87}}]},"7":{"loc":{"start":{"line":53,"column":2},"end":{"line":55,"column":null}},"type":"if","locations":[{"start":{"line":53,"column":2},"end":{"line":55,"column":null}}]},"8":{"loc":{"start":{"line":57,"column":2},"end":{"line":60,"column":null}},"type":"if","locations":[{"start":{"line":57,"column":2},"end":{"line":60,"column":null}}]},"9":{"loc":{"start":{"line":65,"column":6},"end":{"line":65,"column":36}},"type":"binary-expr","locations":[{"start":{"line":65,"column":6},"end":{"line":65,"column":12}},{"start":{"line":65,"column":16},"end":{"line":65,"column":36}}]},"10":{"loc":{"start":{"line":67,"column":6},"end":{"line":72,"column":null}},"type":"if","locations":[{"start":{"line":67,"column":6},"end":{"line":72,"column":null}}]},"11":{"loc":{"start":{"line":87,"column":8},"end":{"line":89,"column":null}},"type":"if","locations":[{"start":{"line":87,"column":8},"end":{"line":89,"column":null}}]},"12":{"loc":{"start":{"line":91,"column":8},"end":{"line":93,"column":null}},"type":"if","locations":[{"start":{"line":91,"column":8},"end":{"line":93,"column":null}}]},"13":{"loc":{"start":{"line":96,"column":8},"end":{"line":98,"column":null}},"type":"if","locations":[{"start":{"line":96,"column":8},"end":{"line":98,"column":null}}]},"14":{"loc":{"start":{"line":102,"column":8},"end":{"line":104,"column":null}},"type":"if","locations":[{"start":{"line":102,"column":8},"end":{"line":104,"column":null}}]},"15":{"loc":{"start":{"line":102,"column":12},"end":{"line":102,"column":45}},"type":"binary-expr","locations":[{"start":{"line":102,"column":12},"end":{"line":102,"column":21}},{"start":{"line":102,"column":25},"end":{"line":102,"column":45}}]},"16":{"loc":{"start":{"line":112,"column":27},"end":{"line":112,"column":56}},"type":"binary-expr","locations":[{"start":{"line":112,"column":27},"end":{"line":112,"column":42}},{"start":{"line":112,"column":46},"end":{"line":112,"column":56}}]},"17":{"loc":{"start":{"line":126,"column":25},"end":{"line":126,"column":71}},"type":"cond-expr","locations":[{"start":{"line":126,"column":50},"end":{"line":126,"column":57}},{"start":{"line":126,"column":60},"end":{"line":126,"column":71}}]}},"s":{"0":2,"1":2,"2":2,"3":2,"4":2,"5":2,"6":2,"7":2,"8":2,"9":0,"10":2,"11":28,"12":28,"13":28,"14":28,"15":0,"16":28,"17":28,"18":0,"19":28,"20":28,"21":28,"22":0,"23":0,"24":0,"25":0,"26":0,"27":0,"28":0,"29":0,"30":0,"31":0,"32":0,"33":0,"34":0,"35":0,"36":0,"37":0,"38":0,"39":0,"40":0,"41":0,"42":0,"43":0,"44":0,"45":0,"46":0,"47":0,"48":0,"49":0,"50":0,"51":0,"52":0,"53":0,"54":0,"55":0,"56":0,"57":0,"58":2},"f":{"0":0,"1":28,"2":0,"3":0,"4":0,"5":0,"6":0,"7":0},"b":{"0":[0],"1":[26],"2":[0],"3":[28],"4":[28,0],"5":[0],"6":[28,0],"7":[0],"8":[28],"9":[0,0],"10":[0],"11":[0],"12":[0],"13":[0],"14":[0],"15":[0,0],"16":[0,0],"17":[0,0]}}
[...]
,"/Users/runner/work/dumlj-build/dumlj-build/@webpack-plugin/seed-webpack-plugin/src/plugins/OutdatedWebpackPlugin.ts": {"path":"/Users/runner/work/dumlj-build/dumlj-build/@webpack-plugin/seed-webpack-plugin/src/plugins/OutdatedWebpackPlugin.ts","statementMap":{"0":{"start":{"line":1,"column":0},"end":{"line":1,"column":54}},"1":{"start":{"line":2,"column":0},"end":{"line":2,"column":25}},"2":{"start":{"line":4,"column":0},"end":{"line":4,"column":55}},"3":{"start":{"line":14,"column":23},"end":{"line":14,"column":48}},"4":{"start":{"line":22,"column":4},"end":{"line":24,"column":null}},"5":{"start":{"line":23,"column":6},"end":{"line":23,"column":12}},"6":{"start":{"line":27,"column":4},"end":{"line":27,"column":null}},"7":{"start":{"line":29,"column":21},"end":{"line":29,"column":42}},"8":{"start":{"line":30,"column":4},"end":{"line":33,"column":null}},"9":{"start":{"line":31,"column":22},"end":{"line":31,"column":163}},"10":{"start":{"line":32,"column":6},"end":{"line":32,"column":null}},"11":{"start":{"line":37,"column":4},"end":{"line":37,"column":null}},"12":{"start":{"line":40,"column":4},"end":{"line":44,"column":null}},"13":{"start":{"line":41,"column":6},"end":{"line":43,"column":null}},"14":{"start":{"line":42,"column":8},"end":{"line":42,"column":null}},"15":{"start":{"line":13,"column":0},"end":{"line":13,"column":13}}},"fnMap":{"0":{"name":"(anonymous_0)","decl":{"start":{"line":20,"column":9},"end":{"line":20,"column":14}},"loc":{"start":{"line":20,"column":28},"end":{"line":34,"column":3}}},"1":{"name":"(anonymous_1)","decl":{"start":{"line":30,"column":21},"end":{"line":30,"column":22}},"loc":{"start":{"line":30,"column":70},"end":{"line":33,"column":5}}},"2":{"name":"(anonymous_2)","decl":{"start":{"line":36,"column":9},"end":{"line":36,"column":14}},"loc":{"start":{"line":36,"column":39},"end":{"line":45,"column":3}}},"3":{"name":"(anonymous_3)","decl":{"start":{"line":40,"column":50},"end":{"line":40,"column":53}},"loc":{"start":{"line":40,"column":55},"end":{"line":44,"column":5}}},"4":{"name":"(anonymous_4)","decl":{"start":{"line":41,"column":33},"end":{"line":41,"column":34}},"loc":{"start":{"line":41,"column":43},"end":{"line":43,"column":7}}}},"branchMap":{"0":{"loc":{"start":{"line":22,"column":4},"end":{"line":24,"column":null}},"type":"if","locations":[{"start":{"line":22,"column":4},"end":{"line":24,"column":null}}]}},"s":{"0":1,"1":1,"2":1,"3":1,"4":2,"5":0,"6":2,"7":2,"8":0,"9":0,"10":0,"11":2,"12":2,"13":2,"14":0,"15":1},"f":{"0":2,"1":0,"2":2,"3":2,"4":0},"b":{"0":[0]}}
,"/Users/runner/work/dumlj-build/dumlj-build/@webpack-plugin/seed-webpack-plugin/src/plugins/SeedWebpackPlugin.ts": {"path":"/Users/runner/work/dumlj-build/dumlj-build/@webpack-plugin/seed-webpack-plugin/src/plugins/SeedWebpackPlugin.ts","statementMap":{"0":{"start":{"line":19,"column":23},"end":{"line":19,"column":44}},"1":{"start":{"line":38,"column":49},"end":{"line":38,"column":89}},"2":{"start":{"line":39,"column":4},"end":{"line":39,"column":null}},"3":{"start":{"line":43,"column":4},"end":{"line":43,"column":null}},"4":{"start":{"line":44,"column":4},"end":{"line":44,"column":null}},"5":{"start":{"line":45,"column":4},"end":{"line":45,"column":null}},"6":{"start":{"line":46,"column":4},"end":{"line":46,"column":null}},"7":{"start":{"line":56,"column":18},"end":{"line":56,"column":40}},"8":{"start":{"line":57,"column":21},"end":{"line":57,"column":113}},"9":{"start":{"line":57,"column":44},"end":{"line":57,"column":112}},"10":{"start":{"line":58,"column":4},"end":{"line":61,"column":null}},"11":{"start":{"line":59,"column":6},"end":{"line":59,"column":null}},"12":{"start":{"line":60,"column":6},"end":{"line":60,"column":null}},"13":{"start":{"line":63,"column":4},"end":{"line":63,"column":null}},"14":{"start":{"line":74,"column":4},"end":{"line":74,"column":null}},"15":{"start":{"line":87,"column":27},"end":{"line":87,"column":31}},"16":{"start":{"line":89,"column":27},"end":{"line":91,"column":null}},"17":{"start":{"line":90,"column":27},"end":{"line":90,"column":37}},"18":{"start":{"line":93,"column":4},"end":{"line":93,"column":null}},"19":{"start":{"line":103,"column":17},"end":{"line":103,"column":55}},"20":{"start":{"line":105,"column":4},"end":{"line":105,"column":null}},"21":{"start":{"line":107,"column":4},"end":{"line":115,"column":null}},"22":{"start":{"line":108,"column":6},"end":{"line":114,"column":null}},"23":{"start":{"line":109,"column":8},"end":{"line":113,"column":null}},"24":{"start":{"line":110,"column":10},"end":{"line":112,"column":null}},"25":{"start":{"line":111,"column":12},"end":{"line":111,"column":null}},"26":{"start":{"line":126,"column":38},"end":{"line":126,"column":72}},"27":{"start":{"line":127,"column":18},"end":{"line":129,"column":6}},"28":{"start":{"line":128,"column":6},"end":{"line":128,"column":null}},"29":{"start":{"line":131,"column":4},"end":{"line":133,"column":null}},"30":{"start":{"line":132,"column":6},"end":{"line":132,"column":null}},"31":{"start":{"line":138,"column":4},"end":{"line":138,"column":null}},"32":{"start":{"line":139,"column":4},"end":{"line":139,"column":null}},"33":{"start":{"line":13,"column":0},"end":{"line":13,"column":13}}},"fnMap":{"0":{"name":"(anonymous_0)","decl":{"start":{"line":37,"column":2},"end":{"line":37,"column":13}},"loc":{"start":{"line":37,"column":23},"end":{"line":40,"column":3}}},"1":{"name":"(anonymous_1)","decl":{"start":{"line":42,"column":2},"end":{"line":42,"column":14}},"loc":{"start":{"line":42,"column":25},"end":{"line":47,"column":3}}},"2":{"name":"(anonymous_2)","decl":{"start":{"line":55,"column":12},"end":{"line":55,"column":28}},"loc":{"start":{"line":55,"column":77},"end":{"line":64,"column":3}}},"3":{"name":"(anonymous_3)","decl":{"start":{"line":57,"column":34},"end":{"line":57,"column":35}},"loc":{"start":{"line":57,"column":44},"end":{"line":57,"column":112}}},"4":{"name":"(anonymous_4)","decl":{"start":{"line":73,"column":12},"end":{"line":73,"column":18}},"loc":{"start":{"line":73,"column":67},"end":{"line":75,"column":3}}},"5":{"name":"(anonymous_5)","decl":{"start":{"line":86,"column":12},"end":{"line":86,"column":15}},"loc":{"start":{"line":86,"column":102},"end":{"line":94,"column":3}}},"6":{"name":"(anonymous_6)","decl":{"start":{"line":102,"column":9},"end":{"line":102,"column":20}},"loc":{"start":{"line":102,"column":39},"end":{"line":116,"column":3}}},"7":{"name":"(anonymous_7)","decl":{"start":{"line":107,"column":50},"end":{"line":107,"column":53}},"loc":{"start":{"line":107,"column":55},"end":{"line":115,"column":5}}},"8":{"name":"(anonymous_8)","decl":{"start":{"line":109,"column":30},"end":{"line":109,"column":31}},"loc":{"start":{"line":109,"column":52},"end":{"line":113,"column":9}}},"9":{"name":"(anonymous_9)","decl":{"start":{"line":124,"column":9},"end":{"line":124,"column":22}},"loc":{"start":{"line":124,"column":41},"end":{"line":134,"column":3}}},"10":{"name":"(anonymous_10)","decl":{"start":{"line":127,"column":53},"end":{"line":127,"column":54}},"loc":{"start":{"line":127,"column":64},"end":{"line":129,"column":5}}},"11":{"name":"(anonymous_11)","decl":{"start":{"line":137,"column":9},"end":{"line":137,"column":14}},"loc":{"start":{"line":137,"column":33},"end":{"line":140,"column":3}}}},"branchMap":{"0":{"loc":{"start":{"line":38,"column":12},"end":{"line":38,"column":44}},"type":"default-arg","locations":[{"start":{"line":38,"column":26},"end":{"line":38,"column":44}}]},"1":{"loc":{"start":{"line":44,"column":19},"end":{"line":44,"column":82}},"type":"cond-expr","locations":[{"start":{"line":44,"column":59},"end":{"line":44,"column":74}},{"start":{"line":44,"column":77},"end":{"line":44,"column":82}}]},"2":{"loc":{"start":{"line":45,"column":19},"end":{"line":45,"column":82}},"type":"cond-expr","locations":[{"start":{"line":45,"column":59},"end":{"line":45,"column":74}},{"start":{"line":45,"column":77},"end":{"line":45,"column":82}}]},"3":{"loc":{"start":{"line":57,"column":46},"end":{"line":57,"column":111}},"type":"binary-expr","locations":[{"start":{"line":57,"column":46},"end":{"line":57,"column":81}},{"start":{"line":57,"column":85},"end":{"line":57,"column":111}}]},"4":{"loc":{"start":{"line":58,"column":4},"end":{"line":61,"column":null}},"type":"if","locations":[{"start":{"line":58,"column":4},"end":{"line":61,"column":null}}]},"5":{"loc":{"start":{"line":108,"column":6},"end":{"line":114,"column":null}},"type":"if","locations":[{"start":{"line":108,"column":6},"end":{"line":114,"column":null}}]},"6":{"loc":{"start":{"line":108,"column":10},"end":{"line":108,"column":66}},"type":"binary-expr","locations":[{"start":{"line":108,"column":10},"end":{"line":108,"column":38}},{"start":{"line":108,"column":42},"end":{"line":108,"column":66}}]},"7":{"loc":{"start":{"line":110,"column":10},"end":{"line":112,"column":null}},"type":"if","locations":[{"start":{"line":110,"column":10},"end":{"line":112,"column":null}}]},"8":{"loc":{"start":{"line":131,"column":4},"end":{"line":133,"column":null}},"type":"if","locations":[{"start":{"line":131,"column":4},"end":{"line":133,"column":null}}]},"9":{"loc":{"start":{"line":131,"column":8},"end":{"line":131,"column":80}},"type":"binary-expr","locations":[{"start":{"line":131,"column":8},"end":{"line":131,"column":20}},{"start":{"line":131,"column":24},"end":{"line":131,"column":61}},{"start":{"line":131,"column":65},"end":{"line":131,"column":80}}]}},"s":{"0":1,"1":14,"2":14,"3":6,"4":6,"5":6,"6":6,"7":0,"8":0,"9":0,"10":0,"11":0,"12":0,"13":0,"14":3,"15":0,"16":0,"17":0,"18":0,"19":4,"20":4,"21":4,"22":4,"23":1,"24":3,"25":3,"26":2,"27":2,"28":2,"29":2,"30":2,"31":2,"32":2,"33":1},"f":{"0":14,"1":6,"2":0,"3":0,"4":3,"5":0,"6":4,"7":4,"8":3,"9":2,"10":2,"11":2},"b":{"0":[0],"1":[0,6],"2":[0,6],"3":[0,0],"4":[0],"5":[1],"6":[4,4],"7":[3],"8":[2],"9":[2,2,2]}}
,"/Users/runner/work/dumlj-build/dumlj-build/@webpack-plugin/zip-webpack-plugin/src/ZipWebpackPlugin.ts": {"path":"/Users/runner/work/dumlj-build/dumlj-build/@webpack-plugin/zip-webpack-plugin/src/ZipWebpackPlugin.ts","statementMap":{"0":{"start":{"line":1,"column":0},"end":{"line":1,"column":32}},"1":{"start":{"line":2,"column":0},"end":{"line":2,"column":62}},"2":{"start":{"line":3,"column":0},"end":{"line":3,"column":25}},"3":{"start":{"line":4,"column":0},"end":{"line":4,"column":23}},"4":{"start":{"line":29,"column":23},"end":{"line":29,"column":43}},"5":{"start":{"line":36,"column":4},"end":{"line":36,"column":null}},"6":{"start":{"line":38,"column":45},"end":{"line":38,"column":58}},"7":{"start":{"line":39,"column":4},"end":{"line":39,"column":null}},"8":{"start":{"line":40,"column":4},"end":{"line":40,"column":null}},"9":{"start":{"line":41,"column":4},"end":{"line":41,"column":null}},"10":{"start":{"line":42,"column":4},"end":{"line":42,"column":null}},"11":{"start":{"line":46,"column":4},"end":{"line":46,"column":null}},"12":{"start":{"line":48,"column":22},"end":{"line":48,"column":62}},"13":{"start":{"line":49,"column":26},"end":{"line":49,"column":70}},"14":{"start":{"line":51,"column":28},"end":{"line":51,"column":97}},"15":{"start":{"line":51,"column":46},"end":{"line":51,"column":97}},"16":{"start":{"line":51,"column":73},"end":{"line":51,"column":77}},"17":{"start":{"line":51,"column":91},"end":{"line":51,"column":96}},"18":{"start":{"line":53,"column":33},"end":{"line":53,"column":41}},"19":{"start":{"line":54,"column":23},"end":{"line":54,"column":30}},"20":{"start":{"line":55,"column":16},"end":{"line":55,"column":27}},"21":{"start":{"line":62,"column":4},"end":{"line":64,"column":null}},"22":{"start":{"line":63,"column":6},"end":{"line":63,"column":null}},"23":{"start":{"line":66,"column":4},"end":{"line":117,"column":null}},"24":{"start":{"line":67,"column":6},"end":{"line":69,"column":null}},"25":{"start":{"line":68,"column":8},"end":{"line":68,"column":14}},"26":{"start":{"line":71,"column":6},"end":{"line":116,"column":null}},"27":{"start":{"line":77,"column":10},"end":{"line":87,"column":null}},"28":{"start":{"line":78,"column":27},"end":{"line":78,"column":72}},"29":{"start":{"line":79,"column":12},"end":{"line":81,"column":null}},"30":{"start":{"line":84,"column":12},"end":{"line":86,"column":null}},"31":{"start":{"line":85,"column":14},"end":{"line":85,"column":null}},"32":{"start":{"line":90,"column":25},"end":{"line":90,"column":55}},"33":{"start":{"line":92,"column":29},"end":{"line":95,"column":null}},"34":{"start":{"line":94,"column":14},"end":{"line":94,"column":null}},"35":{"start":{"line":98,"column":36},"end":{"line":98,"column":82}},"36":{"start":{"line":98,"column":64},"end":{"line":98,"column":81}},"37":{"start":{"line":99,"column":10},"end":{"line":111,"column":null}},"38":{"start":{"line":100,"column":27},"end":{"line":100,"column":98}},"39":{"start":{"line":100,"column":69},"end":{"line":100,"column":97}},"40":{"start":{"line":101,"column":31},"end":{"line":101,"column":94}},"41":{"start":{"line":101,"column":66},"end":{"line":101,"column":93}},"42":{"start":{"line":102,"column":12},"end":{"line":110,"column":null}},"43":{"start":{"line":105,"column":32},"end":{"line":105,"column":103}},"44":{"start":{"line":106,"column":37},"end":{"line":106,"column":72}},"45":{"start":{"line":107,"column":31},"end":{"line":107,"column":56}},"46":{"start":{"line":108,"column":16},"end":{"line":108,"column":null}},"47":{"start":{"line":113,"column":26},"end":{"line":113,"column":73}},"48":{"start":{"line":114,"column":10},"end":{"line":114,"column":null}},"49":{"start":{"line":28,"column":0},"end":{"line":28,"column":13}}},"fnMap":{"0":{"name":"(anonymous_0)","decl":{"start":{"line":35,"column":2},"end":{"line":35,"column":14}},"loc":{"start":{"line":35,"column":47},"end":{"line":43,"column":3}}},"1":{"name":"(anonymous_1)","decl":{"start":{"line":45,"column":9},"end":{"line":45,"column":14}},"loc":{"start":{"line":45,"column":33},"end":{"line":118,"column":3}}},"2":{"name":"(anonymous_2)","decl":{"start":{"line":51,"column":28},"end":{"line":51,"column":29}},"loc":{"start":{"line":51,"column":46},"end":{"line":51,"column":97}}},"3":{"name":"(anonymous_3)","decl":{"start":{"line":51,"column":67},"end":{"line":51,"column":70}},"loc":{"start":{"line":51,"column":73},"end":{"line":51,"column":77}}},"4":{"name":"(anonymous_4)","decl":{"start":{"line":51,"column":85},"end":{"line":51,"column":88}},"loc":{"start":{"line":51,"column":91},"end":{"line":51,"column":96}}},"5":{"name":"(anonymous_5)","decl":{"start":{"line":66,"column":56},"end":{"line":66,"column":57}},"loc":{"start":{"line":66,"column":72},"end":{"line":117,"column":5}}},"6":{"name":"(anonymous_6)","decl":{"start":{"line":76,"column":8},"end":{"line":76,"column":13}},"loc":{"start":{"line":76,"column":19},"end":{"line":115,"column":9}}},"7":{"name":"(anonymous_7)","decl":{"start":{"line":77,"column":42},"end":{"line":77,"column":43}},"loc":{"start":{"line":77,"column":63},"end":{"line":87,"column":11}}},"8":{"name":"(anonymous_8)","decl":{"start":{"line":93,"column":23},"end":{"line":93,"column":28}},"loc":{"start":{"line":93,"column":38},"end":{"line":95,"column":13}}},"9":{"name":"(anonymous_9)","decl":{"start":{"line":98,"column":50},"end":{"line":98,"column":51}},"loc":{"start":{"line":98,"column":64},"end":{"line":98,"column":81}}},"10":{"name":"(anonymous_10)","decl":{"start":{"line":100,"column":55},"end":{"line":100,"column":56}},"loc":{"start":{"line":100,"column":69},"end":{"line":100,"column":97}}},"11":{"name":"(anonymous_11)","decl":{"start":{"line":101,"column":56},"end":{"line":101,"column":57}},"loc":{"start":{"line":101,"column":66},"end":{"line":101,"column":93}}},"12":{"name":"(anonymous_12)","decl":{"start":{"line":103,"column":29},"end":{"line":103,"column":34}},"loc":{"start":{"line":103,"column":44},"end":{"line":109,"column":15}}}},"branchMap":{"0":{"loc":{"start":{"line":38,"column":45},"end":{"line":38,"column":58}},"type":"binary-expr","locations":[{"start":{"line":38,"column":45},"end":{"line":38,"column":52}},{"start":{"line":38,"column":56},"end":{"line":38,"column":58}}]},"1":{"loc":{"start":{"line":39,"column":18},"end":{"line":39,"column":76}},"type":"cond-expr","locations":[{"start":{"line":39,"column":57},"end":{"line":39,"column":63}},{"start":{"line":39,"column":66},"end":{"line":39,"column":76}}]},"2":{"loc":{"start":{"line":39,"column":18},"end":{"line":39,"column":54}},"type":"binary-expr","locations":[{"start":{"line":39,"column":18},"end":{"line":39,"column":44}},{"start":{"line":39,"column":48},"end":{"line":39,"column":54}}]},"3":{"loc":{"start":{"line":40,"column":16},"end":{"line":40,"column":67}},"type":"cond-expr","locations":[{"start":{"line":40,"column":51},"end":{"line":40,"column":55}},{"start":{"line":40,"column":58},"end":{"line":40,"column":67}}]},"4":{"loc":{"start":{"line":40,"column":16},"end":{"line":40,"column":48}},"type":"binary-expr","locations":[{"start":{"line":40,"column":16},"end":{"line":40,"column":40}},{"start":{"line":40,"column":44},"end":{"line":40,"column":48}}]},"5":{"loc":{"start":{"line":41,"column":18},"end":{"line":41,"column":62}},"type":"cond-expr","locations":[{"start":{"line":41,"column":48},"end":{"line":41,"column":54}},{"start":{"line":41,"column":57},"end":{"line":41,"column":62}}]},"6":{"loc":{"start":{"line":42,"column":18},"end":{"line":42,"column":58}},"type":"cond-expr","locations":[{"start":{"line":42,"column":47},"end":{"line":42,"column":53}},{"start":{"line":42,"column":56},"end":{"line":42,"column":58}}]},"7":{"loc":{"start":{"line":62,"column":4},"end":{"line":64,"column":null}},"type":"if","locations":[{"start":{"line":62,"column":4},"end":{"line":64,"column":null}}]},"8":{"loc":{"start":{"line":67,"column":6},"end":{"line":69,"column":null}},"type":"if","locations":[{"start":{"line":67,"column":6},"end":{"line":69,"column":null}}]},"9":{"loc":{"start":{"line":78,"column":27},"end":{"line":78,"column":72}},"type":"cond-expr","locations":[{"start":{"line":78,"column":39},"end":{"line":78,"column":65}},{"start":{"line":78,"column":68},"end":{"line":78,"column":72}}]},"10":{"loc":{"start":{"line":84,"column":12},"end":{"line":86,"column":null}},"type":"if","locations":[{"start":{"line":84,"column":12},"end":{"line":86,"column":null}}]},"11":{"loc":{"start":{"line":90,"column":37},"end":{"line":90,"column":54}},"type":"binary-expr","locations":[{"start":{"line":90,"column":37},"end":{"line":90,"column":48}},{"start":{"line":90,"column":52},"end":{"line":90,"column":54}}]},"12":{"loc":{"start":{"line":94,"column":21},"end":{"line":94,"column":86}},"type":"binary-expr","locations":[{"start":{"line":94,"column":22},"end":{"line":94,"column":49}},{"start":{"line":94,"column":54},"end":{"line":94,"column":86}}]},"13":{"loc":{"start":{"line":99,"column":10},"end":{"line":111,"column":null}},"type":"if","locations":[{"start":{"line":99,"column":10},"end":{"line":111,"column":null}}]},"14":{"loc":{"start":{"line":105,"column":32},"end":{"line":105,"column":103}},"type":"cond-expr","locations":[{"start":{"line":105,"column":44},"end":{"line":105,"column":83}},{"start":{"line":105,"column":86},"end":{"line":105,"column":103}}]}},"s":{"0":1,"1":1,"2":1,"3":1,"4":1,"5":2,"6":2,"7":2,"8":2,"9":2,"10":2,"11":1,"12":1,"13":1,"14":1,"15":0,"16":0,"17":0,"18":1,"19":1,"20":1,"21":1,"22":0,"23":1,"24":1,"25":0,"26":1,"27":1,"28":1,"29":1,"30":1,"31":0,"32":1,"33":1,"34":0,"35":1,"36":0,"37":1,"38":0,"39":0,"40":0,"41":0,"42":0,"43":0,"44":0,"45":0,"46":0,"47":1,"48":1,"49":1},"f":{"0":2,"1":1,"2":0,"3":0,"4":0,"5":1,"6":1,"7":1,"8":0,"9":0,"10":0,"11":0,"12":0},"b":{"0":[2,1],"1":[1,1],"2":[2,1],"3":[0,2],"4":[2,0],"5":[0,2],"6":[0,2],"7":[0],"8":[0],"9":[0,1],"10":[0],"11":[1,0],"12":[0,0],"13":[0],"14":[0,0]}}
}
