TN:
SF:@cli/seed-cli/src/utils/readPackageSourceThroughBin.ts
FN:10,(anonymous_0)
FN:10,(anonymous_1)
FN:11,(anonymous_2)
FN:11,(anonymous_3)
FNF:4
FNH:4
FNDA:5,(anonymous_0)
FNDA:5,(anonymous_1)
FNDA:6,(anonymous_2)
FNDA:6,(anonymous_3)
DA:1,2
DA:2,2
DA:10,5
DA:11,6
DA:12,6
DA:13,6
DA:14,4
DA:17,2
DA:20,5
DA:21,5
DA:22,6
DA:23,3
DA:26,3
DA:27,3
DA:28,2
DA:31,1
LF:16
LH:16
BRDA:13,0,0,4
BRDA:22,1,0,3
BRDA:27,2,0,2
BRF:3
BRH:3
end_of_record
TN:
SF:@cli/seed-cli/src/utils/yellOutdateds.ts
FN:12,(anonymous_0)
FN:12,(anonymous_1)
FNF:2
FNH:2
FNDA:1,(anonymous_0)
FNDA:1,(anonymous_1)
DA:1,1
DA:2,1
DA:3,1
DA:4,1
DA:5,1
DA:12,1
DA:13,1
DA:14,1
DA:15,1
DA:18,1
DA:19,0
DA:22,1
DA:24,1
DA:25,0
DA:28,1
DA:33,1
DA:38,1
DA:39,1
DA:40,1
DA:41,1
DA:42,1
DA:46,0
DA:47,0
DA:50,0
LF:24
LH:19
BRDA:13,0,0,1
BRDA:13,0,1,0
BRDA:18,1,0,0
BRDA:22,2,0,1
BRDA:24,3,0,0
BRDA:38,4,0,1
BRDA:46,5,0,0
BRDA:46,6,0,0
BRDA:46,6,1,0
BRDA:46,7,0,0
BRDA:46,7,1,0
BRF:11
BRH:3
end_of_record
TN:
SF:@cli/tidy-cli/src/actions/deps.ts
FN:34,(anonymous_0)
FN:34,(anonymous_1)
FN:49,(anonymous_2)
FN:62,(anonymous_3)
FN:62,(anonymous_4)
FN:73,(anonymous_5)
FN:73,(anonymous_6)
FN:75,(anonymous_7)
FN:115,(anonymous_8)
FN:120,(anonymous_9)
FN:127,(anonymous_10)
FN:133,(anonymous_11)
FN:143,(anonymous_12)
FN:148,(anonymous_13)
FNF:14
FNH:14
FNDA:2,(anonymous_0)
FNDA:2,(anonymous_1)
FNDA:2,(anonymous_2)
FNDA:2,(anonymous_3)
FNDA:2,(anonymous_4)
FNDA:2,(anonymous_5)
FNDA:2,(anonymous_6)
FNDA:2,(anonymous_7)
FNDA:1,(anonymous_8)
FNDA:1,(anonymous_9)
FNDA:1,(anonymous_10)
FNDA:1,(anonymous_11)
FNDA:1,(anonymous_12)
FNDA:1,(anonymous_13)
DA:1,1
DA:2,1
DA:3,1
DA:4,1
DA:5,1
DA:6,1
DA:7,1
DA:8,1
DA:9,1
DA:34,2
DA:42,2
DA:44,2
DA:45,2
DA:46,2
DA:47,2
DA:48,2
DA:49,2
DA:50,2
DA:51,0
DA:54,2
DA:55,0
DA:58,2
DA:61,2
DA:62,2
DA:63,2
DA:64,2
DA:70,2
DA:71,2
DA:72,2
DA:73,2
DA:74,2
DA:75,2
DA:76,2
DA:77,2
DA:80,2
DA:84,2
DA:85,2
DA:87,2
DA:88,2
DA:90,2
DA:91,1
DA:97,2
DA:98,1
DA:110,2
DA:111,2
DA:114,2
DA:115,1
DA:116,1
DA:119,2
DA:120,1
DA:121,1
DA:124,2
DA:125,2
DA:127,2
DA:128,1
DA:129,1
DA:133,2
DA:134,1
DA:135,1
DA:139,2
DA:140,2
DA:142,2
DA:143,1
DA:144,1
DA:147,2
DA:148,1
DA:149,1
DA:154,2
LF:68
LH:66
BRDA:36,0,0,2
BRDA:37,1,0,1
BRDA:38,2,0,0
BRDA:44,3,0,0
BRDA:44,3,1,2
BRDA:44,4,0,0
BRDA:44,4,1,2
BRDA:45,5,0,0
BRDA:45,5,1,2
BRDA:45,6,0,0
BRDA:45,6,1,2
BRDA:46,7,0,0
BRDA:46,7,1,2
BRDA:46,8,0,0
BRDA:46,8,1,2
BRDA:47,9,0,2
BRDA:47,9,1,0
BRDA:48,10,0,2
BRDA:48,10,1,0
BRDA:50,11,0,0
BRDA:50,12,0,2
BRDA:50,12,1,2
BRDA:54,13,0,0
BRDA:54,14,0,2
BRDA:54,14,1,2
BRDA:80,15,0,1
BRDA:80,15,1,1
BRDA:90,16,0,1
BRDA:92,17,0,0
BRDA:92,17,1,1
BRDA:92,18,0,1
BRDA:92,18,1,1
BRDA:97,19,0,1
BRDA:99,20,0,0
BRDA:99,20,1,1
BRDA:99,21,0,1
BRDA:99,21,1,1
BRDA:110,22,0,2
BRDA:110,23,0,2
BRDA:110,23,1,1
BRDA:114,24,0,1
BRDA:119,25,0,1
BRDA:127,26,0,2
BRDA:127,26,1,1
BRDA:127,27,0,0
BRDA:127,27,1,2
BRDA:127,28,0,2
BRDA:127,28,1,2
BRDA:128,29,0,1
BRDA:128,30,0,1
BRDA:128,30,1,1
BRDA:133,31,0,2
BRDA:133,31,1,1
BRDA:133,32,0,0
BRDA:133,32,1,2
BRDA:133,33,0,2
BRDA:133,33,1,2
BRDA:134,34,0,1
BRDA:134,35,0,1
BRDA:134,35,1,1
BRDA:142,36,0,1
BRDA:147,37,0,1
BRF:62
BRH:47
end_of_record
TN:
SF:@cli/tidy-cli/src/actions/readme.ts
FN:17,(anonymous_0)
FN:17,(anonymous_1)
FN:29,(anonymous_2)
FN:29,(anonymous_3)
FN:39,(anonymous_4)
FNF:5
FNH:5
FNDA:4,(anonymous_0)
FNDA:4,(anonymous_1)
FNDA:6,(anonymous_2)
FNDA:6,(anonymous_3)
FNDA:6,(anonymous_4)
DA:1,1
DA:2,1
DA:3,1
DA:4,1
DA:5,1
DA:6,1
DA:17,4
DA:18,4
DA:19,4
DA:20,4
DA:21,4
DA:22,0
DA:23,0
DA:28,4
DA:29,6
DA:30,6
DA:31,6
DA:32,6
DA:33,6
DA:34,6
DA:35,6
DA:39,6
DA:40,4
DA:41,4
LF:24
LH:22
BRDA:18,0,0,4
BRDA:19,1,0,0
BRDA:19,1,1,4
BRDA:19,2,0,4
BRDA:19,2,1,0
BRDA:21,3,0,0
BRDA:21,4,0,4
BRDA:21,4,1,4
BRF:8
BRH:5
end_of_record
TN:
SF:@cli/tidy-cli/src/actions/tscfg.ts
FN:31,(anonymous_0)
FN:31,(anonymous_1)
FN:38,(anonymous_2)
FN:53,(anonymous_3)
FN:53,(anonymous_4)
FN:67,(anonymous_5)
FN:67,(anonymous_6)
FN:70,(anonymous_7)
FN:71,(anonymous_8)
FNF:9
FNH:9
FNDA:1,(anonymous_0)
FNDA:1,(anonymous_1)
FNDA:2,(anonymous_2)
FNDA:3,(anonymous_3)
FNDA:3,(anonymous_4)
FNDA:2,(anonymous_5)
FNDA:2,(anonymous_6)
FNDA:1,(anonymous_7)
FNDA:1,(anonymous_8)
DA:1,1
DA:2,1
DA:3,1
DA:4,1
DA:5,1
DA:6,1
DA:7,1
DA:8,1
DA:31,1
DA:32,1
DA:33,1
DA:34,1
DA:37,1
DA:38,1
DA:39,2
DA:40,0
DA:43,2
DA:44,0
DA:47,2
DA:50,1
DA:51,1
DA:53,3
DA:54,3
DA:55,0
DA:56,0
DA:57,0
DA:58,0
DA:61,3
DA:62,3
DA:66,1
DA:67,2
DA:68,2
DA:70,2
DA:71,1
DA:73,1
DA:79,1
DA:80,1
DA:83,2
DA:84,2
DA:85,2
DA:87,2
DA:88,2
DA:97,2
DA:98,2
DA:102,1
DA:103,1
DA:108,1
DA:110,1
DA:111,1
DA:114,1
DA:115,0
DA:118,1
LF:52
LH:45
BRDA:32,0,0,0
BRDA:32,1,0,0
BRDA:32,2,0,1
BRDA:32,2,1,0
BRDA:33,3,0,0
BRDA:33,3,1,1
BRDA:33,4,0,0
BRDA:33,4,1,1
BRDA:34,5,0,0
BRDA:34,5,1,1
BRDA:34,6,0,0
BRDA:34,6,1,1
BRDA:37,7,0,1
BRDA:37,7,1,0
BRDA:39,8,0,0
BRDA:39,9,0,2
BRDA:39,9,1,2
BRDA:43,10,0,0
BRDA:43,11,0,2
BRDA:43,11,1,2
BRDA:54,12,0,0
BRDA:54,12,1,3
BRDA:56,13,0,0
BRDA:85,14,0,0
BRDA:85,15,0,2
BRDA:85,15,1,0
BRDA:110,16,0,1
BRDA:114,17,0,0
BRF:28
BRH:13
end_of_record
TN:
SF:@cli/tidy-cli/src/services/logger.ts
FNF:0
FNH:0
DA:1,3
DA:3,3
LF:2
LH:2
BRF:0
BRH:0
end_of_record
TN:
SF:@cli/tidy-cli/src/utils/findSiblingsVersion.ts
FN:5,(anonymous_0)
FN:5,(anonymous_1)
FNF:2
FNH:2
FNDA:3,(anonymous_0)
FNDA:3,(anonymous_1)
DA:1,2
DA:2,2
DA:3,2
DA:5,3
DA:6,3
DA:7,3
DA:8,3
DA:9,0
DA:10,0
DA:15,3
DA:16,3
DA:17,0
DA:18,0
DA:19,0
DA:20,0
DA:21,0
DA:22,0
DA:26,0
DA:32,3
LF:19
LH:10
BRDA:19,0,0,0
BRDA:21,1,0,0
BRF:2
BRH:0
end_of_record
TN:
SF:@feature/feature-prepare/src/findTsConfig.ts
FN:21,(anonymous_0)
FN:21,(anonymous_1)
FNF:2
FNH:2
FNDA:9,(anonymous_0)
FNDA:9,(anonymous_1)
DA:1,3
DA:2,3
DA:21,9
DA:22,9
DA:23,9
DA:24,1
DA:27,8
DA:28,8
DA:29,8
DA:30,6
DA:33,2
DA:34,1
DA:37,1
LF:13
LH:13
BRDA:22,0,0,6
BRDA:22,1,0,9
BRDA:22,1,1,6
BRDA:23,2,0,1
BRDA:29,3,0,6
BRDA:33,4,0,1
BRF:6
BRH:6
end_of_record
TN:
SF:@feature/feature-prepare/src/prepare.ts
FN:25,(anonymous_0)
FN:25,(anonymous_1)
FN:32,(anonymous_2)
FN:60,(anonymous_3)
FNF:4
FNH:4
FNDA:3,(anonymous_0)
FNDA:3,(anonymous_1)
FNDA:57,(anonymous_2)
FNDA:6,(anonymous_3)
DA:1,2
DA:2,2
DA:3,2
DA:4,2
DA:5,2
DA:6,2
DA:25,3
DA:26,3
DA:27,3
DA:29,3
DA:30,3
DA:32,57
DA:33,3
DA:34,3
DA:36,3
DA:37,3
DA:38,3
DA:40,3
DA:41,3
DA:42,3
DA:44,3
DA:45,1
DA:46,1
DA:47,1
DA:51,3
DA:55,3
DA:56,3
DA:59,1
DA:60,6
DA:63,1
DA:68,2
LF:31
LH:31
BRDA:26,0,0,2
BRDA:26,1,0,3
BRDA:26,1,1,2
BRDA:27,2,0,3
BRDA:27,3,0,3
BRDA:27,3,1,2
BRDA:29,4,0,3
BRDA:29,4,1,0
BRDA:33,5,0,3
BRDA:34,6,0,3
BRDA:37,7,0,3
BRDA:37,7,1,0
BRDA:38,8,0,0
BRDA:38,8,1,3
BRDA:40,9,0,3
BRDA:44,10,0,1
BRDA:59,11,0,1
BRDA:59,11,1,0
BRDA:59,12,0,1
BRDA:59,12,1,1
BRDA:59,13,0,0
BRDA:59,13,1,1
BRDA:59,14,0,1
BRDA:59,14,1,1
BRF:24
BRH:19
end_of_record
TN:
SF:@feature/feature-pretty/src/createPretty.ts
FN:9,(anonymous_0)
FN:20,(anonymous_1)
FN:21,(anonymous_2)
FNF:3
FNH:3
FNDA:3,(anonymous_0)
FNDA:15,(anonymous_1)
FNDA:20,(anonymous_2)
DA:1,4
DA:9,4
DA:10,3
DA:17,3
DA:19,3
DA:21,15
DA:22,20
DA:23,20
DA:26,15
LF:9
LH:9
BRDA:21,0,0,0
BRF:1
BRH:0
end_of_record
TN:
SF:@feature/feature-pretty/src/index.ts
FNF:0
FNH:0
DA:1,1
DA:2,1
DA:3,1
DA:4,1
LF:4
LH:4
BRF:0
BRH:0
end_of_record
TN:
SF:@feature/feature-pretty/src/logger.ts
FN:19,(anonymous_0)
FN:22,(anonymous_1)
FNF:2
FNH:1
FNDA:0,(anonymous_0)
FNDA:3,(anonymous_1)
DA:1,4
DA:4,4
DA:7,4
DA:10,4
DA:13,4
DA:16,4
DA:19,4
DA:22,4
LF:8
LH:8
BRDA:22,0,0,0
BRDA:22,0,1,3
BRF:2
BRH:1
end_of_record
TN:
SF:@feature/feature-pretty/src/pretty.ts
FN:5,(anonymous_0)
FNF:1
FNH:1
FNDA:20,(anonymous_0)
DA:1,4
DA:5,4
DA:6,20
DA:7,20
DA:8,20
DA:9,20
DA:10,20
DA:11,20
LF:8
LH:8
BRDA:6,0,0,20
BRDA:6,0,1,0
BRDA:7,1,0,5
BRDA:7,1,1,15
BRDA:10,2,0,5
BRDA:10,2,1,15
BRDA:11,3,0,20
BRDA:11,3,1,0
BRF:8
BRH:6
end_of_record
TN:
SF:@feature/feature-pretty/src/registerPretty.ts
FN:19,(anonymous_0)
FN:19,(anonymous_1)
FNF:2
FNH:2
FNDA:20,(anonymous_0)
FNDA:20,(anonymous_1)
DA:1,4
DA:2,4
DA:6,4
DA:19,20
DA:20,20
DA:21,20
DA:22,20
DA:23,20
DA:25,20
DA:26,20
DA:28,17
DA:31,20
LF:12
LH:12
BRDA:6,0,0,0
BRDA:6,0,1,4
BRDA:6,1,0,1
BRDA:6,1,1,3
BRDA:20,2,0,16
BRDA:20,3,0,16
BRDA:20,4,0,20
BRDA:20,4,1,4
BRDA:21,5,0,20
BRDA:21,5,1,0
BRDA:21,6,0,0
BRDA:21,7,0,0
BRDA:21,7,1,0
BRDA:23,8,0,12
BRDA:23,8,1,8
BRDA:25,9,0,20
BRDA:25,9,1,0
BRDA:26,10,0,17
BRDA:26,11,0,20
BRDA:26,11,1,4
BRF:20
BRH:14
end_of_record
TN:
SF:@feature/feature-readme/src/compileSnippets.ts
FN:27,(anonymous_0)
FN:27,(anonymous_1)
FN:30,(anonymous_2)
FN:30,(anonymous_3)
FN:41,(anonymous_4)
FN:53,(anonymous_5)
FN:54,(anonymous_6)
FNF:7
FNH:7
FNDA:3,(anonymous_0)
FNDA:3,(anonymous_1)
FNDA:3,(anonymous_2)
FNDA:3,(anonymous_3)
FNDA:2,(anonymous_4)
FNDA:2,(anonymous_5)
FNDA:2,(anonymous_6)
DA:1,1
DA:2,1
DA:27,3
DA:28,3
DA:29,3
DA:30,3
DA:31,3
DA:32,3
DA:33,1
DA:36,2
DA:37,2
DA:41,2
DA:42,2
DA:43,2
DA:48,3
DA:49,3
DA:50,1
DA:53,2
DA:54,2
DA:55,2
LF:20
LH:20
BRDA:32,0,0,1
BRDA:36,1,0,2
BRDA:49,2,0,1
BRF:3
BRH:3
end_of_record
TN:
SF:@feature/feature-readme/src/lookupFile.ts
FN:5,(anonymous_0)
FN:5,(anonymous_1)
FNF:2
FNH:2
FNDA:6,(anonymous_0)
FNDA:6,(anonymous_1)
DA:1,2
DA:2,2
DA:5,6
DA:6,6
DA:7,6
DA:8,6
DA:9,6
DA:10,6
DA:11,4
LF:9
LH:9
BRDA:10,0,0,4
BRF:1
BRH:1
end_of_record
TN:
SF:@feature/feature-readme/src/renderStore.ts
FN:13,(anonymous_0)
FN:15,(anonymous_1)
FN:17,(anonymous_2)
FN:19,(anonymous_3)
FN:21,(anonymous_4)
FN:21,(anonymous_5)
FN:26,(anonymous_6)
FN:26,(anonymous_7)
FNF:8
FNH:7
FNDA:2,(anonymous_0)
FNDA:2,(anonymous_1)
FNDA:3,(anonymous_2)
FNDA:0,(anonymous_3)
FNDA:2,(anonymous_4)
FNDA:2,(anonymous_5)
FNDA:2,(anonymous_6)
FNDA:2,(anonymous_7)
DA:1,1
DA:2,1
DA:11,1
DA:13,2
DA:15,2
DA:17,3
DA:19,1
DA:21,2
DA:22,2
DA:23,2
DA:26,2
DA:27,2
DA:28,2
DA:29,2
LF:14
LH:14
BRF:0
BRH:0
end_of_record
TN:
SF:@feature/feature-updater/src/getPackageSource.ts
FN:5,(anonymous_0)
FN:5,(anonymous_1)
FNF:2
FNH:2
FNDA:2,(anonymous_0)
FNDA:2,(anonymous_1)
DA:1,1
DA:2,1
DA:5,2
DA:6,2
DA:7,1
DA:10,1
DA:11,1
DA:12,1
LF:8
LH:8
BRDA:6,0,0,1
BRF:1
BRH:1
end_of_record
TN:
SF:@feature/feature-updater/src/shouldUpdate.ts
FN:16,(anonymous_0)
FN:16,(anonymous_1)
FNF:2
FNH:2
FNDA:1,(anonymous_0)
FNDA:1,(anonymous_1)
DA:1,1
DA:2,1
DA:3,1
DA:16,1
DA:17,1
DA:20,1
DA:27,1
DA:30,1
DA:32,1
LF:9
LH:9
BRDA:17,0,0,0
BRDA:17,1,0,1
BRDA:17,1,1,0
BRDA:20,2,0,1
BRDA:20,2,1,1
BRF:5
BRH:3
end_of_record
TN:
SF:@feature/feature-updater/src/utils/diff.ts
FN:3,(anonymous_0)
FNF:1
FNH:1
FNDA:317,(anonymous_0)
DA:1,3
DA:3,3
DA:4,317
DA:5,317
DA:7,317
DA:8,1
DA:12,316
DA:13,72
DA:14,29
DA:17,43
DA:21,244
DA:22,155
DA:23,67
DA:26,88
DA:30,89
DA:31,47
DA:32,23
DA:35,24
DA:38,42
LF:19
LH:19
BRDA:7,0,0,1
BRDA:7,1,0,317
BRDA:7,1,1,316
BRDA:12,2,0,72
BRDA:13,3,0,29
BRDA:21,4,0,155
BRDA:22,5,0,67
BRDA:30,6,0,47
BRDA:31,7,0,23
BRF:9
BRH:9
end_of_record
TN:
SF:@feature/feature-updater/src/utils/latest.ts
FN:27,(anonymous_0)
FN:42,(anonymous_1)
FN:42,(anonymous_2)
FN:62,(anonymous_3)
FN:63,(anonymous_4)
FN:63,(anonymous_5)
FN:85,(anonymous_6)
FN:110,(anonymous_7)
FN:121,(anonymous_8)
FN:128,(anonymous_9)
FNF:10
FNH:8
FNDA:28,(anonymous_0)
FNDA:28,(anonymous_1)
FNDA:28,(anonymous_2)
FNDA:28,(anonymous_3)
FNDA:28,(anonymous_4)
FNDA:28,(anonymous_5)
FNDA:364,(anonymous_6)
FNDA:35,(anonymous_7)
FNDA:0,(anonymous_8)
FNDA:0,(anonymous_9)
DA:1,2
DA:2,2
DA:3,2
DA:4,2
DA:7,2
DA:10,2
DA:17,2
DA:24,2
DA:27,28
DA:42,28
DA:43,28
DA:46,28
DA:47,28
DA:48,28
DA:49,0
DA:52,28
DA:53,28
DA:54,0
DA:57,28
DA:58,0
DA:59,0
DA:62,28
DA:63,28
DA:65,28
DA:67,28
DA:69,0
DA:70,0
DA:71,0
DA:74,28
DA:75,28
DA:76,28
DA:78,0
DA:79,0
DA:83,28
DA:85,28
DA:87,364
DA:88,56
DA:91,308
DA:92,251
DA:96,57
DA:97,12
DA:101,45
DA:102,45
DA:103,1
DA:106,44
DA:110,35
DA:112,28
DA:114,28
DA:117,28
DA:118,28
DA:121,28
DA:122,0
DA:123,0
DA:126,28
DA:127,28
DA:128,0
LF:56
LH:44
BRDA:43,0,0,0
BRDA:43,1,0,26
BRDA:43,2,0,0
BRDA:43,3,0,28
BRDA:43,4,0,28
BRDA:43,4,1,0
BRDA:48,5,0,0
BRDA:52,6,0,28
BRDA:52,6,1,28
BRDA:53,7,0,0
BRDA:57,8,0,0
BRDA:65,9,0,28
BRDA:65,9,1,28
BRDA:67,10,0,0
BRDA:87,11,0,56
BRDA:91,12,0,251
BRDA:96,13,0,12
BRDA:102,14,0,1
BRDA:102,15,0,45
BRDA:102,15,1,45
BRDA:112,16,0,28
BRDA:112,16,1,6
BRDA:112,17,0,0
BRDA:112,17,1,28
BRDA:112,18,0,28
BRDA:112,18,1,28
BRDA:126,19,0,28
BRDA:126,19,1,0
BRF:28
BRH:19
end_of_record
TN:
SF:@lib/mock-lib/src/index.ts
FNF:0
FNH:0
DA:1,1
DA:2,1
DA:3,1
LF:3
LH:3
BRF:0
BRH:0
end_of_record
TN:
SF:@lib/mock-lib/src/mockExec.ts
FN:8,(anonymous_0)
FN:9,(anonymous_1)
FN:15,(anonymous_2)
FN:17,(anonymous_3)
FN:19,(anonymous_4)
FN:32,(anonymous_5)
FNF:6
FNH:6
FNDA:1,(anonymous_0)
FNDA:1,(anonymous_1)
FNDA:1,(anonymous_2)
FNDA:1,(anonymous_3)
FNDA:1,(anonymous_4)
FNDA:1,(anonymous_5)
DA:8,1
DA:9,1
DA:15,1
DA:16,1
DA:17,1
DA:19,1
DA:20,1
DA:21,1
DA:24,1
DA:25,1
DA:29,1
DA:32,1
DA:33,1
DA:36,1
LF:14
LH:14
BRDA:20,0,0,1
BRDA:24,1,0,1
BRF:2
BRH:2
end_of_record
TN:
SF:@lib/mock-lib/src/mockLatest.ts
FN:1,(anonymous_0)
FN:2,(anonymous_1)
FN:3,(anonymous_2)
FNF:3
FNH:0
FNDA:0,(anonymous_0)
FNDA:0,(anonymous_1)
FNDA:0,(anonymous_2)
DA:1,1
DA:2,0
DA:3,0
DA:4,0
DA:6,0
LF:5
LH:1
BRF:0
BRH:0
end_of_record
TN:
SF:@lib/mock-lib/src/mockWebpack.ts
FN:5,(anonymous_0)
FN:5,(anonymous_1)
FN:24,(anonymous_2)
FN:30,(anonymous_3)
FN:31,(anonymous_4)
FN:37,(anonymous_5)
FNF:6
FNH:0
FNDA:0,(anonymous_0)
FNDA:0,(anonymous_1)
FNDA:0,(anonymous_2)
FNDA:0,(anonymous_3)
FNDA:0,(anonymous_4)
FNDA:0,(anonymous_5)
DA:1,1
DA:3,1
DA:5,1
DA:6,0
DA:8,0
DA:19,0
DA:20,0
DA:23,0
DA:25,0
DA:26,0
DA:30,0
DA:31,0
DA:32,0
DA:33,0
DA:34,0
DA:37,0
DA:38,0
DA:39,0
DA:40,0
DA:43,0
LF:20
LH:3
BRDA:6,0,0,0
BRDA:32,1,0,0
BRDA:32,2,0,0
BRDA:32,2,1,0
BRDA:33,3,0,0
BRDA:33,3,1,0
BRDA:38,4,0,0
BRF:7
BRH:0
end_of_record
TN:
SF:@lib/mock-server-lib/src/index.ts
FNF:0
FNH:0
DA:1,1
DA:2,1
DA:4,1
LF:3
LH:3
BRF:0
BRH:0
end_of_record
TN:
SF:@lib/mock-server-lib/src/handlers/demo.ts
FN:5,(anonymous_0)
FNF:1
FNH:1
FNDA:1,(anonymous_0)
DA:1,1
DA:4,1
DA:6,1
LF:3
LH:3
BRF:0
BRH:0
end_of_record
TN:
SF:@lib/mock-server-lib/src/handlers/index.ts
FNF:0
FNH:0
DA:3,1
DA:5,1
LF:2
LH:2
BRF:0
BRH:0
end_of_record
TN:
SF:@lib/shell-lib/src/creators/createCommonExcutor.ts
FN:3,(anonymous_0)
FNF:1
FNH:1
FNDA:7,(anonymous_0)
DA:1,3
DA:3,7
LF:2
LH:2
BRF:0
BRH:0
end_of_record
TN:
SF:@lib/shell-lib/src/creators/createExcutor.ts
FN:28,(anonymous_0)
FN:29,(anonymous_1)
FN:33,(anonymous_2)
FN:34,(anonymous_3)
FN:34,(anonymous_4)
FN:35,(anonymous_5)
FN:50,(anonymous_6)
FN:53,(anonymous_7)
FN:54,(anonymous_8)
FN:55,(anonymous_9)
FN:65,(anonymous_10)
FNF:11
FNH:11
FNDA:18,(anonymous_0)
FNDA:22,(anonymous_1)
FNDA:21,(anonymous_2)
FNDA:21,(anonymous_3)
FNDA:21,(anonymous_4)
FNDA:19,(anonymous_5)
FNDA:21,(anonymous_6)
FNDA:15,(anonymous_7)
FNDA:15,(anonymous_8)
FNDA:15,(anonymous_9)
FNDA:15,(anonymous_10)
DA:2,15
DA:28,15
DA:29,18
DA:33,22
DA:34,21
DA:35,21
DA:36,21
DA:42,21
DA:43,21
DA:46,21
DA:50,22
DA:51,22
DA:53,22
DA:54,15
DA:55,15
DA:56,15
DA:57,15
DA:58,15
DA:61,15
DA:65,22
DA:66,22
DA:68,22
DA:69,22
LF:23
LH:23
BRDA:35,0,0,21
BRDA:35,0,1,2
BRDA:42,1,0,9
BRDA:42,1,1,12
BRDA:55,2,0,15
BRDA:55,2,1,0
BRDA:57,3,0,7
BRDA:57,3,1,8
BRF:8
BRH:7
end_of_record
TN:
SF:@lib/shell-lib/src/creators/createGitExcutor.ts
FN:4,(anonymous_0)
FNF:1
FNH:1
FNDA:17,(anonymous_0)
DA:1,8
DA:2,8
DA:4,8
DA:5,17
DA:6,16
LF:5
LH:5
BRDA:5,0,0,16
BRF:1
BRH:1
end_of_record
TN:
SF:@lib/shell-lib/src/creators/createYarnExcutor.ts
FN:4,(anonymous_0)
FNF:1
FNH:1
FNDA:7,(anonymous_0)
DA:1,3
DA:2,3
DA:4,3
DA:5,7
DA:6,6
LF:5
LH:5
BRDA:5,0,0,6
BRF:1
BRH:1
end_of_record
TN:
SF:@lib/shell-lib/src/git/gitChangedFiles.ts
FN:3,(anonymous_0)
FN:6,(anonymous_1)
FN:10,(anonymous_2)
FNF:3
FNH:3
FNDA:2,(anonymous_0)
FNDA:2,(anonymous_1)
FNDA:2,(anonymous_2)
DA:1,1
DA:3,2
DA:6,1
DA:7,2
DA:10,2
LF:5
LH:5
BRDA:7,0,0,0
BRDA:7,0,1,2
BRDA:7,1,0,2
BRDA:7,1,1,2
BRDA:7,2,0,0
BRDA:7,2,1,2
BRDA:7,3,0,2
BRDA:7,3,1,2
BRDA:7,4,0,0
BRDA:7,4,1,2
BRDA:7,5,0,2
BRDA:7,5,1,2
BRF:12
BRH:9
end_of_record
TN:
SF:@lib/shell-lib/src/git/gitClone.ts
FN:8,(anonymous_0)
FNF:1
FNH:1
FNDA:2,(anonymous_0)
DA:1,1
DA:8,2
DA:11,1
LF:3
LH:3
BRF:0
BRH:0
end_of_record
TN:
SF:@lib/shell-lib/src/git/gitCommitHash.ts
FN:3,(anonymous_0)
FNF:1
FNH:1
FNDA:2,(anonymous_0)
DA:1,1
DA:3,2
DA:6,1
LF:3
LH:3
BRF:0
BRH:0
end_of_record
TN:
SF:@lib/shell-lib/src/git/gitContributors.ts
FN:3,(anonymous_0)
FN:6,(anonymous_1)
FN:8,(anonymous_2)
FN:17,(anonymous_3)
FN:19,(anonymous_4)
FN:20,(anonymous_5)
FN:22,(anonymous_6)
FNF:7
FNH:7
FNDA:2,(anonymous_0)
FNDA:2,(anonymous_1)
FNDA:4,(anonymous_2)
FNDA:4,(anonymous_3)
FNDA:2,(anonymous_4)
FNDA:4,(anonymous_5)
FNDA:6,(anonymous_6)
DA:1,1
DA:3,2
DA:6,1
DA:7,2
DA:8,2
DA:9,4
DA:10,4
DA:11,4
DA:12,4
DA:13,4
DA:17,4
DA:18,2
DA:19,2
DA:22,6
DA:23,4
LF:15
LH:15
BRF:0
BRH:0
end_of_record
TN:
SF:@lib/shell-lib/src/git/gitRepoHash.ts
FN:5,(anonymous_0)
FN:8,(anonymous_1)
FNF:2
FNH:2
FNDA:2,(anonymous_0)
FNDA:2,(anonymous_1)
DA:1,1
DA:2,1
DA:3,1
DA:5,2
DA:8,1
DA:9,2
DA:10,2
LF:7
LH:7
BRF:0
BRH:0
end_of_record
TN:
SF:@lib/shell-lib/src/git/gitRepoUrl.ts
FN:3,(anonymous_0)
FN:5,(anonymous_1)
FNF:2
FNH:2
FNDA:2,(anonymous_0)
FNDA:4,(anonymous_1)
DA:1,2
DA:3,2
DA:5,2
DA:6,4
DA:7,4
DA:8,4
DA:11,2
LF:7
LH:7
BRF:0
BRH:0
end_of_record
TN:
SF:@lib/shell-lib/src/git/gitRootPath.ts
FN:3,(anonymous_0)
FNF:1
FNH:1
FNDA:2,(anonymous_0)
DA:1,1
DA:3,2
DA:6,1
LF:3
LH:3
BRF:0
BRH:0
end_of_record
TN:
SF:@lib/shell-lib/src/helpers/execute.ts
FN:8,(anonymous_0)
FN:9,(anonymous_1)
FN:15,(anonymous_2)
FN:16,(anonymous_3)
FN:18,(anonymous_4)
FN:34,(anonymous_5)
FNF:6
FNH:5
FNDA:20,(anonymous_0)
FNDA:20,(anonymous_1)
FNDA:0,(anonymous_2)
FNDA:20,(anonymous_3)
FNDA:20,(anonymous_4)
FNDA:16,(anonymous_5)
DA:1,16
DA:8,16
DA:9,20
DA:10,20
DA:11,20
DA:12,20
DA:13,20
DA:15,20
DA:16,20
DA:18,20
DA:19,20
DA:20,0
DA:21,0
DA:24,20
DA:34,16
DA:35,16
DA:36,16
DA:37,16
DA:39,0
LF:19
LH:16
BRDA:19,0,0,0
BRF:1
BRH:0
end_of_record
TN:
SF:@lib/shell-lib/src/npm/npmDeclaredDependencies.ts
FN:9,(anonymous_0)
FN:16,(anonymous_1)
FN:21,(anonymous_2)
FNF:3
FNH:3
FNDA:3,(anonymous_0)
FNDA:3,(anonymous_1)
FNDA:6,(anonymous_2)
DA:1,2
DA:9,3
DA:16,2
DA:17,3
DA:18,3
DA:19,3
DA:20,3
DA:21,3
DA:22,6
DA:23,6
DA:24,6
DA:25,0
DA:28,6
DA:29,6
DA:30,6
DA:33,0
LF:16
LH:14
BRDA:24,0,0,0
BRF:1
BRH:0
end_of_record
TN:
SF:@lib/shell-lib/src/npm/npmDeclaredParents.ts
FN:5,(anonymous_0)
FN:7,(anonymous_1)
FN:8,(anonymous_2)
FN:20,(anonymous_3)
FN:23,(anonymous_4)
FN:31,(anonymous_5)
FN:31,(anonymous_6)
FN:34,(anonymous_7)
FN:35,(anonymous_8)
FN:35,(anonymous_9)
FNF:10
FNH:10
FNDA:2,(anonymous_0)
FNDA:4,(anonymous_1)
FNDA:6,(anonymous_2)
FNDA:6,(anonymous_3)
FNDA:2,(anonymous_4)
FNDA:2,(anonymous_5)
FNDA:3,(anonymous_6)
FNDA:1,(anonymous_7)
FNDA:2,(anonymous_8)
FNDA:3,(anonymous_9)
DA:1,1
DA:3,1
DA:5,2
DA:7,1
DA:8,4
DA:9,6
DA:10,6
DA:11,6
DA:12,6
DA:13,2
DA:16,4
DA:17,4
DA:20,6
DA:23,1
DA:24,2
DA:25,2
DA:26,2
DA:28,2
DA:30,1
DA:31,3
DA:34,1
DA:35,3
LF:22
LH:22
BRDA:7,0,0,2
BRDA:8,1,0,4
BRDA:8,1,1,0
BRDA:10,2,0,2
BRDA:10,2,1,4
BRDA:12,3,0,2
BRDA:28,4,0,1
BRF:7
BRH:6
end_of_record
TN:
SF:@lib/shell-lib/src/yarn/yarnRegistryUrl.ts
FN:3,(anonymous_0)
FNF:1
FNH:1
FNDA:2,(anonymous_0)
DA:1,1
DA:3,2
DA:6,1
LF:3
LH:3
BRF:0
BRH:0
end_of_record
TN:
SF:@lib/shell-lib/src/yarn/yarnWorkspaces.ts
FN:3,(anonymous_0)
FN:12,(anonymous_1)
FN:15,(anonymous_2)
FNF:3
FNH:3
FNDA:2,(anonymous_0)
FNDA:2,(anonymous_1)
FNDA:2,(anonymous_2)
DA:1,1
DA:3,2
DA:12,1
DA:13,2
DA:14,2
DA:15,2
LF:6
LH:6
BRF:0
BRH:0
end_of_record
TN:
SF:@lib/util-lib/src/finder/findWorkspaceRootPath.ts
FN:8,(anonymous_0)
FN:8,(anonymous_1)
FNF:2
FNH:2
FNDA:4,(anonymous_0)
FNDA:4,(anonymous_1)
DA:1,1
DA:2,1
DA:8,4
DA:9,4
DA:10,4
DA:11,4
DA:12,6
DA:13,6
DA:14,6
DA:15,6
DA:16,5
DA:17,5
DA:18,4
LF:13
LH:13
BRDA:9,0,0,0
BRDA:9,1,0,4
BRDA:9,1,1,0
BRDA:15,2,0,5
BRDA:17,3,0,4
BRDA:17,4,0,5
BRDA:17,4,1,4
BRF:7
BRH:5
end_of_record
TN:
SF:@vite-plugin/vite-plugin-seed/src/vitePlugin.ts
FN:7,(anonymous_0)
FN:23,(anonymous_1)
FN:23,(anonymous_2)
FN:27,(anonymous_3)
FN:35,(anonymous_5)
FN:42,(anonymous_6)
FN:44,(anonymous_8)
FN:54,(anonymous_9)
FNF:8
FNH:3
FNDA:3,(anonymous_0)
FNDA:2,(anonymous_1)
FNDA:2,(anonymous_2)
FNDA:0,(anonymous_3)
FNDA:0,(anonymous_5)
FNDA:0,(anonymous_6)
FNDA:0,(anonymous_8)
FNDA:0,(anonymous_9)
DA:1,1
DA:2,1
DA:3,1
DA:6,1
DA:7,3
DA:16,1
DA:19,1
DA:22,1
DA:23,2
DA:24,2
DA:27,2
DA:28,0
DA:29,0
DA:32,0
DA:34,0
DA:35,0
DA:36,0
DA:37,0
DA:42,2
DA:43,0
DA:44,0
DA:45,0
DA:47,0
DA:53,2
DA:55,0
LF:25
LH:13
BRDA:28,0,0,0
BRDA:43,1,0,0
BRDA:43,2,0,0
BRDA:43,2,1,0
BRDA:45,3,0,0
BRF:5
BRH:0
end_of_record
TN:
SF:@vite-plugin/vite-plugin-seed/src/creators/createHelpers.ts
FN:1,(anonymous_0)
FN:4,(anonymous_1)
FN:8,(anonymous_2)
FN:10,(anonymous_3)
FNF:4
FNH:1
FNDA:3,(anonymous_0)
FNDA:0,(anonymous_1)
FNDA:0,(anonymous_2)
FNDA:0,(anonymous_3)
DA:1,1
DA:2,3
DA:4,3
DA:5,0
DA:8,3
DA:9,0
DA:10,0
DA:11,0
DA:12,0
DA:13,0
DA:16,0
DA:19,3
LF:12
LH:5
BRDA:10,0,0,0
BRDA:10,0,1,0
BRDA:11,1,0,0
BRF:3
BRH:0
end_of_record
TN:
SF:@vite-plugin/vite-plugin-seed/src/creators/createVitePlugin.ts
FN:47,(anonymous_0)
FN:48,(anonymous_1)
FN:49,(anonymous_2)
FN:60,(anonymous_3)
FN:64,(anonymous_4)
FN:74,(anonymous_5)
FN:75,(anonymous_6)
FN:76,(anonymous_7)
FNF:8
FNH:8
FNDA:4,(anonymous_0)
FNDA:4,(anonymous_1)
FNDA:5,(anonymous_2)
FNDA:3,(anonymous_3)
FNDA:1,(anonymous_4)
FNDA:4,(anonymous_5)
FNDA:4,(anonymous_6)
FNDA:5,(anonymous_7)
DA:1,2
DA:47,2
DA:48,4
DA:49,4
DA:50,5
DA:51,5
DA:54,5
DA:57,4
DA:60,4
DA:61,3
DA:64,4
DA:65,1
DA:66,1
DA:67,1
DA:70,4
DA:74,2
DA:75,4
DA:76,4
DA:77,5
DA:79,5
DA:81,5
DA:83,5
DA:85,5
LF:23
LH:23
BRDA:47,0,0,1
BRDA:50,1,0,5
BRDA:64,2,0,0
BRF:3
BRH:2
end_of_record
TN:
SF:@vite-plugin/vite-plugin-seed/src/creators/index.ts
FNF:0
FNH:0
DA:1,1
DA:2,1
LF:2
LH:2
BRF:0
BRH:0
end_of_record
TN:
SF:@webpack-plugin/crx-manifest-webpack-plugin/src/CrxManifestWebpackPlugin.ts
FN:53,(anonymous_0)
FN:71,(anonymous_1)
FN:73,(anonymous_2)
FN:74,(anonymous_3)
FN:74,(anonymous_4)
FN:76,(anonymous_5)
FN:81,(anonymous_6)
FN:104,(anonymous_7)
FN:105,(anonymous_8)
FN:119,(anonymous_9)
FNF:10
FNH:8
FNDA:2,(anonymous_0)
FNDA:1,(anonymous_1)
FNDA:1,(anonymous_2)
FNDA:1,(anonymous_3)
FNDA:1,(anonymous_4)
FNDA:1,(anonymous_5)
FNDA:3,(anonymous_6)
FNDA:0,(anonymous_7)
FNDA:0,(anonymous_8)
FNDA:1,(anonymous_9)
DA:1,1
DA:2,1
DA:3,1
DA:5,1
DA:45,1
DA:46,1
DA:54,2
DA:56,2
DA:57,2
DA:58,2
DA:59,2
DA:62,2
DA:63,2
DA:72,1
DA:73,1
DA:74,1
DA:75,1
DA:76,1
DA:77,1
DA:78,1
DA:81,1
DA:82,3
DA:83,3
DA:84,3
DA:87,1
DA:88,0
DA:94,1
DA:95,0
DA:101,1
DA:102,0
DA:103,0
DA:104,0
DA:105,0
DA:107,0
DA:118,1
DA:119,1
DA:120,1
DA:121,1
DA:130,1
DA:131,1
LF:40
LH:33
BRDA:56,0,0,2
BRDA:56,0,1,2
BRDA:57,1,0,2
BRDA:57,1,1,2
BRDA:58,2,0,2
BRDA:58,2,1,2
BRDA:59,3,0,2
BRDA:59,3,1,2
BRDA:87,4,0,0
BRDA:89,5,0,0
BRDA:89,5,1,0
BRDA:94,6,0,0
BRDA:96,7,0,0
BRDA:96,7,1,0
BRDA:101,8,0,0
BRDA:108,9,0,0
BRDA:108,9,1,0
BRDA:108,10,0,0
BRDA:108,10,1,0
BRDA:108,11,0,0
BRDA:108,11,1,0
BRDA:120,12,0,1
BRDA:120,13,0,1
BRDA:120,13,1,1
BRDA:122,14,0,1
BRDA:122,14,1,1
BRDA:122,15,0,0
BRDA:122,15,1,1
BRDA:122,16,0,1
BRDA:122,16,1,1
BRF:30
BRH:16
end_of_record
TN:
SF:@webpack-plugin/crx-manifest-webpack-plugin/src/constants/crx.ts
FNF:0
FNH:0
DA:2,1
DA:5,1
DA:8,1
LF:3
LH:3
BRF:0
BRH:0
end_of_record
TN:
SF:@webpack-plugin/seed-webpack-plugin/src/plugins/OutdatedWebpackPlugin.ts
FN:20,(anonymous_0)
FN:30,(anonymous_2)
FN:36,(anonymous_3)
FN:40,(anonymous_6)
FN:41,(anonymous_7)
FNF:5
FNH:3
FNDA:2,(anonymous_0)
FNDA:0,(anonymous_2)
FNDA:2,(anonymous_3)
FNDA:2,(anonymous_6)
FNDA:0,(anonymous_7)
DA:1,1
DA:2,1
DA:4,1
DA:13,1
DA:14,1
DA:22,2
DA:23,0
DA:27,2
DA:29,2
DA:30,0
DA:31,0
DA:32,0
DA:37,2
DA:40,2
DA:41,2
DA:42,0
LF:16
LH:11
BRDA:22,0,0,0
BRF:1
BRH:0
end_of_record
TN:
SF:@webpack-plugin/seed-webpack-plugin/src/plugins/SeedWebpackPlugin.ts
FN:37,(anonymous_0)
FN:42,(anonymous_1)
FN:55,(anonymous_2)
FN:57,(anonymous_3)
FN:73,(anonymous_4)
FN:86,(anonymous_5)
FN:102,(anonymous_6)
FN:107,(anonymous_7)
FN:109,(anonymous_8)
FN:124,(anonymous_9)
FN:127,(anonymous_10)
FN:137,(anonymous_11)
FNF:12
FNH:9
FNDA:14,(anonymous_0)
FNDA:6,(anonymous_1)
FNDA:0,(anonymous_2)
FNDA:0,(anonymous_3)
FNDA:3,(anonymous_4)
FNDA:0,(anonymous_5)
FNDA:4,(anonymous_6)
FNDA:4,(anonymous_7)
FNDA:3,(anonymous_8)
FNDA:2,(anonymous_9)
FNDA:2,(anonymous_10)
FNDA:2,(anonymous_11)
DA:13,1
DA:19,1
DA:38,14
DA:39,14
DA:43,6
DA:44,6
DA:45,6
DA:46,6
DA:56,0
DA:57,0
DA:58,0
DA:59,0
DA:60,0
DA:63,0
DA:74,3
DA:87,0
DA:89,0
DA:93,0
DA:103,4
DA:105,4
DA:107,4
DA:108,4
DA:109,1
DA:110,3
DA:111,3
DA:126,2
DA:127,2
DA:128,2
DA:131,2
DA:132,2
DA:138,2
DA:139,2
LF:32
LH:23
BRDA:38,0,0,0
BRDA:38,1,0,0
BRDA:38,1,1,14
BRDA:38,2,0,14
BRDA:38,2,1,14
BRDA:44,3,0,0
BRDA:44,3,1,6
BRDA:44,4,0,6
BRDA:44,4,1,0
BRDA:44,5,0,6
BRDA:44,5,1,6
BRDA:45,6,0,0
BRDA:45,6,1,6
BRDA:45,7,0,6
BRDA:45,7,1,0
BRDA:45,8,0,6
BRDA:45,8,1,6
BRDA:57,9,0,0
BRDA:57,9,1,0
BRDA:58,10,0,0
BRDA:108,11,0,1
BRDA:108,12,0,4
BRDA:108,12,1,4
BRDA:110,13,0,3
BRDA:131,14,0,2
BRDA:131,15,0,2
BRDA:131,15,1,2
BRDA:131,15,2,2
BRF:28
BRH:19
end_of_record
TN:
SF:@webpack-plugin/zip-webpack-plugin/src/ZipWebpackPlugin.ts
FN:35,(anonymous_0)
FN:45,(anonymous_1)
FN:61,(anonymous_2)
FN:71,(anonymous_3)
FN:71,(anonymous_4)
FN:72,(anonymous_5)
FN:88,(anonymous_6)
FN:88,(anonymous_7)
FN:93,(anonymous_8)
FN:95,(anonymous_9)
FN:96,(anonymous_10)
FN:98,(anonymous_11)
FN:98,(anonymous_12)
FNF:13
FNH:6
FNDA:2,(anonymous_0)
FNDA:1,(anonymous_1)
FNDA:1,(anonymous_2)
FNDA:1,(anonymous_3)
FNDA:1,(anonymous_4)
FNDA:1,(anonymous_5)
FNDA:0,(anonymous_6)
FNDA:0,(anonymous_7)
FNDA:0,(anonymous_8)
FNDA:0,(anonymous_9)
FNDA:0,(anonymous_10)
FNDA:0,(anonymous_11)
FNDA:0,(anonymous_12)
DA:1,1
DA:2,1
DA:3,1
DA:4,1
DA:28,1
DA:29,1
DA:36,2
DA:38,2
DA:39,2
DA:40,2
DA:41,2
DA:42,2
DA:46,1
DA:48,1
DA:49,1
DA:50,1
DA:57,1
DA:58,0
DA:61,1
DA:62,1
DA:63,0
DA:66,1
DA:71,1
DA:72,1
DA:73,1
DA:74,1
DA:79,1
DA:80,0
DA:85,1
DA:87,1
DA:88,0
DA:89,0
DA:93,1
DA:94,1
DA:95,0
DA:96,0
DA:97,0
DA:98,0
DA:100,0
DA:101,0
DA:102,0
DA:103,0
DA:108,1
DA:109,1
LF:44
LH:31
BRDA:38,0,0,2
BRDA:38,0,1,1
BRDA:39,1,0,1
BRDA:39,1,1,1
BRDA:39,2,0,2
BRDA:39,2,1,1
BRDA:40,3,0,0
BRDA:40,3,1,2
BRDA:40,4,0,2
BRDA:40,4,1,0
BRDA:41,5,0,0
BRDA:41,5,1,2
BRDA:42,6,0,0
BRDA:42,6,1,2
BRDA:57,7,0,0
BRDA:62,8,0,0
BRDA:73,9,0,0
BRDA:73,9,1,1
BRDA:79,10,0,0
BRDA:85,11,0,1
BRDA:85,11,1,0
BRDA:89,12,0,0
BRDA:89,12,1,0
BRDA:94,13,0,0
BRDA:100,14,0,0
BRDA:100,14,1,0
BRF:26
BRH:12
end_of_record
